running egg_info
writing ../../build/kuka_py_examples/kuka_py_examples.egg-info/PKG-INFO
writing dependency_links to ../../build/kuka_py_examples/kuka_py_examples.egg-info/dependency_links.txt
writing entry points to ../../build/kuka_py_examples/kuka_py_examples.egg-info/entry_points.txt
writing requirements to ../../build/kuka_py_examples/kuka_py_examples.egg-info/requires.txt
writing top-level names to ../../build/kuka_py_examples/kuka_py_examples.egg-info/top_level.txt
reading manifest file '../../build/kuka_py_examples/kuka_py_examples.egg-info/SOURCES.txt'
writing manifest file '../../build/kuka_py_examples/kuka_py_examples.egg-info/SOURCES.txt'
running build
running build_py
running install
running install_lib
running install_data
running install_egg_info
removing '/home/kuka/kuka_ws/install/kuka_py_examples/lib/python3.10/site-packages/kuka_py_examples-0.0.0-py3.10.egg-info' (and everything under it)
Copying ../../build/kuka_py_examples/kuka_py_examples.egg-info to /home/kuka/kuka_ws/install/kuka_py_examples/lib/python3.10/site-packages/kuka_py_examples-0.0.0-py3.10.egg-info
running install_scripts
Installing simple_publisher script to /home/kuka/kuka_ws/install/kuka_py_examples/lib/kuka_py_examples
Installing simple_subscriber script to /home/kuka/kuka_ws/install/kuka_py_examples/lib/kuka_py_examples
writing list of installed files to '/home/kuka/kuka_ws/build/kuka_py_examples/install.log'
