-- Install configuration: ""
-- Up-to-date: /home/kuka/kuka_ws/install/kuka_description/share/kuka_description/meshes
-- Up-to-date: /home/kuka/kuka_ws/install/kuka_description/share/kuka_description/meshes/link2_exp.stl
-- Up-to-date: /home/kuka/kuka_ws/install/kuka_description/share/kuka_description/meshes/link5_exp.stl
-- Up-to-date: /home/kuka/kuka_ws/install/kuka_description/share/kuka_description/meshes/link4_exp.stl
-- Up-to-date: /home/kuka/kuka_ws/install/kuka_description/share/kuka_description/meshes/link6_exp.stl
-- Up-to-date: /home/kuka/kuka_ws/install/kuka_description/share/kuka_description/meshes/link1_exp.stl
-- Up-to-date: /home/kuka/kuka_ws/install/kuka_description/share/kuka_description/meshes/link0_exp.stl
-- Up-to-date: /home/kuka/kuka_ws/install/kuka_description/share/kuka_description/meshes/link3_exp.stl
-- Up-to-date: /home/kuka/kuka_ws/install/kuka_description/share/kuka_description/urdf
-- Up-to-date: /home/kuka/kuka_ws/install/kuka_description/share/kuka_description/urdf/arduinobot.urdf.xacro
-- Installing: /home/kuka/kuka_ws/install/kuka_description/share/kuka_description/urdf/kuka.urdf.xacro
-- Up-to-date: /home/kuka/kuka_ws/install/kuka_description/share/ament_index/resource_index/package_run_dependencies/kuka_description
-- Up-to-date: /home/kuka/kuka_ws/install/kuka_description/share/ament_index/resource_index/parent_prefix_path/kuka_description
-- Up-to-date: /home/kuka/kuka_ws/install/kuka_description/share/kuka_description/environment/ament_prefix_path.sh
-- Up-to-date: /home/kuka/kuka_ws/install/kuka_description/share/kuka_description/environment/ament_prefix_path.dsv
-- Up-to-date: /home/kuka/kuka_ws/install/kuka_description/share/kuka_description/environment/path.sh
-- Up-to-date: /home/kuka/kuka_ws/install/kuka_description/share/kuka_description/environment/path.dsv
-- Up-to-date: /home/kuka/kuka_ws/install/kuka_description/share/kuka_description/local_setup.bash
-- Up-to-date: /home/kuka/kuka_ws/install/kuka_description/share/kuka_description/local_setup.sh
-- Up-to-date: /home/kuka/kuka_ws/install/kuka_description/share/kuka_description/local_setup.zsh
-- Up-to-date: /home/kuka/kuka_ws/install/kuka_description/share/kuka_description/local_setup.dsv
-- Up-to-date: /home/kuka/kuka_ws/install/kuka_description/share/kuka_description/package.dsv
-- Up-to-date: /home/kuka/kuka_ws/install/kuka_description/share/ament_index/resource_index/packages/kuka_description
-- Up-to-date: /home/kuka/kuka_ws/install/kuka_description/share/kuka_description/cmake/kuka_descriptionConfig.cmake
-- Up-to-date: /home/kuka/kuka_ws/install/kuka_description/share/kuka_description/cmake/kuka_descriptionConfig-version.cmake
-- Up-to-date: /home/kuka/kuka_ws/install/kuka_description/share/kuka_description/package.xml
