[0.048s] Invoking command in '/home/kuka/kuka_ws/build/kuka_control_box': CMAKE_PREFIX_PATH=${CMAKE_PREFIX_PATH}:/opt/ros/humble /usr/bin/cmake /home/kuka/kuka_ws/src/kuka_control_box -DAMENT_CMAKE_SYMLINK_INSTALL=1 -DCMAKE_INSTALL_PREFIX=/home/kuka/kuka_ws/install/kuka_control_box
[0.240s] -- The C compiler identification is GNU 11.4.0
[0.399s] -- The CXX compiler identification is GNU 11.4.0
[0.418s] -- Detecting C compiler ABI info
[0.614s] -- Detecting C compiler ABI info - done
[0.646s] -- Check for working C compiler: /usr/bin/cc - skipped
[0.648s] -- Detecting C compile features
[0.650s] -- Detecting C compile features - done
[0.662s] -- Detecting CXX compiler ABI info
[0.915s] -- Detecting CXX compiler ABI info - done
[0.959s] -- Check for working CXX compiler: /usr/bin/c++ - skipped
[0.959s] -- Detecting CXX compile features
[0.961s] -- Detecting CXX compile features - done
[0.969s] -- Found ament_cmake: 1.3.9 (/opt/ros/humble/share/ament_cmake/cmake)
[1.372s] -- Found Python3: /usr/bin/python3 (found version "3.10.12") found components: Interpreter 
[1.575s] -- Override CMake install command with custom implementation using symlinks instead of copying resources
[1.649s] -- Found rclcpp: 16.0.9 (/opt/ros/humble/share/rclcpp/cmake)
[1.761s] -- Found rosidl_generator_c: 3.1.5 (/opt/ros/humble/share/rosidl_generator_c/cmake)
[1.775s] -- Found rosidl_adapter: 3.1.5 (/opt/ros/humble/share/rosidl_adapter/cmake)
[1.798s] -- Found rosidl_generator_cpp: 3.1.5 (/opt/ros/humble/share/rosidl_generator_cpp/cmake)
[1.839s] -- Using all available rosidl_typesupport_c: rosidl_typesupport_fastrtps_c;rosidl_typesupport_introspection_c
[1.894s] -- Using all available rosidl_typesupport_cpp: rosidl_typesupport_fastrtps_cpp;rosidl_typesupport_introspection_cpp
[2.124s] -- Found rmw_implementation_cmake: 6.1.2 (/opt/ros/humble/share/rmw_implementation_cmake/cmake)
[2.131s] -- Found rmw_fastrtps_cpp: 6.2.6 (/opt/ros/humble/share/rmw_fastrtps_cpp/cmake)
[2.420s] -- Found OpenSSL: /usr/lib/x86_64-linux-gnu/libcrypto.so (found version "3.0.2")  
[2.495s] -- Found FastRTPS: /opt/ros/humble/include  
[2.650s] -- Using RMW implementation 'rmw_fastrtps_cpp' as default
[2.679s] -- Looking for pthread.h
[2.850s] -- Looking for pthread.h - found
[2.851s] -- Performing Test CMAKE_HAVE_LIBC_PTHREAD
[3.042s] -- Performing Test CMAKE_HAVE_LIBC_PTHREAD - Success
[3.046s] -- Found Threads: TRUE  
[3.520s] -- Found trajectory_msgs: 4.2.4 (/opt/ros/humble/share/trajectory_msgs/cmake)
[3.877s] -- Found eigen3_cmake_module: 0.1.1 (/opt/ros/humble/share/eigen3_cmake_module/cmake)
[3.894s] -- Found Eigen3: TRUE (found version "3.4.0") 
[4.068s] -- Configuring done
[4.104s] -- Generating done
[4.108s] -- Build files have been written to: /home/kuka/kuka_ws/build/kuka_control_box
[4.129s] Invoked command in '/home/kuka/kuka_ws/build/kuka_control_box' returned '0': CMAKE_PREFIX_PATH=${CMAKE_PREFIX_PATH}:/opt/ros/humble /usr/bin/cmake /home/kuka/kuka_ws/src/kuka_control_box -DAMENT_CMAKE_SYMLINK_INSTALL=1 -DCMAKE_INSTALL_PREFIX=/home/kuka/kuka_ws/install/kuka_control_box
[4.132s] Invoking command in '/home/kuka/kuka_ws/build/kuka_control_box': CMAKE_PREFIX_PATH=${CMAKE_PREFIX_PATH}:/opt/ros/humble /usr/bin/cmake --build /home/kuka/kuka_ws/build/kuka_control_box -- -j8 -l8
[4.247s] [ 16%] [32mBuilding CXX object CMakeFiles/trajectory_publisher.dir/src/trajectory_publisher.cpp.o[0m
[4.248s] [ 33%] [32mBuilding CXX object CMakeFiles/Robotics.dir/src/Robotics.cpp.o[0m
[7.049s] [01m[K/home/kuka/kuka_ws/src/kuka_control_box/src/Robotics.cpp:[m[K In function ‘[01m[KEigen::MatrixXf getBlist()[m[K’:
[7.049s] [01m[K/home/kuka/kuka_ws/src/kuka_control_box/src/Robotics.cpp:5:12:[m[K [01;35m[Kwarning: [m[Kunused variable ‘[01m[Kh1[m[K’ [[01;35m[K]8;;https://gcc.gnu.org/onlinedocs/gcc/Warning-Options.html#index-Wunused-variable-Wunused-variable]8;;[m[K]
[7.049s]     5 |     double [01;35m[Kh1[m[K = 0.0515;
[7.049s]       |            [01;35m[K^~[m[K
[14.128s] [ 50%] [32m[1mLinking CXX static library libRobotics.a[0m
[14.328s] [ 50%] Built target Robotics
[14.384s] [ 66%] [32mBuilding CXX object CMakeFiles/kuka_ik_node.dir/src/kuka_ik_node.cpp.o[0m
[14.661s] [ 83%] [32m[1mLinking CXX executable trajectory_publisher[0m
[15.172s] [ 83%] Built target trajectory_publisher
[22.738s] [100%] [32m[1mLinking CXX executable kuka_ik_node[0m
[23.232s] [100%] Built target kuka_ik_node
[23.257s] Invoked command in '/home/kuka/kuka_ws/build/kuka_control_box' returned '0': CMAKE_PREFIX_PATH=${CMAKE_PREFIX_PATH}:/opt/ros/humble /usr/bin/cmake --build /home/kuka/kuka_ws/build/kuka_control_box -- -j8 -l8
[23.329s] Invoking command in '/home/kuka/kuka_ws/build/kuka_control_box': CMAKE_PREFIX_PATH=${CMAKE_PREFIX_PATH}:/opt/ros/humble /usr/bin/cmake --install /home/kuka/kuka_ws/build/kuka_control_box
[23.346s] -- Install configuration: ""
[23.347s] -- Execute custom install script
[23.347s] -- Symlinking: /home/kuka/kuka_ws/install/kuka_control_box/lib/kuka_control_box/trajectory_publisher
[23.367s] -- Symlinking: /home/kuka/kuka_ws/install/kuka_control_box/lib/kuka_control_box/kuka_ik_node
[23.387s] -- Symlinking: /home/kuka/kuka_ws/install/kuka_control_box/lib/kuka_control_box/libRobotics.a
[23.408s] -- Symlinking: /home/kuka/kuka_ws/install/kuka_control_box/include/kuka_control_box/Robotics.h
[23.428s] -- Symlinking: /home/kuka/kuka_ws/install/kuka_control_box/share/ament_index/resource_index/package_run_dependencies/kuka_control_box
[23.448s] -- Symlinking: /home/kuka/kuka_ws/install/kuka_control_box/share/ament_index/resource_index/parent_prefix_path/kuka_control_box
[23.468s] -- Symlinking: /home/kuka/kuka_ws/install/kuka_control_box/share/kuka_control_box/environment/ament_prefix_path.sh
[23.487s] -- Symlinking: /home/kuka/kuka_ws/install/kuka_control_box/share/kuka_control_box/environment/ament_prefix_path.dsv
[23.508s] -- Symlinking: /home/kuka/kuka_ws/install/kuka_control_box/share/kuka_control_box/environment/path.sh
[23.528s] -- Symlinking: /home/kuka/kuka_ws/install/kuka_control_box/share/kuka_control_box/environment/path.dsv
[23.551s] -- Symlinking: /home/kuka/kuka_ws/install/kuka_control_box/share/kuka_control_box/local_setup.bash
[23.571s] -- Symlinking: /home/kuka/kuka_ws/install/kuka_control_box/share/kuka_control_box/local_setup.sh
[23.591s] -- Symlinking: /home/kuka/kuka_ws/install/kuka_control_box/share/kuka_control_box/local_setup.zsh
[23.611s] -- Symlinking: /home/kuka/kuka_ws/install/kuka_control_box/share/kuka_control_box/local_setup.dsv
[23.631s] -- Symlinking: /home/kuka/kuka_ws/install/kuka_control_box/share/kuka_control_box/package.dsv
[23.652s] -- Symlinking: /home/kuka/kuka_ws/install/kuka_control_box/share/ament_index/resource_index/packages/kuka_control_box
[23.674s] -- Symlinking: /home/kuka/kuka_ws/install/kuka_control_box/share/kuka_control_box/cmake/ament_cmake_export_dependencies-extras.cmake
[23.694s] -- Symlinking: /home/kuka/kuka_ws/install/kuka_control_box/share/kuka_control_box/cmake/kuka_control_boxConfig.cmake
[23.714s] -- Symlinking: /home/kuka/kuka_ws/install/kuka_control_box/share/kuka_control_box/cmake/kuka_control_boxConfig-version.cmake
[23.735s] -- Symlinking: /home/kuka/kuka_ws/install/kuka_control_box/share/kuka_control_box/package.xml
[23.761s] Invoked command in '/home/kuka/kuka_ws/build/kuka_control_box' returned '0': CMAKE_PREFIX_PATH=${CMAKE_PREFIX_PATH}:/opt/ros/humble /usr/bin/cmake --install /home/kuka/kuka_ws/build/kuka_control_box
