[1.824s] Invoking command in '/home/kuka/kuka_ws/src/kuka_py_examples': PYTHONPATH=/home/kuka/kuka_ws/build/kuka_py_examples/prefix_override:/usr/lib/python3/dist-packages/colcon_core/task/python/colcon_distutils_commands:/home/kuka/kuka_ws/install/kuka_py_examples/lib/python3.10/site-packages:${PYTHONPATH} /usr/bin/python3 -W ignore:setup.py install is deprecated setup.py egg_info --egg-base ../../build/kuka_py_examples build --build-base /home/kuka/kuka_ws/build/kuka_py_examples/build install --record /home/kuka/kuka_ws/build/kuka_py_examples/install.log --single-version-externally-managed install_data
[2.460s] running egg_info
[2.463s] writing ../../build/kuka_py_examples/kuka_py_examples.egg-info/PKG-INFO
[2.463s] writing dependency_links to ../../build/kuka_py_examples/kuka_py_examples.egg-info/dependency_links.txt
[2.464s] writing entry points to ../../build/kuka_py_examples/kuka_py_examples.egg-info/entry_points.txt
[2.464s] writing requirements to ../../build/kuka_py_examples/kuka_py_examples.egg-info/requires.txt
[2.464s] writing top-level names to ../../build/kuka_py_examples/kuka_py_examples.egg-info/top_level.txt
[2.470s] reading manifest file '../../build/kuka_py_examples/kuka_py_examples.egg-info/SOURCES.txt'
[2.473s] writing manifest file '../../build/kuka_py_examples/kuka_py_examples.egg-info/SOURCES.txt'
[2.473s] running build
[2.473s] running build_py
[2.474s] running install
[2.474s] running install_lib
[2.478s] running install_data
[2.478s] running install_egg_info
[2.481s] removing '/home/kuka/kuka_ws/install/kuka_py_examples/lib/python3.10/site-packages/kuka_py_examples-0.0.0-py3.10.egg-info' (and everything under it)
[2.482s] Copying ../../build/kuka_py_examples/kuka_py_examples.egg-info to /home/kuka/kuka_ws/install/kuka_py_examples/lib/python3.10/site-packages/kuka_py_examples-0.0.0-py3.10.egg-info
[2.484s] running install_scripts
[2.533s] Installing simple_publisher script to /home/kuka/kuka_ws/install/kuka_py_examples/lib/kuka_py_examples
[2.534s] Installing simple_subscriber script to /home/kuka/kuka_ws/install/kuka_py_examples/lib/kuka_py_examples
[2.534s] writing list of installed files to '/home/kuka/kuka_ws/build/kuka_py_examples/install.log'
[2.583s] Invoked command in '/home/kuka/kuka_ws/src/kuka_py_examples' returned '0': PYTHONPATH=/home/kuka/kuka_ws/build/kuka_py_examples/prefix_override:/usr/lib/python3/dist-packages/colcon_core/task/python/colcon_distutils_commands:/home/kuka/kuka_ws/install/kuka_py_examples/lib/python3.10/site-packages:${PYTHONPATH} /usr/bin/python3 -W ignore:setup.py install is deprecated setup.py egg_info --egg-base ../../build/kuka_py_examples build --build-base /home/kuka/kuka_ws/build/kuka_py_examples/build install --record /home/kuka/kuka_ws/build/kuka_py_examples/install.log --single-version-externally-managed install_data
