[0.047s] Invoking command in '/home/kuka/kuka_ws/build/kuka_cpp_examples': CMAKE_PREFIX_PATH=${CMAKE_PREFIX_PATH}:/home/kuka/kuka_ws/install/kuka_py_examples:/opt/ros/humble /usr/bin/cmake --build /home/kuka/kuka_ws/build/kuka_cpp_examples -- -j8 -l8
[0.174s] [100%] Built target simple_subscriber
[0.174s] [100%] Built target simple_publisher
[0.664s] Invoked command in '/home/kuka/kuka_ws/build/kuka_cpp_examples' returned '0': CMAKE_PREFIX_PATH=${CMAKE_PREFIX_PATH}:/home/kuka/kuka_ws/install/kuka_py_examples:/opt/ros/humble /usr/bin/cmake --build /home/kuka/kuka_ws/build/kuka_cpp_examples -- -j8 -l8
[0.741s] Invoking command in '/home/kuka/kuka_ws/build/kuka_cpp_examples': CMAKE_PREFIX_PATH=${CMAKE_PREFIX_PATH}:/home/kuka/kuka_ws/install/kuka_py_examples:/opt/ros/humble /usr/bin/cmake --install /home/kuka/kuka_ws/build/kuka_cpp_examples
[0.769s] -- Install configuration: ""
[0.769s] -- Up-to-date: /home/kuka/kuka_ws/install/kuka_cpp_examples/lib/kuka_cpp_examples/simple_publisher
[0.770s] -- Up-to-date: /home/kuka/kuka_ws/install/kuka_cpp_examples/lib/kuka_cpp_examples/simple_subscriber
[0.772s] -- Up-to-date: /home/kuka/kuka_ws/install/kuka_cpp_examples/share/ament_index/resource_index/package_run_dependencies/kuka_cpp_examples
[0.772s] -- Up-to-date: /home/kuka/kuka_ws/install/kuka_cpp_examples/share/ament_index/resource_index/parent_prefix_path/kuka_cpp_examples
[0.773s] -- Up-to-date: /home/kuka/kuka_ws/install/kuka_cpp_examples/share/kuka_cpp_examples/environment/ament_prefix_path.sh
[0.773s] -- Up-to-date: /home/kuka/kuka_ws/install/kuka_cpp_examples/share/kuka_cpp_examples/environment/ament_prefix_path.dsv
[0.774s] -- Up-to-date: /home/kuka/kuka_ws/install/kuka_cpp_examples/share/kuka_cpp_examples/environment/path.sh
[0.775s] -- Up-to-date: /home/kuka/kuka_ws/install/kuka_cpp_examples/share/kuka_cpp_examples/environment/path.dsv
[0.776s] -- Up-to-date: /home/kuka/kuka_ws/install/kuka_cpp_examples/share/kuka_cpp_examples/local_setup.bash
[0.776s] -- Up-to-date: /home/kuka/kuka_ws/install/kuka_cpp_examples/share/kuka_cpp_examples/local_setup.sh
[0.777s] -- Up-to-date: /home/kuka/kuka_ws/install/kuka_cpp_examples/share/kuka_cpp_examples/local_setup.zsh
[0.778s] -- Up-to-date: /home/kuka/kuka_ws/install/kuka_cpp_examples/share/kuka_cpp_examples/local_setup.dsv
[0.778s] -- Installing: /home/kuka/kuka_ws/install/kuka_cpp_examples/share/kuka_cpp_examples/package.dsv
[0.778s] -- Up-to-date: /home/kuka/kuka_ws/install/kuka_cpp_examples/share/ament_index/resource_index/packages/kuka_cpp_examples
[0.779s] -- Up-to-date: /home/kuka/kuka_ws/install/kuka_cpp_examples/share/kuka_cpp_examples/cmake/kuka_cpp_examplesConfig.cmake
[0.779s] -- Up-to-date: /home/kuka/kuka_ws/install/kuka_cpp_examples/share/kuka_cpp_examples/cmake/kuka_cpp_examplesConfig-version.cmake
[0.779s] -- Up-to-date: /home/kuka/kuka_ws/install/kuka_cpp_examples/share/kuka_cpp_examples/package.xml
[0.796s] Invoked command in '/home/kuka/kuka_ws/build/kuka_cpp_examples' returned '0': CMAKE_PREFIX_PATH=${CMAKE_PREFIX_PATH}:/home/kuka/kuka_ws/install/kuka_py_examples:/opt/ros/humble /usr/bin/cmake --install /home/kuka/kuka_ws/build/kuka_cpp_examples
