[0.445s] DEBUG:colcon:Command line arguments: ['/usr/bin/colcon', 'list', '-p', '--base-paths', '/home/kuka/kuka_ws']
[0.445s] DEBUG:colcon:Parsed command line arguments: Namespace(log_base=None, log_level=None, verb_name='list', build_base='build', ignore_user_meta=False, metas=['./colcon.meta'], base_paths=['/home/kuka/kuka_ws'], packages_ignore=None, packages_ignore_regex=None, paths=None, packages_up_to=None, packages_up_to_regex=None, packages_above=None, packages_above_and_dependencies=None, packages_above_depth=None, packages_select_by_dep=None, packages_skip_by_dep=None, packages_skip_up_to=None, packages_select_build_failed=False, packages_skip_build_finished=False, packages_select_test_failures=False, packages_skip_test_passed=False, packages_select=None, packages_skip=None, packages_select_regex=None, packages_skip_regex=None, packages_start=None, packages_end=None, allow_overriding=[], topological_order=False, names_only=False, paths_only=True, topological_graph=False, topological_graph_dot=False, topological_graph_density=False, topological_graph_legend=False, topological_graph_dot_cluster=False, topological_graph_dot_include_skipped=False, verb_parser=<colcon_defaults.argument_parser.defaults.DefaultArgumentsDecorator object at 0x762fb25391b0>, verb_extension=<colcon_package_information.verb.list.ListVerb object at 0x762fb2538940>, main=<bound method ListVerb.main of <colcon_package_information.verb.list.ListVerb object at 0x762fb2538940>>)
[1.379s] Level 1:colcon.colcon_core.package_discovery:discover_packages(colcon_meta) check parameters
[1.379s] Level 1:colcon.colcon_core.package_discovery:discover_packages(recursive) check parameters
[1.379s] Level 1:colcon.colcon_core.package_discovery:discover_packages(ignore) check parameters
[1.379s] Level 1:colcon.colcon_core.package_discovery:discover_packages(path) check parameters
[1.380s] Level 1:colcon.colcon_core.package_discovery:discover_packages(recursive) discover
[1.380s] INFO:colcon.colcon_core.package_discovery:Crawling recursively for packages in '/home/kuka/kuka_ws'
[1.380s] Level 1:colcon.colcon_core.package_identification:_identify(/home/kuka/kuka_ws) by extensions ['ignore', 'ignore_ament_install']
[1.381s] Level 1:colcon.colcon_core.package_identification:_identify(/home/kuka/kuka_ws) by extension 'ignore'
[1.381s] Level 1:colcon.colcon_core.package_identification:_identify(/home/kuka/kuka_ws) by extension 'ignore_ament_install'
[1.381s] Level 1:colcon.colcon_core.package_identification:_identify(/home/kuka/kuka_ws) by extensions ['colcon_pkg']
[1.382s] Level 1:colcon.colcon_core.package_identification:_identify(/home/kuka/kuka_ws) by extension 'colcon_pkg'
[1.382s] Level 1:colcon.colcon_core.package_identification:_identify(/home/kuka/kuka_ws) by extensions ['colcon_meta']
[1.382s] Level 1:colcon.colcon_core.package_identification:_identify(/home/kuka/kuka_ws) by extension 'colcon_meta'
[1.382s] Level 1:colcon.colcon_core.package_identification:_identify(/home/kuka/kuka_ws) by extensions ['ros']
[1.382s] Level 1:colcon.colcon_core.package_identification:_identify(/home/kuka/kuka_ws) by extension 'ros'
[1.436s] Level 1:colcon.colcon_core.package_identification:_identify(/home/kuka/kuka_ws) by extensions ['cmake', 'python']
[1.436s] Level 1:colcon.colcon_core.package_identification:_identify(/home/kuka/kuka_ws) by extension 'cmake'
[1.437s] Level 1:colcon.colcon_core.package_identification:_identify(/home/kuka/kuka_ws) by extension 'python'
[1.437s] Level 1:colcon.colcon_core.package_identification:_identify(/home/kuka/kuka_ws) by extensions ['python_setup_py']
[1.437s] Level 1:colcon.colcon_core.package_identification:_identify(/home/kuka/kuka_ws) by extension 'python_setup_py'
[1.437s] Level 1:colcon.colcon_core.package_identification:_identify(/home/kuka/kuka_ws/build) by extensions ['ignore', 'ignore_ament_install']
[1.438s] Level 1:colcon.colcon_core.package_identification:_identify(/home/kuka/kuka_ws/build) by extension 'ignore'
[1.438s] Level 1:colcon.colcon_core.package_identification:_identify(/home/kuka/kuka_ws/build) ignored
[1.440s] Level 1:colcon.colcon_core.package_identification:_identify(/home/kuka/kuka_ws/install) by extensions ['ignore', 'ignore_ament_install']
[1.440s] Level 1:colcon.colcon_core.package_identification:_identify(/home/kuka/kuka_ws/install) by extension 'ignore'
[1.441s] Level 1:colcon.colcon_core.package_identification:_identify(/home/kuka/kuka_ws/install) ignored
[1.447s] Level 1:colcon.colcon_core.package_identification:_identify(/home/kuka/kuka_ws/log) by extensions ['ignore', 'ignore_ament_install']
[1.447s] Level 1:colcon.colcon_core.package_identification:_identify(/home/kuka/kuka_ws/log) by extension 'ignore'
[1.449s] Level 1:colcon.colcon_core.package_identification:_identify(/home/kuka/kuka_ws/log) ignored
[1.450s] Level 1:colcon.colcon_core.package_identification:_identify(/home/kuka/kuka_ws/src) by extensions ['ignore', 'ignore_ament_install']
[1.450s] Level 1:colcon.colcon_core.package_identification:_identify(/home/kuka/kuka_ws/src) by extension 'ignore'
[1.450s] Level 1:colcon.colcon_core.package_identification:_identify(/home/kuka/kuka_ws/src) by extension 'ignore_ament_install'
[1.451s] Level 1:colcon.colcon_core.package_identification:_identify(/home/kuka/kuka_ws/src) by extensions ['colcon_pkg']
[1.451s] Level 1:colcon.colcon_core.package_identification:_identify(/home/kuka/kuka_ws/src) by extension 'colcon_pkg'
[1.451s] Level 1:colcon.colcon_core.package_identification:_identify(/home/kuka/kuka_ws/src) by extensions ['colcon_meta']
[1.451s] Level 1:colcon.colcon_core.package_identification:_identify(/home/kuka/kuka_ws/src) by extension 'colcon_meta'
[1.451s] Level 1:colcon.colcon_core.package_identification:_identify(/home/kuka/kuka_ws/src) by extensions ['ros']
[1.451s] Level 1:colcon.colcon_core.package_identification:_identify(/home/kuka/kuka_ws/src) by extension 'ros'
[1.452s] Level 1:colcon.colcon_core.package_identification:_identify(/home/kuka/kuka_ws/src) by extensions ['cmake', 'python']
[1.452s] Level 1:colcon.colcon_core.package_identification:_identify(/home/kuka/kuka_ws/src) by extension 'cmake'
[1.452s] Level 1:colcon.colcon_core.package_identification:_identify(/home/kuka/kuka_ws/src) by extension 'python'
[1.452s] Level 1:colcon.colcon_core.package_identification:_identify(/home/kuka/kuka_ws/src) by extensions ['python_setup_py']
[1.452s] Level 1:colcon.colcon_core.package_identification:_identify(/home/kuka/kuka_ws/src) by extension 'python_setup_py'
[1.453s] Level 1:colcon.colcon_core.package_identification:_identify(/home/kuka/kuka_ws/src/kuka_cpp_examples) by extensions ['ignore', 'ignore_ament_install']
[1.453s] Level 1:colcon.colcon_core.package_identification:_identify(/home/kuka/kuka_ws/src/kuka_cpp_examples) by extension 'ignore'
[1.453s] Level 1:colcon.colcon_core.package_identification:_identify(/home/kuka/kuka_ws/src/kuka_cpp_examples) by extension 'ignore_ament_install'
[1.454s] Level 1:colcon.colcon_core.package_identification:_identify(/home/kuka/kuka_ws/src/kuka_cpp_examples) by extensions ['colcon_pkg']
[1.454s] Level 1:colcon.colcon_core.package_identification:_identify(/home/kuka/kuka_ws/src/kuka_cpp_examples) by extension 'colcon_pkg'
[1.454s] Level 1:colcon.colcon_core.package_identification:_identify(/home/kuka/kuka_ws/src/kuka_cpp_examples) by extensions ['colcon_meta']
[1.454s] Level 1:colcon.colcon_core.package_identification:_identify(/home/kuka/kuka_ws/src/kuka_cpp_examples) by extension 'colcon_meta'
[1.454s] Level 1:colcon.colcon_core.package_identification:_identify(/home/kuka/kuka_ws/src/kuka_cpp_examples) by extensions ['ros']
[1.455s] Level 1:colcon.colcon_core.package_identification:_identify(/home/kuka/kuka_ws/src/kuka_cpp_examples) by extension 'ros'
[1.464s] DEBUG:colcon.colcon_core.package_identification:Package '/home/kuka/kuka_ws/src/kuka_cpp_examples' with type 'ros.ament_cmake' and name 'kuka_cpp_examples'
[1.464s] Level 1:colcon.colcon_core.package_identification:_identify(/home/kuka/kuka_ws/src/kuka_description) by extensions ['ignore', 'ignore_ament_install']
[1.464s] Level 1:colcon.colcon_core.package_identification:_identify(/home/kuka/kuka_ws/src/kuka_description) by extension 'ignore'
[1.465s] Level 1:colcon.colcon_core.package_identification:_identify(/home/kuka/kuka_ws/src/kuka_description) by extension 'ignore_ament_install'
[1.465s] Level 1:colcon.colcon_core.package_identification:_identify(/home/kuka/kuka_ws/src/kuka_description) by extensions ['colcon_pkg']
[1.465s] Level 1:colcon.colcon_core.package_identification:_identify(/home/kuka/kuka_ws/src/kuka_description) by extension 'colcon_pkg'
[1.465s] Level 1:colcon.colcon_core.package_identification:_identify(/home/kuka/kuka_ws/src/kuka_description) by extensions ['colcon_meta']
[1.465s] Level 1:colcon.colcon_core.package_identification:_identify(/home/kuka/kuka_ws/src/kuka_description) by extension 'colcon_meta'
[1.466s] Level 1:colcon.colcon_core.package_identification:_identify(/home/kuka/kuka_ws/src/kuka_description) by extensions ['ros']
[1.466s] Level 1:colcon.colcon_core.package_identification:_identify(/home/kuka/kuka_ws/src/kuka_description) by extension 'ros'
[1.468s] DEBUG:colcon.colcon_core.package_identification:Package '/home/kuka/kuka_ws/src/kuka_description' with type 'ros.ament_cmake' and name 'kuka_description'
[1.468s] Level 1:colcon.colcon_core.package_identification:_identify(/home/kuka/kuka_ws/src/kuka_py_examples) by extensions ['ignore', 'ignore_ament_install']
[1.469s] Level 1:colcon.colcon_core.package_identification:_identify(/home/kuka/kuka_ws/src/kuka_py_examples) by extension 'ignore'
[1.469s] Level 1:colcon.colcon_core.package_identification:_identify(/home/kuka/kuka_ws/src/kuka_py_examples) by extension 'ignore_ament_install'
[1.469s] Level 1:colcon.colcon_core.package_identification:_identify(/home/kuka/kuka_ws/src/kuka_py_examples) by extensions ['colcon_pkg']
[1.469s] Level 1:colcon.colcon_core.package_identification:_identify(/home/kuka/kuka_ws/src/kuka_py_examples) by extension 'colcon_pkg'
[1.469s] Level 1:colcon.colcon_core.package_identification:_identify(/home/kuka/kuka_ws/src/kuka_py_examples) by extensions ['colcon_meta']
[1.469s] Level 1:colcon.colcon_core.package_identification:_identify(/home/kuka/kuka_ws/src/kuka_py_examples) by extension 'colcon_meta'
[1.470s] Level 1:colcon.colcon_core.package_identification:_identify(/home/kuka/kuka_ws/src/kuka_py_examples) by extensions ['ros']
[1.470s] Level 1:colcon.colcon_core.package_identification:_identify(/home/kuka/kuka_ws/src/kuka_py_examples) by extension 'ros'
[1.473s] DEBUG:colcon.colcon_core.package_identification:Package '/home/kuka/kuka_ws/src/kuka_py_examples' with type 'ros.ament_python' and name 'kuka_py_examples'
[1.473s] Level 1:colcon.colcon_core.package_discovery:discover_packages(recursive) using defaults
