-- Install configuration: ""
-- Execute custom install script
-- Up-to-date symlink: /home/kuka/kuka_ws/install/kuka_description/share/kuka_description/meshes/link0_exp.stl
-- Up-to-date symlink: /home/kuka/kuka_ws/install/kuka_description/share/kuka_description/meshes/link1_exp.stl
-- Up-to-date symlink: /home/kuka/kuka_ws/install/kuka_description/share/kuka_description/meshes/link2_exp.stl
-- Up-to-date symlink: /home/kuka/kuka_ws/install/kuka_description/share/kuka_description/meshes/link3_exp.stl
-- Up-to-date symlink: /home/kuka/kuka_ws/install/kuka_description/share/kuka_description/meshes/link4_exp.stl
-- Up-to-date symlink: /home/kuka/kuka_ws/install/kuka_description/share/kuka_description/meshes/link5_exp.stl
-- Up-to-date symlink: /home/kuka/kuka_ws/install/kuka_description/share/kuka_description/meshes/link6_exp.stl
-- Up-to-date symlink: /home/kuka/kuka_ws/install/kuka_description/share/kuka_description/urdf/arduinobot.urdf.xacro
-- Up-to-date symlink: /home/kuka/kuka_ws/install/kuka_description/share/kuka_description/urdf/kuka.urdf.xacro
-- Up-to-date symlink: /home/kuka/kuka_ws/install/kuka_description/share/kuka_description/urdf/kuka_gazebo.xacro
-- Up-to-date symlink: /home/kuka/kuka_ws/install/kuka_description/share/kuka_description/urdf/kuka_ros2_control.xacro
-- Up-to-date symlink: /home/kuka/kuka_ws/install/kuka_description/share/kuka_description/models/ground_plane/model-1_2.sdf
-- Up-to-date symlink: /home/kuka/kuka_ws/install/kuka_description/share/kuka_description/models/ground_plane/model-1_3.sdf
-- Up-to-date symlink: /home/kuka/kuka_ws/install/kuka_description/share/kuka_description/models/ground_plane/model-1_4.sdf
-- Up-to-date symlink: /home/kuka/kuka_ws/install/kuka_description/share/kuka_description/models/ground_plane/model.config
-- Up-to-date symlink: /home/kuka/kuka_ws/install/kuka_description/share/kuka_description/models/ground_plane/model.sdf
-- Up-to-date symlink: /home/kuka/kuka_ws/install/kuka_description/share/kuka_description/models/sun/model-1_2.sdf
-- Up-to-date symlink: /home/kuka/kuka_ws/install/kuka_description/share/kuka_description/models/sun/model-1_3.sdf
-- Up-to-date symlink: /home/kuka/kuka_ws/install/kuka_description/share/kuka_description/models/sun/model-1_4.sdf
-- Up-to-date symlink: /home/kuka/kuka_ws/install/kuka_description/share/kuka_description/models/sun/model.config
-- Up-to-date symlink: /home/kuka/kuka_ws/install/kuka_description/share/kuka_description/models/sun/model.sdf
-- Up-to-date symlink: /home/kuka/kuka_ws/install/kuka_description/share/kuka_description/launch/display.launch.py
-- Up-to-date symlink: /home/kuka/kuka_ws/install/kuka_description/share/kuka_description/launch/gazebo.launch.py
-- Up-to-date symlink: /home/kuka/kuka_ws/install/kuka_description/share/kuka_description/rviz/display.rviz
-- Up-to-date symlink: /home/kuka/kuka_ws/install/kuka_description/share/ament_index/resource_index/package_run_dependencies/kuka_description
-- Up-to-date symlink: /home/kuka/kuka_ws/install/kuka_description/share/ament_index/resource_index/parent_prefix_path/kuka_description
-- Up-to-date symlink: /home/kuka/kuka_ws/install/kuka_description/share/kuka_description/environment/ament_prefix_path.sh
-- Up-to-date symlink: /home/kuka/kuka_ws/install/kuka_description/share/kuka_description/environment/ament_prefix_path.dsv
-- Up-to-date symlink: /home/kuka/kuka_ws/install/kuka_description/share/kuka_description/environment/path.sh
-- Up-to-date symlink: /home/kuka/kuka_ws/install/kuka_description/share/kuka_description/environment/path.dsv
-- Up-to-date symlink: /home/kuka/kuka_ws/install/kuka_description/share/kuka_description/local_setup.bash
-- Up-to-date symlink: /home/kuka/kuka_ws/install/kuka_description/share/kuka_description/local_setup.sh
-- Up-to-date symlink: /home/kuka/kuka_ws/install/kuka_description/share/kuka_description/local_setup.zsh
-- Up-to-date symlink: /home/kuka/kuka_ws/install/kuka_description/share/kuka_description/local_setup.dsv
-- Symlinking: /home/kuka/kuka_ws/install/kuka_description/share/kuka_description/package.dsv
-- Up-to-date symlink: /home/kuka/kuka_ws/install/kuka_description/share/ament_index/resource_index/packages/kuka_description
-- Up-to-date symlink: /home/kuka/kuka_ws/install/kuka_description/share/kuka_description/cmake/kuka_descriptionConfig.cmake
-- Up-to-date symlink: /home/kuka/kuka_ws/install/kuka_description/share/kuka_description/cmake/kuka_descriptionConfig-version.cmake
-- Up-to-date symlink: /home/kuka/kuka_ws/install/kuka_description/share/kuka_description/package.xml
