[1.533s] Invoking command in '/home/kuka/kuka_ws/src/kuka_py_examples': PYTHONPATH=/home/kuka/kuka_ws/build/kuka_py_examples/prefix_override:/usr/lib/python3/dist-packages/colcon_core/task/python/colcon_distutils_commands:/home/kuka/kuka_ws/install/kuka_py_examples/lib/python3.10/site-packages:${PYTHONPATH} /usr/bin/python3 -W ignore:setup.py install is deprecated setup.py egg_info --egg-base ../../build/kuka_py_examples build --build-base /home/kuka/kuka_ws/build/kuka_py_examples/build install --record /home/kuka/kuka_ws/build/kuka_py_examples/install.log --single-version-externally-managed install_data
[2.313s] running egg_info
[2.314s] creating ../../build/kuka_py_examples/kuka_py_examples.egg-info
[2.315s] writing ../../build/kuka_py_examples/kuka_py_examples.egg-info/PKG-INFO
[2.315s] writing dependency_links to ../../build/kuka_py_examples/kuka_py_examples.egg-info/dependency_links.txt
[2.316s] writing entry points to ../../build/kuka_py_examples/kuka_py_examples.egg-info/entry_points.txt
[2.316s] writing requirements to ../../build/kuka_py_examples/kuka_py_examples.egg-info/requires.txt
[2.316s] writing top-level names to ../../build/kuka_py_examples/kuka_py_examples.egg-info/top_level.txt
[2.316s] writing manifest file '../../build/kuka_py_examples/kuka_py_examples.egg-info/SOURCES.txt'
[2.321s] reading manifest file '../../build/kuka_py_examples/kuka_py_examples.egg-info/SOURCES.txt'
[2.323s] writing manifest file '../../build/kuka_py_examples/kuka_py_examples.egg-info/SOURCES.txt'
[2.324s] running build
[2.324s] running build_py
[2.324s] creating /home/kuka/kuka_ws/build/kuka_py_examples/build
[2.324s] creating /home/kuka/kuka_ws/build/kuka_py_examples/build/lib
[2.325s] creating /home/kuka/kuka_ws/build/kuka_py_examples/build/lib/kuka_py_examples
[2.325s] copying kuka_py_examples/__init__.py -> /home/kuka/kuka_ws/build/kuka_py_examples/build/lib/kuka_py_examples
[2.325s] running install
[2.326s] running install_lib
[2.328s] creating /home/kuka/kuka_ws/install/kuka_py_examples/lib/python3.10/site-packages/kuka_py_examples
[2.329s] copying /home/kuka/kuka_ws/build/kuka_py_examples/build/lib/kuka_py_examples/__init__.py -> /home/kuka/kuka_ws/install/kuka_py_examples/lib/python3.10/site-packages/kuka_py_examples
[2.330s] byte-compiling /home/kuka/kuka_ws/install/kuka_py_examples/lib/python3.10/site-packages/kuka_py_examples/__init__.py to __init__.cpython-310.pyc
[2.330s] running install_data
[2.331s] creating /home/kuka/kuka_ws/install/kuka_py_examples/share/ament_index
[2.331s] creating /home/kuka/kuka_ws/install/kuka_py_examples/share/ament_index/resource_index
[2.331s] creating /home/kuka/kuka_ws/install/kuka_py_examples/share/ament_index/resource_index/packages
[2.331s] copying resource/kuka_py_examples -> /home/kuka/kuka_ws/install/kuka_py_examples/share/ament_index/resource_index/packages
[2.331s] copying package.xml -> /home/kuka/kuka_ws/install/kuka_py_examples/share/kuka_py_examples
[2.332s] running install_egg_info
[2.337s] Copying ../../build/kuka_py_examples/kuka_py_examples.egg-info to /home/kuka/kuka_ws/install/kuka_py_examples/lib/python3.10/site-packages/kuka_py_examples-0.0.0-py3.10.egg-info
[2.340s] running install_scripts
[2.400s] writing list of installed files to '/home/kuka/kuka_ws/build/kuka_py_examples/install.log'
[2.460s] Invoked command in '/home/kuka/kuka_ws/src/kuka_py_examples' returned '0': PYTHONPATH=/home/kuka/kuka_ws/build/kuka_py_examples/prefix_override:/usr/lib/python3/dist-packages/colcon_core/task/python/colcon_distutils_commands:/home/kuka/kuka_ws/install/kuka_py_examples/lib/python3.10/site-packages:${PYTHONPATH} /usr/bin/python3 -W ignore:setup.py install is deprecated setup.py egg_info --egg-base ../../build/kuka_py_examples build --build-base /home/kuka/kuka_ws/build/kuka_py_examples/build install --record /home/kuka/kuka_ws/build/kuka_py_examples/install.log --single-version-externally-managed install_data
