[0.239s] DEBUG:colcon:Command line arguments: ['/usr/bin/colcon', 'build']
[0.239s] DEBUG:colcon:Parsed command line arguments: Namespace(log_base=None, log_level=None, verb_name='build', build_base='build', install_base='install', merge_install=False, symlink_install=False, test_result_base=None, continue_on_error=False, executor='parallel', parallel_workers=8, event_handlers=None, ignore_user_meta=False, metas=['./colcon.meta'], base_paths=['.'], packages_ignore=None, packages_ignore_regex=None, paths=None, packages_up_to=None, packages_up_to_regex=None, packages_above=None, packages_above_and_dependencies=None, packages_above_depth=None, packages_select_by_dep=None, packages_skip_by_dep=None, packages_skip_up_to=None, packages_select_build_failed=False, packages_skip_build_finished=False, packages_select_test_failures=False, packages_skip_test_passed=False, packages_select=None, packages_skip=None, packages_select_regex=None, packages_skip_regex=None, packages_start=None, packages_end=None, allow_overriding=[], cmake_args=None, cmake_target=None, cmake_target_skip_unavailable=False, cmake_clean_cache=False, cmake_clean_first=False, cmake_force_configure=False, ament_cmake_args=None, catkin_cmake_args=None, catkin_skip_building_tests=False, verb_parser=<colcon_defaults.argument_parser.defaults.DefaultArgumentsDecorator object at 0x7cd905a48b50>, verb_extension=<colcon_core.verb.build.BuildVerb object at 0x7cd905a48490>, main=<bound method BuildVerb.main of <colcon_core.verb.build.BuildVerb object at 0x7cd905a48490>>)
[0.619s] Level 1:colcon.colcon_core.package_discovery:discover_packages(colcon_meta) check parameters
[0.620s] Level 1:colcon.colcon_core.package_discovery:discover_packages(recursive) check parameters
[0.620s] Level 1:colcon.colcon_core.package_discovery:discover_packages(ignore) check parameters
[0.620s] Level 1:colcon.colcon_core.package_discovery:discover_packages(path) check parameters
[0.620s] Level 1:colcon.colcon_core.package_discovery:discover_packages(colcon_meta) discover
[0.620s] Level 1:colcon.colcon_core.package_discovery:discover_packages(recursive) discover
[0.620s] INFO:colcon.colcon_core.package_discovery:Crawling recursively for packages in '/home/kuka/kuka_ws'
[0.621s] Level 1:colcon.colcon_core.package_identification:_identify(.) by extensions ['ignore', 'ignore_ament_install']
[0.621s] Level 1:colcon.colcon_core.package_identification:_identify(.) by extension 'ignore'
[0.621s] Level 1:colcon.colcon_core.package_identification:_identify(.) by extension 'ignore_ament_install'
[0.621s] Level 1:colcon.colcon_core.package_identification:_identify(.) by extensions ['colcon_pkg']
[0.621s] Level 1:colcon.colcon_core.package_identification:_identify(.) by extension 'colcon_pkg'
[0.622s] Level 1:colcon.colcon_core.package_identification:_identify(.) by extensions ['colcon_meta']
[0.622s] Level 1:colcon.colcon_core.package_identification:_identify(.) by extension 'colcon_meta'
[0.622s] Level 1:colcon.colcon_core.package_identification:_identify(.) by extensions ['ros']
[0.622s] Level 1:colcon.colcon_core.package_identification:_identify(.) by extension 'ros'
[0.647s] Level 1:colcon.colcon_core.package_identification:_identify(.) by extensions ['cmake', 'python']
[0.647s] Level 1:colcon.colcon_core.package_identification:_identify(.) by extension 'cmake'
[0.647s] Level 1:colcon.colcon_core.package_identification:_identify(.) by extension 'python'
[0.648s] Level 1:colcon.colcon_core.package_identification:_identify(.) by extensions ['python_setup_py']
[0.648s] Level 1:colcon.colcon_core.package_identification:_identify(.) by extension 'python_setup_py'
[0.648s] Level 1:colcon.colcon_core.package_identification:_identify(build) by extensions ['ignore', 'ignore_ament_install']
[0.648s] Level 1:colcon.colcon_core.package_identification:_identify(build) by extension 'ignore'
[0.649s] Level 1:colcon.colcon_core.package_identification:_identify(build) ignored
[0.649s] Level 1:colcon.colcon_core.package_identification:_identify(install) by extensions ['ignore', 'ignore_ament_install']
[0.649s] Level 1:colcon.colcon_core.package_identification:_identify(install) by extension 'ignore'
[0.650s] Level 1:colcon.colcon_core.package_identification:_identify(install) ignored
[0.650s] Level 1:colcon.colcon_core.package_identification:_identify(log) by extensions ['ignore', 'ignore_ament_install']
[0.650s] Level 1:colcon.colcon_core.package_identification:_identify(log) by extension 'ignore'
[0.650s] Level 1:colcon.colcon_core.package_identification:_identify(log) ignored
[0.651s] Level 1:colcon.colcon_core.package_identification:_identify(src) by extensions ['ignore', 'ignore_ament_install']
[0.651s] Level 1:colcon.colcon_core.package_identification:_identify(src) by extension 'ignore'
[0.651s] Level 1:colcon.colcon_core.package_identification:_identify(src) by extension 'ignore_ament_install'
[0.651s] Level 1:colcon.colcon_core.package_identification:_identify(src) by extensions ['colcon_pkg']
[0.651s] Level 1:colcon.colcon_core.package_identification:_identify(src) by extension 'colcon_pkg'
[0.651s] Level 1:colcon.colcon_core.package_identification:_identify(src) by extensions ['colcon_meta']
[0.652s] Level 1:colcon.colcon_core.package_identification:_identify(src) by extension 'colcon_meta'
[0.652s] Level 1:colcon.colcon_core.package_identification:_identify(src) by extensions ['ros']
[0.652s] Level 1:colcon.colcon_core.package_identification:_identify(src) by extension 'ros'
[0.652s] Level 1:colcon.colcon_core.package_identification:_identify(src) by extensions ['cmake', 'python']
[0.652s] Level 1:colcon.colcon_core.package_identification:_identify(src) by extension 'cmake'
[0.652s] Level 1:colcon.colcon_core.package_identification:_identify(src) by extension 'python'
[0.653s] Level 1:colcon.colcon_core.package_identification:_identify(src) by extensions ['python_setup_py']
[0.653s] Level 1:colcon.colcon_core.package_identification:_identify(src) by extension 'python_setup_py'
[0.653s] Level 1:colcon.colcon_core.package_identification:_identify(src/kuka_cpp_examples) by extensions ['ignore', 'ignore_ament_install']
[0.653s] Level 1:colcon.colcon_core.package_identification:_identify(src/kuka_cpp_examples) by extension 'ignore'
[0.654s] Level 1:colcon.colcon_core.package_identification:_identify(src/kuka_cpp_examples) by extension 'ignore_ament_install'
[0.654s] Level 1:colcon.colcon_core.package_identification:_identify(src/kuka_cpp_examples) by extensions ['colcon_pkg']
[0.654s] Level 1:colcon.colcon_core.package_identification:_identify(src/kuka_cpp_examples) by extension 'colcon_pkg'
[0.654s] Level 1:colcon.colcon_core.package_identification:_identify(src/kuka_cpp_examples) by extensions ['colcon_meta']
[0.654s] Level 1:colcon.colcon_core.package_identification:_identify(src/kuka_cpp_examples) by extension 'colcon_meta'
[0.654s] Level 1:colcon.colcon_core.package_identification:_identify(src/kuka_cpp_examples) by extensions ['ros']
[0.654s] Level 1:colcon.colcon_core.package_identification:_identify(src/kuka_cpp_examples) by extension 'ros'
[0.659s] DEBUG:colcon.colcon_core.package_identification:Package 'src/kuka_cpp_examples' with type 'ros.ament_cmake' and name 'kuka_cpp_examples'
[0.660s] Level 1:colcon.colcon_core.package_identification:_identify(src/kuka_py_examples) by extensions ['ignore', 'ignore_ament_install']
[0.660s] Level 1:colcon.colcon_core.package_identification:_identify(src/kuka_py_examples) by extension 'ignore'
[0.660s] Level 1:colcon.colcon_core.package_identification:_identify(src/kuka_py_examples) by extension 'ignore_ament_install'
[0.660s] Level 1:colcon.colcon_core.package_identification:_identify(src/kuka_py_examples) by extensions ['colcon_pkg']
[0.660s] Level 1:colcon.colcon_core.package_identification:_identify(src/kuka_py_examples) by extension 'colcon_pkg'
[0.661s] Level 1:colcon.colcon_core.package_identification:_identify(src/kuka_py_examples) by extensions ['colcon_meta']
[0.661s] Level 1:colcon.colcon_core.package_identification:_identify(src/kuka_py_examples) by extension 'colcon_meta'
[0.661s] Level 1:colcon.colcon_core.package_identification:_identify(src/kuka_py_examples) by extensions ['ros']
[0.661s] Level 1:colcon.colcon_core.package_identification:_identify(src/kuka_py_examples) by extension 'ros'
[0.662s] DEBUG:colcon.colcon_core.package_identification:Package 'src/kuka_py_examples' with type 'ros.ament_python' and name 'kuka_py_examples'
[0.663s] Level 1:colcon.colcon_core.package_discovery:discover_packages(recursive) using defaults
[0.663s] Level 1:colcon.colcon_core.package_discovery:discover_packages(ignore) discover
[0.663s] Level 1:colcon.colcon_core.package_discovery:discover_packages(ignore) using defaults
[0.663s] Level 1:colcon.colcon_core.package_discovery:discover_packages(path) discover
[0.663s] Level 1:colcon.colcon_core.package_discovery:discover_packages(path) using defaults
[0.705s] Level 1:colcon.colcon_core.package_discovery:discover_packages(prefix_path) check parameters
[0.705s] Level 1:colcon.colcon_core.package_discovery:discover_packages(prefix_path) discover
[0.709s] DEBUG:colcon.colcon_installed_package_information.package_discovery:Found 2 installed packages in /home/kuka/kuka_ws/install
[0.713s] DEBUG:colcon.colcon_installed_package_information.package_discovery:Found 352 installed packages in /opt/ros/humble
[0.718s] Level 1:colcon.colcon_core.package_discovery:discover_packages(prefix_path) using defaults
[0.838s] Level 5:colcon.colcon_core.verb:set package 'kuka_cpp_examples' build argument 'cmake_args' from command line to 'None'
[0.838s] Level 5:colcon.colcon_core.verb:set package 'kuka_cpp_examples' build argument 'cmake_target' from command line to 'None'
[0.838s] Level 5:colcon.colcon_core.verb:set package 'kuka_cpp_examples' build argument 'cmake_target_skip_unavailable' from command line to 'False'
[0.838s] Level 5:colcon.colcon_core.verb:set package 'kuka_cpp_examples' build argument 'cmake_clean_cache' from command line to 'False'
[0.838s] Level 5:colcon.colcon_core.verb:set package 'kuka_cpp_examples' build argument 'cmake_clean_first' from command line to 'False'
[0.838s] Level 5:colcon.colcon_core.verb:set package 'kuka_cpp_examples' build argument 'cmake_force_configure' from command line to 'False'
[0.838s] Level 5:colcon.colcon_core.verb:set package 'kuka_cpp_examples' build argument 'ament_cmake_args' from command line to 'None'
[0.839s] Level 5:colcon.colcon_core.verb:set package 'kuka_cpp_examples' build argument 'catkin_cmake_args' from command line to 'None'
[0.839s] Level 5:colcon.colcon_core.verb:set package 'kuka_cpp_examples' build argument 'catkin_skip_building_tests' from command line to 'False'
[0.839s] DEBUG:colcon.colcon_core.verb:Building package 'kuka_cpp_examples' with the following arguments: {'ament_cmake_args': None, 'build_base': '/home/kuka/kuka_ws/build/kuka_cpp_examples', 'catkin_cmake_args': None, 'catkin_skip_building_tests': False, 'cmake_args': None, 'cmake_clean_cache': False, 'cmake_clean_first': False, 'cmake_force_configure': False, 'cmake_target': None, 'cmake_target_skip_unavailable': False, 'install_base': '/home/kuka/kuka_ws/install/kuka_cpp_examples', 'merge_install': False, 'path': '/home/kuka/kuka_ws/src/kuka_cpp_examples', 'symlink_install': False, 'test_result_base': None}
[0.840s] Level 5:colcon.colcon_core.verb:set package 'kuka_py_examples' build argument 'cmake_args' from command line to 'None'
[0.840s] Level 5:colcon.colcon_core.verb:set package 'kuka_py_examples' build argument 'cmake_target' from command line to 'None'
[0.840s] Level 5:colcon.colcon_core.verb:set package 'kuka_py_examples' build argument 'cmake_target_skip_unavailable' from command line to 'False'
[0.840s] Level 5:colcon.colcon_core.verb:set package 'kuka_py_examples' build argument 'cmake_clean_cache' from command line to 'False'
[0.840s] Level 5:colcon.colcon_core.verb:set package 'kuka_py_examples' build argument 'cmake_clean_first' from command line to 'False'
[0.840s] Level 5:colcon.colcon_core.verb:set package 'kuka_py_examples' build argument 'cmake_force_configure' from command line to 'False'
[0.840s] Level 5:colcon.colcon_core.verb:set package 'kuka_py_examples' build argument 'ament_cmake_args' from command line to 'None'
[0.841s] Level 5:colcon.colcon_core.verb:set package 'kuka_py_examples' build argument 'catkin_cmake_args' from command line to 'None'
[0.841s] Level 5:colcon.colcon_core.verb:set package 'kuka_py_examples' build argument 'catkin_skip_building_tests' from command line to 'False'
[0.841s] DEBUG:colcon.colcon_core.verb:Building package 'kuka_py_examples' with the following arguments: {'ament_cmake_args': None, 'build_base': '/home/kuka/kuka_ws/build/kuka_py_examples', 'catkin_cmake_args': None, 'catkin_skip_building_tests': False, 'cmake_args': None, 'cmake_clean_cache': False, 'cmake_clean_first': False, 'cmake_force_configure': False, 'cmake_target': None, 'cmake_target_skip_unavailable': False, 'install_base': '/home/kuka/kuka_ws/install/kuka_py_examples', 'merge_install': False, 'path': '/home/kuka/kuka_ws/src/kuka_py_examples', 'symlink_install': False, 'test_result_base': None}
[0.841s] INFO:colcon.colcon_core.executor:Executing jobs using 'parallel' executor
[0.843s] DEBUG:colcon.colcon_parallel_executor.executor.parallel:run_until_complete
[0.844s] INFO:colcon.colcon_ros.task.ament_cmake.build:Building ROS package in '/home/kuka/kuka_ws/src/kuka_cpp_examples' with build type 'ament_cmake'
[0.844s] INFO:colcon.colcon_cmake.task.cmake.build:Building CMake package in '/home/kuka/kuka_ws/src/kuka_cpp_examples'
[0.849s] INFO:colcon.colcon_core.plugin_system:Skipping extension 'colcon_core.shell.bat': Not used on non-Windows systems
[0.850s] INFO:colcon.colcon_core.shell:Skip shell extension 'powershell' for command environment: Not usable outside of PowerShell
[0.850s] DEBUG:colcon.colcon_core.shell:Skip shell extension 'dsv' for command environment
[0.858s] INFO:colcon.colcon_ros.task.ament_python.build:Building ROS package in '/home/kuka/kuka_ws/src/kuka_py_examples' with build type 'ament_python'
[0.859s] Level 1:colcon.colcon_core.shell:create_environment_hook('kuka_py_examples', 'ament_prefix_path')
[0.859s] INFO:colcon.colcon_core.shell:Creating environment hook '/home/kuka/kuka_ws/install/kuka_py_examples/share/kuka_py_examples/hook/ament_prefix_path.ps1'
[0.862s] INFO:colcon.colcon_core.shell:Creating environment descriptor '/home/kuka/kuka_ws/install/kuka_py_examples/share/kuka_py_examples/hook/ament_prefix_path.dsv'
[0.863s] INFO:colcon.colcon_core.shell:Creating environment hook '/home/kuka/kuka_ws/install/kuka_py_examples/share/kuka_py_examples/hook/ament_prefix_path.sh'
[0.864s] INFO:colcon.colcon_core.shell:Skip shell extension 'powershell' for command environment: Not usable outside of PowerShell
[0.865s] DEBUG:colcon.colcon_core.shell:Skip shell extension 'dsv' for command environment
[0.881s] DEBUG:colcon.colcon_core.event_handler.log_command:Invoking command in '/home/kuka/kuka_ws/build/kuka_cpp_examples': CMAKE_PREFIX_PATH=${CMAKE_PREFIX_PATH}:/home/kuka/kuka_ws/install/kuka_py_examples:/opt/ros/humble /usr/bin/cmake --build /home/kuka/kuka_ws/build/kuka_cpp_examples -- -j8 -l8
[1.459s] INFO:colcon.colcon_core.task.python.build:Building Python package in '/home/kuka/kuka_ws/src/kuka_py_examples'
[1.460s] INFO:colcon.colcon_core.shell:Skip shell extension 'powershell' for command environment: Not usable outside of PowerShell
[1.460s] DEBUG:colcon.colcon_core.shell:Skip shell extension 'dsv' for command environment
[1.469s] DEBUG:colcon.colcon_core.event_handler.log_command:Invoked command in '/home/kuka/kuka_ws/build/kuka_cpp_examples' returned '0': CMAKE_PREFIX_PATH=${CMAKE_PREFIX_PATH}:/home/kuka/kuka_ws/install/kuka_py_examples:/opt/ros/humble /usr/bin/cmake --build /home/kuka/kuka_ws/build/kuka_cpp_examples -- -j8 -l8
[1.538s] DEBUG:colcon.colcon_core.event_handler.log_command:Invoking command in '/home/kuka/kuka_ws/build/kuka_cpp_examples': CMAKE_PREFIX_PATH=${CMAKE_PREFIX_PATH}:/home/kuka/kuka_ws/install/kuka_py_examples:/opt/ros/humble /usr/bin/cmake --install /home/kuka/kuka_ws/build/kuka_cpp_examples
[1.558s] Level 1:colcon.colcon_core.environment:create_environment_scripts_only(kuka_cpp_examples)
[1.559s] DEBUG:colcon.colcon_core.event_handler.log_command:Invoked command in '/home/kuka/kuka_ws/build/kuka_cpp_examples' returned '0': CMAKE_PREFIX_PATH=${CMAKE_PREFIX_PATH}:/home/kuka/kuka_ws/install/kuka_py_examples:/opt/ros/humble /usr/bin/cmake --install /home/kuka/kuka_ws/build/kuka_cpp_examples
[1.564s] Level 1:colcon.colcon_core.environment:checking '/home/kuka/kuka_ws/install/kuka_cpp_examples' for CMake module files
[1.565s] Level 1:colcon.colcon_core.environment:checking '/home/kuka/kuka_ws/install/kuka_cpp_examples' for CMake config files
[1.565s] Level 1:colcon.colcon_core.shell:create_environment_hook('kuka_cpp_examples', 'cmake_prefix_path')
[1.566s] INFO:colcon.colcon_core.shell:Creating environment hook '/home/kuka/kuka_ws/install/kuka_cpp_examples/share/kuka_cpp_examples/hook/cmake_prefix_path.ps1'
[1.567s] INFO:colcon.colcon_core.shell:Creating environment descriptor '/home/kuka/kuka_ws/install/kuka_cpp_examples/share/kuka_cpp_examples/hook/cmake_prefix_path.dsv'
[1.567s] INFO:colcon.colcon_core.shell:Creating environment hook '/home/kuka/kuka_ws/install/kuka_cpp_examples/share/kuka_cpp_examples/hook/cmake_prefix_path.sh'
[1.568s] Level 1:colcon.colcon_core.environment:checking '/home/kuka/kuka_ws/install/kuka_cpp_examples/bin'
[1.569s] Level 1:colcon.colcon_core.environment:checking '/home/kuka/kuka_ws/install/kuka_cpp_examples/lib/pkgconfig/kuka_cpp_examples.pc'
[1.569s] Level 1:colcon.colcon_core.environment:checking '/home/kuka/kuka_ws/install/kuka_cpp_examples/lib/python3.10/site-packages'
[1.570s] Level 1:colcon.colcon_core.environment:checking '/home/kuka/kuka_ws/install/kuka_cpp_examples/bin'
[1.570s] INFO:colcon.colcon_core.shell:Creating package script '/home/kuka/kuka_ws/install/kuka_cpp_examples/share/kuka_cpp_examples/package.ps1'
[1.572s] INFO:colcon.colcon_core.shell:Creating package descriptor '/home/kuka/kuka_ws/install/kuka_cpp_examples/share/kuka_cpp_examples/package.dsv'
[1.573s] INFO:colcon.colcon_core.shell:Creating package script '/home/kuka/kuka_ws/install/kuka_cpp_examples/share/kuka_cpp_examples/package.sh'
[1.575s] INFO:colcon.colcon_core.shell:Creating package script '/home/kuka/kuka_ws/install/kuka_cpp_examples/share/kuka_cpp_examples/package.bash'
[1.576s] INFO:colcon.colcon_core.shell:Creating package script '/home/kuka/kuka_ws/install/kuka_cpp_examples/share/kuka_cpp_examples/package.zsh'
[1.577s] Level 1:colcon.colcon_core.environment:create_file_with_runtime_dependencies(/home/kuka/kuka_ws/install/kuka_cpp_examples/share/colcon-core/packages/kuka_cpp_examples)
[1.624s] Level 1:colcon.colcon_core.environment:create_environment_scripts_only(kuka_cpp_examples)
[1.624s] Level 1:colcon.colcon_core.environment:checking '/home/kuka/kuka_ws/install/kuka_cpp_examples' for CMake module files
[1.625s] Level 1:colcon.colcon_core.environment:checking '/home/kuka/kuka_ws/install/kuka_cpp_examples' for CMake config files
[1.626s] Level 1:colcon.colcon_core.shell:create_environment_hook('kuka_cpp_examples', 'cmake_prefix_path')
[1.626s] INFO:colcon.colcon_core.shell:Creating environment hook '/home/kuka/kuka_ws/install/kuka_cpp_examples/share/kuka_cpp_examples/hook/cmake_prefix_path.ps1'
[1.627s] INFO:colcon.colcon_core.shell:Creating environment descriptor '/home/kuka/kuka_ws/install/kuka_cpp_examples/share/kuka_cpp_examples/hook/cmake_prefix_path.dsv'
[1.628s] INFO:colcon.colcon_core.shell:Creating environment hook '/home/kuka/kuka_ws/install/kuka_cpp_examples/share/kuka_cpp_examples/hook/cmake_prefix_path.sh'
[1.629s] Level 1:colcon.colcon_core.environment:checking '/home/kuka/kuka_ws/install/kuka_cpp_examples/bin'
[1.629s] Level 1:colcon.colcon_core.environment:checking '/home/kuka/kuka_ws/install/kuka_cpp_examples/lib/pkgconfig/kuka_cpp_examples.pc'
[1.629s] Level 1:colcon.colcon_core.environment:checking '/home/kuka/kuka_ws/install/kuka_cpp_examples/lib/python3.10/site-packages'
[1.630s] Level 1:colcon.colcon_core.environment:checking '/home/kuka/kuka_ws/install/kuka_cpp_examples/bin'
[1.630s] INFO:colcon.colcon_core.shell:Creating package script '/home/kuka/kuka_ws/install/kuka_cpp_examples/share/kuka_cpp_examples/package.ps1'
[1.631s] INFO:colcon.colcon_core.shell:Creating package descriptor '/home/kuka/kuka_ws/install/kuka_cpp_examples/share/kuka_cpp_examples/package.dsv'
[1.632s] INFO:colcon.colcon_core.shell:Creating package script '/home/kuka/kuka_ws/install/kuka_cpp_examples/share/kuka_cpp_examples/package.sh'
[1.633s] INFO:colcon.colcon_core.shell:Creating package script '/home/kuka/kuka_ws/install/kuka_cpp_examples/share/kuka_cpp_examples/package.bash'
[1.634s] INFO:colcon.colcon_core.shell:Creating package script '/home/kuka/kuka_ws/install/kuka_cpp_examples/share/kuka_cpp_examples/package.zsh'
[1.635s] Level 1:colcon.colcon_core.environment:create_file_with_runtime_dependencies(/home/kuka/kuka_ws/install/kuka_cpp_examples/share/colcon-core/packages/kuka_cpp_examples)
[2.271s] DEBUG:colcon.colcon_core.event_handler.log_command:Invoking command in '/home/kuka/kuka_ws/src/kuka_py_examples': PYTHONPATH=/home/kuka/kuka_ws/build/kuka_py_examples/prefix_override:/usr/lib/python3/dist-packages/colcon_core/task/python/colcon_distutils_commands:/home/kuka/kuka_ws/install/kuka_py_examples/lib/python3.10/site-packages:${PYTHONPATH} /usr/bin/python3 -W ignore:setup.py install is deprecated setup.py egg_info --egg-base ../../build/kuka_py_examples build --build-base /home/kuka/kuka_ws/build/kuka_py_examples/build install --record /home/kuka/kuka_ws/build/kuka_py_examples/install.log --single-version-externally-managed install_data
[2.915s] Level 1:colcon.colcon_core.environment:checking '/home/kuka/kuka_ws/install/kuka_py_examples' for CMake module files
[2.916s] DEBUG:colcon.colcon_core.event_handler.log_command:Invoked command in '/home/kuka/kuka_ws/src/kuka_py_examples' returned '0': PYTHONPATH=/home/kuka/kuka_ws/build/kuka_py_examples/prefix_override:/usr/lib/python3/dist-packages/colcon_core/task/python/colcon_distutils_commands:/home/kuka/kuka_ws/install/kuka_py_examples/lib/python3.10/site-packages:${PYTHONPATH} /usr/bin/python3 -W ignore:setup.py install is deprecated setup.py egg_info --egg-base ../../build/kuka_py_examples build --build-base /home/kuka/kuka_ws/build/kuka_py_examples/build install --record /home/kuka/kuka_ws/build/kuka_py_examples/install.log --single-version-externally-managed install_data
[2.917s] Level 1:colcon.colcon_core.environment:checking '/home/kuka/kuka_ws/install/kuka_py_examples' for CMake config files
[2.918s] Level 1:colcon.colcon_core.environment:checking '/home/kuka/kuka_ws/install/kuka_py_examples/lib'
[2.919s] Level 1:colcon.colcon_core.environment:checking '/home/kuka/kuka_ws/install/kuka_py_examples/bin'
[2.919s] Level 1:colcon.colcon_core.environment:checking '/home/kuka/kuka_ws/install/kuka_py_examples/lib/pkgconfig/kuka_py_examples.pc'
[2.919s] Level 1:colcon.colcon_core.environment:checking '/home/kuka/kuka_ws/install/kuka_py_examples/lib/python3.10/site-packages'
[2.919s] Level 1:colcon.colcon_core.shell:create_environment_hook('kuka_py_examples', 'pythonpath')
[2.920s] INFO:colcon.colcon_core.shell:Creating environment hook '/home/kuka/kuka_ws/install/kuka_py_examples/share/kuka_py_examples/hook/pythonpath.ps1'
[2.921s] INFO:colcon.colcon_core.shell:Creating environment descriptor '/home/kuka/kuka_ws/install/kuka_py_examples/share/kuka_py_examples/hook/pythonpath.dsv'
[2.921s] INFO:colcon.colcon_core.shell:Creating environment hook '/home/kuka/kuka_ws/install/kuka_py_examples/share/kuka_py_examples/hook/pythonpath.sh'
[2.922s] Level 1:colcon.colcon_core.environment:checking '/home/kuka/kuka_ws/install/kuka_py_examples/bin'
[2.923s] Level 1:colcon.colcon_core.environment:create_environment_scripts_only(kuka_py_examples)
[2.923s] INFO:colcon.colcon_core.shell:Creating package script '/home/kuka/kuka_ws/install/kuka_py_examples/share/kuka_py_examples/package.ps1'
[2.924s] INFO:colcon.colcon_core.shell:Creating package descriptor '/home/kuka/kuka_ws/install/kuka_py_examples/share/kuka_py_examples/package.dsv'
[2.925s] INFO:colcon.colcon_core.shell:Creating package script '/home/kuka/kuka_ws/install/kuka_py_examples/share/kuka_py_examples/package.sh'
[2.926s] INFO:colcon.colcon_core.shell:Creating package script '/home/kuka/kuka_ws/install/kuka_py_examples/share/kuka_py_examples/package.bash'
[2.927s] INFO:colcon.colcon_core.shell:Creating package script '/home/kuka/kuka_ws/install/kuka_py_examples/share/kuka_py_examples/package.zsh'
[2.927s] Level 1:colcon.colcon_core.environment:create_file_with_runtime_dependencies(/home/kuka/kuka_ws/install/kuka_py_examples/share/colcon-core/packages/kuka_py_examples)
[2.928s] DEBUG:colcon.colcon_parallel_executor.executor.parallel:closing loop
[2.928s] DEBUG:colcon.colcon_parallel_executor.executor.parallel:loop closed
[2.929s] DEBUG:colcon.colcon_parallel_executor.executor.parallel:run_until_complete finished with '0'
[2.929s] DEBUG:colcon.colcon_core.event_reactor:joining thread
[2.939s] INFO:colcon.colcon_core.plugin_system:Skipping extension 'colcon_notification.desktop_notification.terminal_notifier': Not used on non-Darwin systems
[2.940s] INFO:colcon.colcon_core.plugin_system:Skipping extension 'colcon_notification.desktop_notification.win32': Not used on non-Windows systems
[2.940s] INFO:colcon.colcon_notification.desktop_notification:Sending desktop notification using 'notify2'
[2.961s] DEBUG:colcon.colcon_core.event_reactor:joined thread
[2.962s] INFO:colcon.colcon_core.shell:Creating prefix script '/home/kuka/kuka_ws/install/local_setup.ps1'
[2.965s] INFO:colcon.colcon_core.shell:Creating prefix util module '/home/kuka/kuka_ws/install/_local_setup_util_ps1.py'
[2.970s] INFO:colcon.colcon_core.shell:Creating prefix chain script '/home/kuka/kuka_ws/install/setup.ps1'
[2.973s] INFO:colcon.colcon_core.shell:Creating prefix script '/home/kuka/kuka_ws/install/local_setup.sh'
[2.974s] INFO:colcon.colcon_core.shell:Creating prefix util module '/home/kuka/kuka_ws/install/_local_setup_util_sh.py'
[2.976s] INFO:colcon.colcon_core.shell:Creating prefix chain script '/home/kuka/kuka_ws/install/setup.sh'
[2.980s] INFO:colcon.colcon_core.shell:Creating prefix script '/home/kuka/kuka_ws/install/local_setup.bash'
[2.981s] INFO:colcon.colcon_core.shell:Creating prefix chain script '/home/kuka/kuka_ws/install/setup.bash'
[2.983s] INFO:colcon.colcon_core.shell:Creating prefix script '/home/kuka/kuka_ws/install/local_setup.zsh'
[2.984s] INFO:colcon.colcon_core.shell:Creating prefix chain script '/home/kuka/kuka_ws/install/setup.zsh'
