[0.056s] Invoking command in '/home/kuka/kuka_ws/build/kuka_description': CMAKE_PREFIX_PATH=${CMAKE_PREFIX_PATH}:/home/kuka/kuka_ws/install/kuka_py_examples:/opt/ros/humble /usr/bin/cmake --build /home/kuka/kuka_ws/build/kuka_description -- -j8 -l8
[0.666s] Invoked command in '/home/kuka/kuka_ws/build/kuka_description' returned '0': CMAKE_PREFIX_PATH=${CMAKE_PREFIX_PATH}:/home/kuka/kuka_ws/install/kuka_py_examples:/opt/ros/humble /usr/bin/cmake --build /home/kuka/kuka_ws/build/kuka_description -- -j8 -l8
[0.734s] Invoking command in '/home/kuka/kuka_ws/build/kuka_description': CMAKE_PREFIX_PATH=${CMAKE_PREFIX_PATH}:/home/kuka/kuka_ws/install/kuka_py_examples:/opt/ros/humble /usr/bin/cmake --install /home/kuka/kuka_ws/build/kuka_description
[0.751s] -- Install configuration: ""
[0.751s] -- Up-to-date: /home/kuka/kuka_ws/install/kuka_description/share/kuka_description/meshes
[0.751s] -- Up-to-date: /home/kuka/kuka_ws/install/kuka_description/share/kuka_description/meshes/link2_exp.stl
[0.752s] -- Up-to-date: /home/kuka/kuka_ws/install/kuka_description/share/kuka_description/meshes/link5_exp.stl
[0.752s] -- Up-to-date: /home/kuka/kuka_ws/install/kuka_description/share/kuka_description/meshes/link4_exp.stl
[0.753s] -- Up-to-date: /home/kuka/kuka_ws/install/kuka_description/share/kuka_description/meshes/link6_exp.stl
[0.753s] -- Up-to-date: /home/kuka/kuka_ws/install/kuka_description/share/kuka_description/meshes/link1_exp.stl
[0.753s] -- Up-to-date: /home/kuka/kuka_ws/install/kuka_description/share/kuka_description/meshes/link0_exp.stl
[0.754s] -- Up-to-date: /home/kuka/kuka_ws/install/kuka_description/share/kuka_description/meshes/link3_exp.stl
[0.754s] -- Up-to-date: /home/kuka/kuka_ws/install/kuka_description/share/kuka_description/urdf
[0.754s] -- Up-to-date: /home/kuka/kuka_ws/install/kuka_description/share/kuka_description/urdf/arduinobot.urdf.xacro
[0.755s] -- Installing: /home/kuka/kuka_ws/install/kuka_description/share/kuka_description/urdf/kuka.urdf.xacro
[0.755s] -- Up-to-date: /home/kuka/kuka_ws/install/kuka_description/share/kuka_description/launch
[0.755s] -- Up-to-date: /home/kuka/kuka_ws/install/kuka_description/share/kuka_description/launch/display.launch.py
[0.755s] -- Up-to-date: /home/kuka/kuka_ws/install/kuka_description/share/kuka_description/rviz
[0.756s] -- Up-to-date: /home/kuka/kuka_ws/install/kuka_description/share/kuka_description/rviz/display.rviz
[0.756s] -- Up-to-date: /home/kuka/kuka_ws/install/kuka_description/share/ament_index/resource_index/package_run_dependencies/kuka_description
[0.757s] -- Up-to-date: /home/kuka/kuka_ws/install/kuka_description/share/ament_index/resource_index/parent_prefix_path/kuka_description
[0.759s] -- Up-to-date: /home/kuka/kuka_ws/install/kuka_description/share/kuka_description/environment/ament_prefix_path.sh
[0.759s] -- Up-to-date: /home/kuka/kuka_ws/install/kuka_description/share/kuka_description/environment/ament_prefix_path.dsv
[0.760s] -- Up-to-date: /home/kuka/kuka_ws/install/kuka_description/share/kuka_description/environment/path.sh
[0.760s] -- Up-to-date: /home/kuka/kuka_ws/install/kuka_description/share/kuka_description/environment/path.dsv
[0.760s] -- Up-to-date: /home/kuka/kuka_ws/install/kuka_description/share/kuka_description/local_setup.bash
[0.761s] -- Up-to-date: /home/kuka/kuka_ws/install/kuka_description/share/kuka_description/local_setup.sh
[0.762s] -- Up-to-date: /home/kuka/kuka_ws/install/kuka_description/share/kuka_description/local_setup.zsh
[0.762s] -- Up-to-date: /home/kuka/kuka_ws/install/kuka_description/share/kuka_description/local_setup.dsv
[0.763s] -- Installing: /home/kuka/kuka_ws/install/kuka_description/share/kuka_description/package.dsv
[0.763s] -- Up-to-date: /home/kuka/kuka_ws/install/kuka_description/share/ament_index/resource_index/packages/kuka_description
[0.764s] -- Up-to-date: /home/kuka/kuka_ws/install/kuka_description/share/kuka_description/cmake/kuka_descriptionConfig.cmake
[0.764s] -- Up-to-date: /home/kuka/kuka_ws/install/kuka_description/share/kuka_description/cmake/kuka_descriptionConfig-version.cmake
[0.764s] -- Up-to-date: /home/kuka/kuka_ws/install/kuka_description/share/kuka_description/package.xml
[0.765s] Invoked command in '/home/kuka/kuka_ws/build/kuka_description' returned '0': CMAKE_PREFIX_PATH=${CMAKE_PREFIX_PATH}:/home/kuka/kuka_ws/install/kuka_py_examples:/opt/ros/humble /usr/bin/cmake --install /home/kuka/kuka_ws/build/kuka_description
