[1.545s] Invoking command in '/home/kuka/kuka_ws/src/kuka_py_examples': PYTHONPATH=/home/kuka/kuka_ws/build/kuka_py_examples/prefix_override:/usr/lib/python3/dist-packages/colcon_core/task/python/colcon_distutils_commands:/home/kuka/kuka_ws/install/kuka_py_examples/lib/python3.10/site-packages:${PYTHONPATH} /usr/bin/python3 -W ignore:setup.py install is deprecated setup.py egg_info --egg-base ../../build/kuka_py_examples build --build-base /home/kuka/kuka_ws/build/kuka_py_examples/build install --record /home/kuka/kuka_ws/build/kuka_py_examples/install.log --single-version-externally-managed install_data
[2.097s] running egg_info
[2.098s] writing ../../build/kuka_py_examples/kuka_py_examples.egg-info/PKG-INFO
[2.099s] writing dependency_links to ../../build/kuka_py_examples/kuka_py_examples.egg-info/dependency_links.txt
[2.099s] writing entry points to ../../build/kuka_py_examples/kuka_py_examples.egg-info/entry_points.txt
[2.099s] writing requirements to ../../build/kuka_py_examples/kuka_py_examples.egg-info/requires.txt
[2.100s] writing top-level names to ../../build/kuka_py_examples/kuka_py_examples.egg-info/top_level.txt
[2.103s] reading manifest file '../../build/kuka_py_examples/kuka_py_examples.egg-info/SOURCES.txt'
[2.105s] writing manifest file '../../build/kuka_py_examples/kuka_py_examples.egg-info/SOURCES.txt'
[2.105s] running build
[2.105s] running build_py
[2.106s] running install
[2.107s] running install_lib
[2.111s] running install_data
[2.111s] running install_egg_info
[2.114s] removing '/home/kuka/kuka_ws/install/kuka_py_examples/lib/python3.10/site-packages/kuka_py_examples-0.0.0-py3.10.egg-info' (and everything under it)
[2.115s] Copying ../../build/kuka_py_examples/kuka_py_examples.egg-info to /home/kuka/kuka_ws/install/kuka_py_examples/lib/python3.10/site-packages/kuka_py_examples-0.0.0-py3.10.egg-info
[2.116s] running install_scripts
[2.164s] Installing simple_publisher script to /home/kuka/kuka_ws/install/kuka_py_examples/lib/kuka_py_examples
[2.165s] Installing simple_subscriber script to /home/kuka/kuka_ws/install/kuka_py_examples/lib/kuka_py_examples
[2.165s] writing list of installed files to '/home/kuka/kuka_ws/build/kuka_py_examples/install.log'
[2.208s] Invoked command in '/home/kuka/kuka_ws/src/kuka_py_examples' returned '0': PYTHONPATH=/home/kuka/kuka_ws/build/kuka_py_examples/prefix_override:/usr/lib/python3/dist-packages/colcon_core/task/python/colcon_distutils_commands:/home/kuka/kuka_ws/install/kuka_py_examples/lib/python3.10/site-packages:${PYTHONPATH} /usr/bin/python3 -W ignore:setup.py install is deprecated setup.py egg_info --egg-base ../../build/kuka_py_examples build --build-base /home/kuka/kuka_ws/build/kuka_py_examples/build install --record /home/kuka/kuka_ws/build/kuka_py_examples/install.log --single-version-externally-managed install_data
