-- Found ament_cmake: 1.3.9 (/opt/ros/humble/share/ament_cmake/cmake)
-- Found rclcpp: 16.0.9 (/opt/ros/humble/share/rclcpp/cmake)
-- Found rosidl_generator_c: 3.1.5 (/opt/ros/humble/share/rosidl_generator_c/cmake)
-- Found rosidl_adapter: 3.1.5 (/opt/ros/humble/share/rosidl_adapter/cmake)
-- Found rosidl_generator_cpp: 3.1.5 (/opt/ros/humble/share/rosidl_generator_cpp/cmake)
-- Using all available rosidl_typesupport_c: rosidl_typesupport_fastrtps_c;rosidl_typesupport_introspection_c
-- Using all available rosidl_typesupport_cpp: rosidl_typesupport_fastrtps_cpp;rosidl_typesupport_introspection_cpp
-- Found rmw_implementation_cmake: 6.1.2 (/opt/ros/humble/share/rmw_implementation_cmake/cmake)
-- Found rmw_fastrtps_cpp: 6.2.6 (/opt/ros/humble/share/rmw_fastrtps_cpp/cmake)
-- Found OpenSSL: /usr/lib/x86_64-linux-gnu/libcrypto.so (found version "3.0.2")  
-- Found FastRTPS: /opt/ros/humble/include  
-- Using RMW implementation 'rmw_fastrtps_cpp' as default
-- Looking for pthread.h
-- Looking for pthread.h - found
-- Performing Test CMAKE_HAVE_LIBC_PTHREAD
-- Performing Test CMAKE_HAVE_LIBC_PTHREAD - Success
-- Found Threads: TRUE  
-- Configuring done
-- Generating done
-- Build files have been written to: /home/kuka/kuka_ws/build/kuka_cpp_examples
[ 25%] [32mBuilding CXX object CMakeFiles/simple_subscriber.dir/src/simple_subscriber.cpp.o[0m
[ 50%] [32mBuilding CXX object CMakeFiles/simple_publisher.dir/src/simple_publisher.cpp.o[0m
[ 75%] [32m[1mLinking CXX executable simple_publisher[0m
[ 75%] Built target simple_publisher
[100%] [32m[1mLinking CXX executable simple_subscriber[0m
[100%] Built target simple_subscriber
-- Install configuration: ""
-- Installing: /home/kuka/kuka_ws/install/kuka_cpp_examples/lib/kuka_cpp_examples/simple_publisher
-- Set runtime path of "/home/kuka/kuka_ws/install/kuka_cpp_examples/lib/kuka_cpp_examples/simple_publisher" to ""
-- Installing: /home/kuka/kuka_ws/install/kuka_cpp_examples/lib/kuka_cpp_examples/simple_subscriber
-- Set runtime path of "/home/kuka/kuka_ws/install/kuka_cpp_examples/lib/kuka_cpp_examples/simple_subscriber" to ""
-- Installing: /home/kuka/kuka_ws/install/kuka_cpp_examples/share/ament_index/resource_index/package_run_dependencies/kuka_cpp_examples
-- Installing: /home/kuka/kuka_ws/install/kuka_cpp_examples/share/ament_index/resource_index/parent_prefix_path/kuka_cpp_examples
-- Up-to-date: /home/kuka/kuka_ws/install/kuka_cpp_examples/share/kuka_cpp_examples/environment/ament_prefix_path.sh
-- Installing: /home/kuka/kuka_ws/install/kuka_cpp_examples/share/kuka_cpp_examples/environment/ament_prefix_path.dsv
-- Up-to-date: /home/kuka/kuka_ws/install/kuka_cpp_examples/share/kuka_cpp_examples/environment/path.sh
-- Installing: /home/kuka/kuka_ws/install/kuka_cpp_examples/share/kuka_cpp_examples/environment/path.dsv
-- Up-to-date: /home/kuka/kuka_ws/install/kuka_cpp_examples/share/kuka_cpp_examples/local_setup.bash
-- Up-to-date: /home/kuka/kuka_ws/install/kuka_cpp_examples/share/kuka_cpp_examples/local_setup.sh
-- Up-to-date: /home/kuka/kuka_ws/install/kuka_cpp_examples/share/kuka_cpp_examples/local_setup.zsh
-- Installing: /home/kuka/kuka_ws/install/kuka_cpp_examples/share/kuka_cpp_examples/local_setup.dsv
-- Installing: /home/kuka/kuka_ws/install/kuka_cpp_examples/share/kuka_cpp_examples/package.dsv
-- Up-to-date: /home/kuka/kuka_ws/install/kuka_cpp_examples/share/ament_index/resource_index/packages/kuka_cpp_examples
-- Up-to-date: /home/kuka/kuka_ws/install/kuka_cpp_examples/share/kuka_cpp_examples/cmake/kuka_cpp_examplesConfig.cmake
-- Up-to-date: /home/kuka/kuka_ws/install/kuka_cpp_examples/share/kuka_cpp_examples/cmake/kuka_cpp_examplesConfig-version.cmake
-- Installing: /home/kuka/kuka_ws/install/kuka_cpp_examples/share/kuka_cpp_examples/package.xml
