[0.237s] DEBUG:colcon:Command line arguments: ['/usr/bin/colcon', 'build']
[0.237s] DEBUG:colcon:Parsed command line arguments: Namespace(log_base=None, log_level=None, verb_name='build', build_base='build', install_base='install', merge_install=False, symlink_install=False, test_result_base=None, continue_on_error=False, executor='parallel', parallel_workers=8, event_handlers=None, ignore_user_meta=False, metas=['./colcon.meta'], base_paths=['.'], packages_ignore=None, packages_ignore_regex=None, paths=None, packages_up_to=None, packages_up_to_regex=None, packages_above=None, packages_above_and_dependencies=None, packages_above_depth=None, packages_select_by_dep=None, packages_skip_by_dep=None, packages_skip_up_to=None, packages_select_build_failed=False, packages_skip_build_finished=False, packages_select_test_failures=False, packages_skip_test_passed=False, packages_select=None, packages_skip=None, packages_select_regex=None, packages_skip_regex=None, packages_start=None, packages_end=None, allow_overriding=[], cmake_args=None, cmake_target=None, cmake_target_skip_unavailable=False, cmake_clean_cache=False, cmake_clean_first=False, cmake_force_configure=False, ament_cmake_args=None, catkin_cmake_args=None, catkin_skip_building_tests=False, verb_parser=<colcon_defaults.argument_parser.defaults.DefaultArgumentsDecorator object at 0x7492e4134be0>, verb_extension=<colcon_core.verb.build.BuildVerb object at 0x7492e4134520>, main=<bound method BuildVerb.main of <colcon_core.verb.build.BuildVerb object at 0x7492e4134520>>)
[0.634s] Level 1:colcon.colcon_core.package_discovery:discover_packages(colcon_meta) check parameters
[0.634s] Level 1:colcon.colcon_core.package_discovery:discover_packages(recursive) check parameters
[0.634s] Level 1:colcon.colcon_core.package_discovery:discover_packages(ignore) check parameters
[0.635s] Level 1:colcon.colcon_core.package_discovery:discover_packages(path) check parameters
[0.635s] Level 1:colcon.colcon_core.package_discovery:discover_packages(colcon_meta) discover
[0.635s] Level 1:colcon.colcon_core.package_discovery:discover_packages(recursive) discover
[0.635s] INFO:colcon.colcon_core.package_discovery:Crawling recursively for packages in '/home/kuka/kuka_ws'
[0.635s] Level 1:colcon.colcon_core.package_identification:_identify(.) by extensions ['ignore', 'ignore_ament_install']
[0.635s] Level 1:colcon.colcon_core.package_identification:_identify(.) by extension 'ignore'
[0.635s] Level 1:colcon.colcon_core.package_identification:_identify(.) by extension 'ignore_ament_install'
[0.635s] Level 1:colcon.colcon_core.package_identification:_identify(.) by extensions ['colcon_pkg']
[0.636s] Level 1:colcon.colcon_core.package_identification:_identify(.) by extension 'colcon_pkg'
[0.636s] Level 1:colcon.colcon_core.package_identification:_identify(.) by extensions ['colcon_meta']
[0.636s] Level 1:colcon.colcon_core.package_identification:_identify(.) by extension 'colcon_meta'
[0.636s] Level 1:colcon.colcon_core.package_identification:_identify(.) by extensions ['ros']
[0.636s] Level 1:colcon.colcon_core.package_identification:_identify(.) by extension 'ros'
[0.661s] Level 1:colcon.colcon_core.package_identification:_identify(.) by extensions ['cmake', 'python']
[0.661s] Level 1:colcon.colcon_core.package_identification:_identify(.) by extension 'cmake'
[0.661s] Level 1:colcon.colcon_core.package_identification:_identify(.) by extension 'python'
[0.661s] Level 1:colcon.colcon_core.package_identification:_identify(.) by extensions ['python_setup_py']
[0.661s] Level 1:colcon.colcon_core.package_identification:_identify(.) by extension 'python_setup_py'
[0.661s] Level 1:colcon.colcon_core.package_identification:_identify(build) by extensions ['ignore', 'ignore_ament_install']
[0.662s] Level 1:colcon.colcon_core.package_identification:_identify(build) by extension 'ignore'
[0.662s] Level 1:colcon.colcon_core.package_identification:_identify(build) ignored
[0.662s] Level 1:colcon.colcon_core.package_identification:_identify(install) by extensions ['ignore', 'ignore_ament_install']
[0.662s] Level 1:colcon.colcon_core.package_identification:_identify(install) by extension 'ignore'
[0.662s] Level 1:colcon.colcon_core.package_identification:_identify(install) ignored
[0.662s] Level 1:colcon.colcon_core.package_identification:_identify(log) by extensions ['ignore', 'ignore_ament_install']
[0.663s] Level 1:colcon.colcon_core.package_identification:_identify(log) by extension 'ignore'
[0.663s] Level 1:colcon.colcon_core.package_identification:_identify(log) ignored
[0.663s] Level 1:colcon.colcon_core.package_identification:_identify(src) by extensions ['ignore', 'ignore_ament_install']
[0.663s] Level 1:colcon.colcon_core.package_identification:_identify(src) by extension 'ignore'
[0.663s] Level 1:colcon.colcon_core.package_identification:_identify(src) by extension 'ignore_ament_install'
[0.663s] Level 1:colcon.colcon_core.package_identification:_identify(src) by extensions ['colcon_pkg']
[0.663s] Level 1:colcon.colcon_core.package_identification:_identify(src) by extension 'colcon_pkg'
[0.664s] Level 1:colcon.colcon_core.package_identification:_identify(src) by extensions ['colcon_meta']
[0.664s] Level 1:colcon.colcon_core.package_identification:_identify(src) by extension 'colcon_meta'
[0.664s] Level 1:colcon.colcon_core.package_identification:_identify(src) by extensions ['ros']
[0.664s] Level 1:colcon.colcon_core.package_identification:_identify(src) by extension 'ros'
[0.664s] Level 1:colcon.colcon_core.package_identification:_identify(src) by extensions ['cmake', 'python']
[0.664s] Level 1:colcon.colcon_core.package_identification:_identify(src) by extension 'cmake'
[0.664s] Level 1:colcon.colcon_core.package_identification:_identify(src) by extension 'python'
[0.664s] Level 1:colcon.colcon_core.package_identification:_identify(src) by extensions ['python_setup_py']
[0.664s] Level 1:colcon.colcon_core.package_identification:_identify(src) by extension 'python_setup_py'
[0.665s] Level 1:colcon.colcon_core.package_identification:_identify(src/kuka_cpp_examples) by extensions ['ignore', 'ignore_ament_install']
[0.665s] Level 1:colcon.colcon_core.package_identification:_identify(src/kuka_cpp_examples) by extension 'ignore'
[0.665s] Level 1:colcon.colcon_core.package_identification:_identify(src/kuka_cpp_examples) by extension 'ignore_ament_install'
[0.665s] Level 1:colcon.colcon_core.package_identification:_identify(src/kuka_cpp_examples) by extensions ['colcon_pkg']
[0.665s] Level 1:colcon.colcon_core.package_identification:_identify(src/kuka_cpp_examples) by extension 'colcon_pkg'
[0.665s] Level 1:colcon.colcon_core.package_identification:_identify(src/kuka_cpp_examples) by extensions ['colcon_meta']
[0.665s] Level 1:colcon.colcon_core.package_identification:_identify(src/kuka_cpp_examples) by extension 'colcon_meta'
[0.665s] Level 1:colcon.colcon_core.package_identification:_identify(src/kuka_cpp_examples) by extensions ['ros']
[0.665s] Level 1:colcon.colcon_core.package_identification:_identify(src/kuka_cpp_examples) by extension 'ros'
[0.671s] DEBUG:colcon.colcon_core.package_identification:Package 'src/kuka_cpp_examples' with type 'ros.ament_cmake' and name 'kuka_cpp_examples'
[0.671s] Level 1:colcon.colcon_core.package_identification:_identify(src/kuka_description) by extensions ['ignore', 'ignore_ament_install']
[0.671s] Level 1:colcon.colcon_core.package_identification:_identify(src/kuka_description) by extension 'ignore'
[0.671s] Level 1:colcon.colcon_core.package_identification:_identify(src/kuka_description) by extension 'ignore_ament_install'
[0.671s] Level 1:colcon.colcon_core.package_identification:_identify(src/kuka_description) by extensions ['colcon_pkg']
[0.671s] Level 1:colcon.colcon_core.package_identification:_identify(src/kuka_description) by extension 'colcon_pkg'
[0.671s] Level 1:colcon.colcon_core.package_identification:_identify(src/kuka_description) by extensions ['colcon_meta']
[0.672s] Level 1:colcon.colcon_core.package_identification:_identify(src/kuka_description) by extension 'colcon_meta'
[0.672s] Level 1:colcon.colcon_core.package_identification:_identify(src/kuka_description) by extensions ['ros']
[0.672s] Level 1:colcon.colcon_core.package_identification:_identify(src/kuka_description) by extension 'ros'
[0.673s] DEBUG:colcon.colcon_core.package_identification:Package 'src/kuka_description' with type 'ros.ament_cmake' and name 'kuka_description'
[0.674s] Level 1:colcon.colcon_core.package_identification:_identify(src/kuka_py_examples) by extensions ['ignore', 'ignore_ament_install']
[0.674s] Level 1:colcon.colcon_core.package_identification:_identify(src/kuka_py_examples) by extension 'ignore'
[0.674s] Level 1:colcon.colcon_core.package_identification:_identify(src/kuka_py_examples) by extension 'ignore_ament_install'
[0.674s] Level 1:colcon.colcon_core.package_identification:_identify(src/kuka_py_examples) by extensions ['colcon_pkg']
[0.674s] Level 1:colcon.colcon_core.package_identification:_identify(src/kuka_py_examples) by extension 'colcon_pkg'
[0.674s] Level 1:colcon.colcon_core.package_identification:_identify(src/kuka_py_examples) by extensions ['colcon_meta']
[0.674s] Level 1:colcon.colcon_core.package_identification:_identify(src/kuka_py_examples) by extension 'colcon_meta'
[0.674s] Level 1:colcon.colcon_core.package_identification:_identify(src/kuka_py_examples) by extensions ['ros']
[0.674s] Level 1:colcon.colcon_core.package_identification:_identify(src/kuka_py_examples) by extension 'ros'
[0.676s] DEBUG:colcon.colcon_core.package_identification:Package 'src/kuka_py_examples' with type 'ros.ament_python' and name 'kuka_py_examples'
[0.676s] Level 1:colcon.colcon_core.package_discovery:discover_packages(recursive) using defaults
[0.676s] Level 1:colcon.colcon_core.package_discovery:discover_packages(ignore) discover
[0.676s] Level 1:colcon.colcon_core.package_discovery:discover_packages(ignore) using defaults
[0.676s] Level 1:colcon.colcon_core.package_discovery:discover_packages(path) discover
[0.676s] Level 1:colcon.colcon_core.package_discovery:discover_packages(path) using defaults
[0.718s] Level 1:colcon.colcon_core.package_discovery:discover_packages(prefix_path) check parameters
[0.718s] Level 1:colcon.colcon_core.package_discovery:discover_packages(prefix_path) discover
[0.722s] DEBUG:colcon.colcon_installed_package_information.package_discovery:Found 3 installed packages in /home/kuka/kuka_ws/install
[0.726s] DEBUG:colcon.colcon_installed_package_information.package_discovery:Found 354 installed packages in /opt/ros/humble
[0.731s] Level 1:colcon.colcon_core.package_discovery:discover_packages(prefix_path) using defaults
[0.856s] Level 5:colcon.colcon_core.verb:set package 'kuka_cpp_examples' build argument 'cmake_args' from command line to 'None'
[0.857s] Level 5:colcon.colcon_core.verb:set package 'kuka_cpp_examples' build argument 'cmake_target' from command line to 'None'
[0.857s] Level 5:colcon.colcon_core.verb:set package 'kuka_cpp_examples' build argument 'cmake_target_skip_unavailable' from command line to 'False'
[0.857s] Level 5:colcon.colcon_core.verb:set package 'kuka_cpp_examples' build argument 'cmake_clean_cache' from command line to 'False'
[0.857s] Level 5:colcon.colcon_core.verb:set package 'kuka_cpp_examples' build argument 'cmake_clean_first' from command line to 'False'
[0.857s] Level 5:colcon.colcon_core.verb:set package 'kuka_cpp_examples' build argument 'cmake_force_configure' from command line to 'False'
[0.857s] Level 5:colcon.colcon_core.verb:set package 'kuka_cpp_examples' build argument 'ament_cmake_args' from command line to 'None'
[0.857s] Level 5:colcon.colcon_core.verb:set package 'kuka_cpp_examples' build argument 'catkin_cmake_args' from command line to 'None'
[0.857s] Level 5:colcon.colcon_core.verb:set package 'kuka_cpp_examples' build argument 'catkin_skip_building_tests' from command line to 'False'
[0.857s] DEBUG:colcon.colcon_core.verb:Building package 'kuka_cpp_examples' with the following arguments: {'ament_cmake_args': None, 'build_base': '/home/kuka/kuka_ws/build/kuka_cpp_examples', 'catkin_cmake_args': None, 'catkin_skip_building_tests': False, 'cmake_args': None, 'cmake_clean_cache': False, 'cmake_clean_first': False, 'cmake_force_configure': False, 'cmake_target': None, 'cmake_target_skip_unavailable': False, 'install_base': '/home/kuka/kuka_ws/install/kuka_cpp_examples', 'merge_install': False, 'path': '/home/kuka/kuka_ws/src/kuka_cpp_examples', 'symlink_install': False, 'test_result_base': None}
[0.859s] Level 5:colcon.colcon_core.verb:set package 'kuka_description' build argument 'cmake_args' from command line to 'None'
[0.859s] Level 5:colcon.colcon_core.verb:set package 'kuka_description' build argument 'cmake_target' from command line to 'None'
[0.860s] Level 5:colcon.colcon_core.verb:set package 'kuka_description' build argument 'cmake_target_skip_unavailable' from command line to 'False'
[0.860s] Level 5:colcon.colcon_core.verb:set package 'kuka_description' build argument 'cmake_clean_cache' from command line to 'False'
[0.860s] Level 5:colcon.colcon_core.verb:set package 'kuka_description' build argument 'cmake_clean_first' from command line to 'False'
[0.860s] Level 5:colcon.colcon_core.verb:set package 'kuka_description' build argument 'cmake_force_configure' from command line to 'False'
[0.860s] Level 5:colcon.colcon_core.verb:set package 'kuka_description' build argument 'ament_cmake_args' from command line to 'None'
[0.860s] Level 5:colcon.colcon_core.verb:set package 'kuka_description' build argument 'catkin_cmake_args' from command line to 'None'
[0.860s] Level 5:colcon.colcon_core.verb:set package 'kuka_description' build argument 'catkin_skip_building_tests' from command line to 'False'
[0.860s] DEBUG:colcon.colcon_core.verb:Building package 'kuka_description' with the following arguments: {'ament_cmake_args': None, 'build_base': '/home/kuka/kuka_ws/build/kuka_description', 'catkin_cmake_args': None, 'catkin_skip_building_tests': False, 'cmake_args': None, 'cmake_clean_cache': False, 'cmake_clean_first': False, 'cmake_force_configure': False, 'cmake_target': None, 'cmake_target_skip_unavailable': False, 'install_base': '/home/kuka/kuka_ws/install/kuka_description', 'merge_install': False, 'path': '/home/kuka/kuka_ws/src/kuka_description', 'symlink_install': False, 'test_result_base': None}
[0.862s] Level 5:colcon.colcon_core.verb:set package 'kuka_py_examples' build argument 'cmake_args' from command line to 'None'
[0.862s] Level 5:colcon.colcon_core.verb:set package 'kuka_py_examples' build argument 'cmake_target' from command line to 'None'
[0.863s] Level 5:colcon.colcon_core.verb:set package 'kuka_py_examples' build argument 'cmake_target_skip_unavailable' from command line to 'False'
[0.863s] Level 5:colcon.colcon_core.verb:set package 'kuka_py_examples' build argument 'cmake_clean_cache' from command line to 'False'
[0.863s] Level 5:colcon.colcon_core.verb:set package 'kuka_py_examples' build argument 'cmake_clean_first' from command line to 'False'
[0.863s] Level 5:colcon.colcon_core.verb:set package 'kuka_py_examples' build argument 'cmake_force_configure' from command line to 'False'
[0.863s] Level 5:colcon.colcon_core.verb:set package 'kuka_py_examples' build argument 'ament_cmake_args' from command line to 'None'
[0.863s] Level 5:colcon.colcon_core.verb:set package 'kuka_py_examples' build argument 'catkin_cmake_args' from command line to 'None'
[0.863s] Level 5:colcon.colcon_core.verb:set package 'kuka_py_examples' build argument 'catkin_skip_building_tests' from command line to 'False'
[0.863s] DEBUG:colcon.colcon_core.verb:Building package 'kuka_py_examples' with the following arguments: {'ament_cmake_args': None, 'build_base': '/home/kuka/kuka_ws/build/kuka_py_examples', 'catkin_cmake_args': None, 'catkin_skip_building_tests': False, 'cmake_args': None, 'cmake_clean_cache': False, 'cmake_clean_first': False, 'cmake_force_configure': False, 'cmake_target': None, 'cmake_target_skip_unavailable': False, 'install_base': '/home/kuka/kuka_ws/install/kuka_py_examples', 'merge_install': False, 'path': '/home/kuka/kuka_ws/src/kuka_py_examples', 'symlink_install': False, 'test_result_base': None}
[0.864s] INFO:colcon.colcon_core.executor:Executing jobs using 'parallel' executor
[0.866s] DEBUG:colcon.colcon_parallel_executor.executor.parallel:run_until_complete
[0.866s] INFO:colcon.colcon_ros.task.ament_cmake.build:Building ROS package in '/home/kuka/kuka_ws/src/kuka_cpp_examples' with build type 'ament_cmake'
[0.867s] INFO:colcon.colcon_cmake.task.cmake.build:Building CMake package in '/home/kuka/kuka_ws/src/kuka_cpp_examples'
[0.871s] INFO:colcon.colcon_core.plugin_system:Skipping extension 'colcon_core.shell.bat': Not used on non-Windows systems
[0.872s] INFO:colcon.colcon_core.shell:Skip shell extension 'powershell' for command environment: Not usable outside of PowerShell
[0.872s] DEBUG:colcon.colcon_core.shell:Skip shell extension 'dsv' for command environment
[0.882s] INFO:colcon.colcon_ros.task.ament_cmake.build:Building ROS package in '/home/kuka/kuka_ws/src/kuka_description' with build type 'ament_cmake'
[0.882s] INFO:colcon.colcon_cmake.task.cmake.build:Building CMake package in '/home/kuka/kuka_ws/src/kuka_description'
[0.883s] INFO:colcon.colcon_core.shell:Skip shell extension 'powershell' for command environment: Not usable outside of PowerShell
[0.883s] DEBUG:colcon.colcon_core.shell:Skip shell extension 'dsv' for command environment
[0.890s] INFO:colcon.colcon_ros.task.ament_python.build:Building ROS package in '/home/kuka/kuka_ws/src/kuka_py_examples' with build type 'ament_python'
[0.890s] Level 1:colcon.colcon_core.shell:create_environment_hook('kuka_py_examples', 'ament_prefix_path')
[0.891s] INFO:colcon.colcon_core.shell:Creating environment hook '/home/kuka/kuka_ws/install/kuka_py_examples/share/kuka_py_examples/hook/ament_prefix_path.ps1'
[0.893s] INFO:colcon.colcon_core.shell:Creating environment descriptor '/home/kuka/kuka_ws/install/kuka_py_examples/share/kuka_py_examples/hook/ament_prefix_path.dsv'
[0.895s] INFO:colcon.colcon_core.shell:Creating environment hook '/home/kuka/kuka_ws/install/kuka_py_examples/share/kuka_py_examples/hook/ament_prefix_path.sh'
[0.898s] INFO:colcon.colcon_core.shell:Skip shell extension 'powershell' for command environment: Not usable outside of PowerShell
[0.898s] DEBUG:colcon.colcon_core.shell:Skip shell extension 'dsv' for command environment
[0.921s] DEBUG:colcon.colcon_core.event_handler.log_command:Invoking command in '/home/kuka/kuka_ws/build/kuka_cpp_examples': CMAKE_PREFIX_PATH=${CMAKE_PREFIX_PATH}:/home/kuka/kuka_ws/install/kuka_py_examples:/opt/ros/humble /usr/bin/cmake --build /home/kuka/kuka_ws/build/kuka_cpp_examples -- -j8 -l8
[0.933s] DEBUG:colcon.colcon_core.event_handler.log_command:Invoking command in '/home/kuka/kuka_ws/build/kuka_description': CMAKE_PREFIX_PATH=${CMAKE_PREFIX_PATH}:/home/kuka/kuka_ws/install/kuka_py_examples:/opt/ros/humble /usr/bin/cmake --build /home/kuka/kuka_ws/build/kuka_description -- -j8 -l8
[1.530s] INFO:colcon.colcon_core.task.python.build:Building Python package in '/home/kuka/kuka_ws/src/kuka_py_examples'
[1.531s] INFO:colcon.colcon_core.shell:Skip shell extension 'powershell' for command environment: Not usable outside of PowerShell
[1.531s] DEBUG:colcon.colcon_core.shell:Skip shell extension 'dsv' for command environment
[1.541s] DEBUG:colcon.colcon_core.event_handler.log_command:Invoked command in '/home/kuka/kuka_ws/build/kuka_cpp_examples' returned '0': CMAKE_PREFIX_PATH=${CMAKE_PREFIX_PATH}:/home/kuka/kuka_ws/install/kuka_py_examples:/opt/ros/humble /usr/bin/cmake --build /home/kuka/kuka_ws/build/kuka_cpp_examples -- -j8 -l8
[1.543s] DEBUG:colcon.colcon_core.event_handler.log_command:Invoked command in '/home/kuka/kuka_ws/build/kuka_description' returned '0': CMAKE_PREFIX_PATH=${CMAKE_PREFIX_PATH}:/home/kuka/kuka_ws/install/kuka_py_examples:/opt/ros/humble /usr/bin/cmake --build /home/kuka/kuka_ws/build/kuka_description -- -j8 -l8
[1.612s] DEBUG:colcon.colcon_core.event_handler.log_command:Invoking command in '/home/kuka/kuka_ws/build/kuka_description': CMAKE_PREFIX_PATH=${CMAKE_PREFIX_PATH}:/home/kuka/kuka_ws/install/kuka_py_examples:/opt/ros/humble /usr/bin/cmake --install /home/kuka/kuka_ws/build/kuka_description
[1.618s] DEBUG:colcon.colcon_core.event_handler.log_command:Invoking command in '/home/kuka/kuka_ws/build/kuka_cpp_examples': CMAKE_PREFIX_PATH=${CMAKE_PREFIX_PATH}:/home/kuka/kuka_ws/install/kuka_py_examples:/opt/ros/humble /usr/bin/cmake --install /home/kuka/kuka_ws/build/kuka_cpp_examples
[1.638s] Level 1:colcon.colcon_core.environment:create_environment_scripts_only(kuka_description)
[1.650s] DEBUG:colcon.colcon_core.event_handler.log_command:Invoked command in '/home/kuka/kuka_ws/build/kuka_description' returned '0': CMAKE_PREFIX_PATH=${CMAKE_PREFIX_PATH}:/home/kuka/kuka_ws/install/kuka_py_examples:/opt/ros/humble /usr/bin/cmake --install /home/kuka/kuka_ws/build/kuka_description
[1.651s] Level 1:colcon.colcon_core.environment:checking '/home/kuka/kuka_ws/install/kuka_description' for CMake module files
[1.653s] Level 1:colcon.colcon_core.environment:checking '/home/kuka/kuka_ws/install/kuka_description' for CMake config files
[1.654s] Level 1:colcon.colcon_core.shell:create_environment_hook('kuka_description', 'cmake_prefix_path')
[1.654s] INFO:colcon.colcon_core.shell:Creating environment hook '/home/kuka/kuka_ws/install/kuka_description/share/kuka_description/hook/cmake_prefix_path.ps1'
[1.655s] INFO:colcon.colcon_core.shell:Creating environment descriptor '/home/kuka/kuka_ws/install/kuka_description/share/kuka_description/hook/cmake_prefix_path.dsv'
[1.655s] INFO:colcon.colcon_core.shell:Creating environment hook '/home/kuka/kuka_ws/install/kuka_description/share/kuka_description/hook/cmake_prefix_path.sh'
[1.657s] Level 1:colcon.colcon_core.environment:checking '/home/kuka/kuka_ws/install/kuka_description/bin'
[1.657s] Level 1:colcon.colcon_core.environment:checking '/home/kuka/kuka_ws/install/kuka_description/lib/pkgconfig/kuka_description.pc'
[1.657s] Level 1:colcon.colcon_core.environment:checking '/home/kuka/kuka_ws/install/kuka_description/lib/python3.10/site-packages'
[1.658s] Level 1:colcon.colcon_core.environment:checking '/home/kuka/kuka_ws/install/kuka_description/bin'
[1.658s] INFO:colcon.colcon_core.shell:Creating package script '/home/kuka/kuka_ws/install/kuka_description/share/kuka_description/package.ps1'
[1.660s] INFO:colcon.colcon_core.shell:Creating package descriptor '/home/kuka/kuka_ws/install/kuka_description/share/kuka_description/package.dsv'
[1.661s] INFO:colcon.colcon_core.shell:Creating package script '/home/kuka/kuka_ws/install/kuka_description/share/kuka_description/package.sh'
[1.663s] INFO:colcon.colcon_core.shell:Creating package script '/home/kuka/kuka_ws/install/kuka_description/share/kuka_description/package.bash'
[1.664s] INFO:colcon.colcon_core.shell:Creating package script '/home/kuka/kuka_ws/install/kuka_description/share/kuka_description/package.zsh'
[1.666s] Level 1:colcon.colcon_core.environment:create_file_with_runtime_dependencies(/home/kuka/kuka_ws/install/kuka_description/share/colcon-core/packages/kuka_description)
[1.669s] Level 1:colcon.colcon_core.environment:create_environment_scripts_only(kuka_cpp_examples)
[1.670s] Level 1:colcon.colcon_core.environment:checking '/home/kuka/kuka_ws/install/kuka_cpp_examples' for CMake module files
[1.671s] DEBUG:colcon.colcon_core.event_handler.log_command:Invoked command in '/home/kuka/kuka_ws/build/kuka_cpp_examples' returned '0': CMAKE_PREFIX_PATH=${CMAKE_PREFIX_PATH}:/home/kuka/kuka_ws/install/kuka_py_examples:/opt/ros/humble /usr/bin/cmake --install /home/kuka/kuka_ws/build/kuka_cpp_examples
[1.672s] Level 1:colcon.colcon_core.environment:checking '/home/kuka/kuka_ws/install/kuka_cpp_examples' for CMake config files
[1.673s] Level 1:colcon.colcon_core.shell:create_environment_hook('kuka_cpp_examples', 'cmake_prefix_path')
[1.674s] INFO:colcon.colcon_core.shell:Creating environment hook '/home/kuka/kuka_ws/install/kuka_cpp_examples/share/kuka_cpp_examples/hook/cmake_prefix_path.ps1'
[1.675s] INFO:colcon.colcon_core.shell:Creating environment descriptor '/home/kuka/kuka_ws/install/kuka_cpp_examples/share/kuka_cpp_examples/hook/cmake_prefix_path.dsv'
[1.675s] INFO:colcon.colcon_core.shell:Creating environment hook '/home/kuka/kuka_ws/install/kuka_cpp_examples/share/kuka_cpp_examples/hook/cmake_prefix_path.sh'
[1.677s] Level 1:colcon.colcon_core.environment:checking '/home/kuka/kuka_ws/install/kuka_cpp_examples/lib'
[1.677s] Level 1:colcon.colcon_core.environment:checking '/home/kuka/kuka_ws/install/kuka_cpp_examples/bin'
[1.677s] Level 1:colcon.colcon_core.environment:checking '/home/kuka/kuka_ws/install/kuka_cpp_examples/lib/pkgconfig/kuka_cpp_examples.pc'
[1.678s] Level 1:colcon.colcon_core.environment:checking '/home/kuka/kuka_ws/install/kuka_cpp_examples/lib/python3.10/site-packages'
[1.678s] Level 1:colcon.colcon_core.environment:checking '/home/kuka/kuka_ws/install/kuka_cpp_examples/bin'
[1.679s] INFO:colcon.colcon_core.shell:Creating package script '/home/kuka/kuka_ws/install/kuka_cpp_examples/share/kuka_cpp_examples/package.ps1'
[1.680s] INFO:colcon.colcon_core.shell:Creating package descriptor '/home/kuka/kuka_ws/install/kuka_cpp_examples/share/kuka_cpp_examples/package.dsv'
[1.680s] INFO:colcon.colcon_core.shell:Creating package script '/home/kuka/kuka_ws/install/kuka_cpp_examples/share/kuka_cpp_examples/package.sh'
[1.681s] INFO:colcon.colcon_core.shell:Creating package script '/home/kuka/kuka_ws/install/kuka_cpp_examples/share/kuka_cpp_examples/package.bash'
[1.682s] INFO:colcon.colcon_core.shell:Creating package script '/home/kuka/kuka_ws/install/kuka_cpp_examples/share/kuka_cpp_examples/package.zsh'
[1.683s] Level 1:colcon.colcon_core.environment:create_file_with_runtime_dependencies(/home/kuka/kuka_ws/install/kuka_cpp_examples/share/colcon-core/packages/kuka_cpp_examples)
[1.712s] Level 1:colcon.colcon_core.environment:create_environment_scripts_only(kuka_description)
[1.713s] Level 1:colcon.colcon_core.environment:checking '/home/kuka/kuka_ws/install/kuka_description' for CMake module files
[1.714s] Level 1:colcon.colcon_core.environment:checking '/home/kuka/kuka_ws/install/kuka_description' for CMake config files
[1.715s] Level 1:colcon.colcon_core.shell:create_environment_hook('kuka_description', 'cmake_prefix_path')
[1.715s] INFO:colcon.colcon_core.shell:Creating environment hook '/home/kuka/kuka_ws/install/kuka_description/share/kuka_description/hook/cmake_prefix_path.ps1'
[1.716s] INFO:colcon.colcon_core.shell:Creating environment descriptor '/home/kuka/kuka_ws/install/kuka_description/share/kuka_description/hook/cmake_prefix_path.dsv'
[1.717s] INFO:colcon.colcon_core.shell:Creating environment hook '/home/kuka/kuka_ws/install/kuka_description/share/kuka_description/hook/cmake_prefix_path.sh'
[1.719s] Level 1:colcon.colcon_core.environment:checking '/home/kuka/kuka_ws/install/kuka_description/bin'
[1.719s] Level 1:colcon.colcon_core.environment:checking '/home/kuka/kuka_ws/install/kuka_description/lib/pkgconfig/kuka_description.pc'
[1.720s] Level 1:colcon.colcon_core.environment:checking '/home/kuka/kuka_ws/install/kuka_description/lib/python3.10/site-packages'
[1.720s] Level 1:colcon.colcon_core.environment:checking '/home/kuka/kuka_ws/install/kuka_description/bin'
[1.721s] INFO:colcon.colcon_core.shell:Creating package script '/home/kuka/kuka_ws/install/kuka_description/share/kuka_description/package.ps1'
[1.722s] INFO:colcon.colcon_core.shell:Creating package descriptor '/home/kuka/kuka_ws/install/kuka_description/share/kuka_description/package.dsv'
[1.723s] INFO:colcon.colcon_core.shell:Creating package script '/home/kuka/kuka_ws/install/kuka_description/share/kuka_description/package.sh'
[1.725s] INFO:colcon.colcon_core.shell:Creating package script '/home/kuka/kuka_ws/install/kuka_description/share/kuka_description/package.bash'
[1.726s] INFO:colcon.colcon_core.shell:Creating package script '/home/kuka/kuka_ws/install/kuka_description/share/kuka_description/package.zsh'
[1.727s] Level 1:colcon.colcon_core.environment:create_file_with_runtime_dependencies(/home/kuka/kuka_ws/install/kuka_description/share/colcon-core/packages/kuka_description)
[1.746s] Level 1:colcon.colcon_core.environment:create_environment_scripts_only(kuka_cpp_examples)
[1.747s] Level 1:colcon.colcon_core.environment:checking '/home/kuka/kuka_ws/install/kuka_cpp_examples' for CMake module files
[1.748s] Level 1:colcon.colcon_core.environment:checking '/home/kuka/kuka_ws/install/kuka_cpp_examples' for CMake config files
[1.748s] Level 1:colcon.colcon_core.shell:create_environment_hook('kuka_cpp_examples', 'cmake_prefix_path')
[1.749s] INFO:colcon.colcon_core.shell:Creating environment hook '/home/kuka/kuka_ws/install/kuka_cpp_examples/share/kuka_cpp_examples/hook/cmake_prefix_path.ps1'
[1.750s] INFO:colcon.colcon_core.shell:Creating environment descriptor '/home/kuka/kuka_ws/install/kuka_cpp_examples/share/kuka_cpp_examples/hook/cmake_prefix_path.dsv'
[1.751s] INFO:colcon.colcon_core.shell:Creating environment hook '/home/kuka/kuka_ws/install/kuka_cpp_examples/share/kuka_cpp_examples/hook/cmake_prefix_path.sh'
[1.752s] Level 1:colcon.colcon_core.environment:checking '/home/kuka/kuka_ws/install/kuka_cpp_examples/lib'
[1.752s] Level 1:colcon.colcon_core.environment:checking '/home/kuka/kuka_ws/install/kuka_cpp_examples/bin'
[1.752s] Level 1:colcon.colcon_core.environment:checking '/home/kuka/kuka_ws/install/kuka_cpp_examples/lib/pkgconfig/kuka_cpp_examples.pc'
[1.752s] Level 1:colcon.colcon_core.environment:checking '/home/kuka/kuka_ws/install/kuka_cpp_examples/lib/python3.10/site-packages'
[1.753s] Level 1:colcon.colcon_core.environment:checking '/home/kuka/kuka_ws/install/kuka_cpp_examples/bin'
[1.754s] INFO:colcon.colcon_core.shell:Creating package script '/home/kuka/kuka_ws/install/kuka_cpp_examples/share/kuka_cpp_examples/package.ps1'
[1.755s] INFO:colcon.colcon_core.shell:Creating package descriptor '/home/kuka/kuka_ws/install/kuka_cpp_examples/share/kuka_cpp_examples/package.dsv'
[1.756s] INFO:colcon.colcon_core.shell:Creating package script '/home/kuka/kuka_ws/install/kuka_cpp_examples/share/kuka_cpp_examples/package.sh'
[1.758s] INFO:colcon.colcon_core.shell:Creating package script '/home/kuka/kuka_ws/install/kuka_cpp_examples/share/kuka_cpp_examples/package.bash'
[1.759s] INFO:colcon.colcon_core.shell:Creating package script '/home/kuka/kuka_ws/install/kuka_cpp_examples/share/kuka_cpp_examples/package.zsh'
[1.760s] Level 1:colcon.colcon_core.environment:create_file_with_runtime_dependencies(/home/kuka/kuka_ws/install/kuka_cpp_examples/share/colcon-core/packages/kuka_cpp_examples)
[2.368s] DEBUG:colcon.colcon_core.event_handler.log_command:Invoking command in '/home/kuka/kuka_ws/src/kuka_py_examples': PYTHONPATH=/home/kuka/kuka_ws/build/kuka_py_examples/prefix_override:/usr/lib/python3/dist-packages/colcon_core/task/python/colcon_distutils_commands:/home/kuka/kuka_ws/install/kuka_py_examples/lib/python3.10/site-packages:${PYTHONPATH} /usr/bin/python3 -W ignore:setup.py install is deprecated setup.py egg_info --egg-base ../../build/kuka_py_examples build --build-base /home/kuka/kuka_ws/build/kuka_py_examples/build install --record /home/kuka/kuka_ws/build/kuka_py_examples/install.log --single-version-externally-managed install_data
[3.039s] Level 1:colcon.colcon_core.environment:checking '/home/kuka/kuka_ws/install/kuka_py_examples' for CMake module files
[3.041s] DEBUG:colcon.colcon_core.event_handler.log_command:Invoked command in '/home/kuka/kuka_ws/src/kuka_py_examples' returned '0': PYTHONPATH=/home/kuka/kuka_ws/build/kuka_py_examples/prefix_override:/usr/lib/python3/dist-packages/colcon_core/task/python/colcon_distutils_commands:/home/kuka/kuka_ws/install/kuka_py_examples/lib/python3.10/site-packages:${PYTHONPATH} /usr/bin/python3 -W ignore:setup.py install is deprecated setup.py egg_info --egg-base ../../build/kuka_py_examples build --build-base /home/kuka/kuka_ws/build/kuka_py_examples/build install --record /home/kuka/kuka_ws/build/kuka_py_examples/install.log --single-version-externally-managed install_data
[3.042s] Level 1:colcon.colcon_core.environment:checking '/home/kuka/kuka_ws/install/kuka_py_examples' for CMake config files
[3.043s] Level 1:colcon.colcon_core.environment:checking '/home/kuka/kuka_ws/install/kuka_py_examples/lib'
[3.043s] Level 1:colcon.colcon_core.environment:checking '/home/kuka/kuka_ws/install/kuka_py_examples/bin'
[3.043s] Level 1:colcon.colcon_core.environment:checking '/home/kuka/kuka_ws/install/kuka_py_examples/lib/pkgconfig/kuka_py_examples.pc'
[3.044s] Level 1:colcon.colcon_core.environment:checking '/home/kuka/kuka_ws/install/kuka_py_examples/lib/python3.10/site-packages'
[3.044s] Level 1:colcon.colcon_core.shell:create_environment_hook('kuka_py_examples', 'pythonpath')
[3.045s] INFO:colcon.colcon_core.shell:Creating environment hook '/home/kuka/kuka_ws/install/kuka_py_examples/share/kuka_py_examples/hook/pythonpath.ps1'
[3.046s] INFO:colcon.colcon_core.shell:Creating environment descriptor '/home/kuka/kuka_ws/install/kuka_py_examples/share/kuka_py_examples/hook/pythonpath.dsv'
[3.047s] INFO:colcon.colcon_core.shell:Creating environment hook '/home/kuka/kuka_ws/install/kuka_py_examples/share/kuka_py_examples/hook/pythonpath.sh'
[3.048s] Level 1:colcon.colcon_core.environment:checking '/home/kuka/kuka_ws/install/kuka_py_examples/bin'
[3.048s] Level 1:colcon.colcon_core.environment:create_environment_scripts_only(kuka_py_examples)
[3.049s] INFO:colcon.colcon_core.shell:Creating package script '/home/kuka/kuka_ws/install/kuka_py_examples/share/kuka_py_examples/package.ps1'
[3.050s] INFO:colcon.colcon_core.shell:Creating package descriptor '/home/kuka/kuka_ws/install/kuka_py_examples/share/kuka_py_examples/package.dsv'
[3.051s] INFO:colcon.colcon_core.shell:Creating package script '/home/kuka/kuka_ws/install/kuka_py_examples/share/kuka_py_examples/package.sh'
[3.053s] INFO:colcon.colcon_core.shell:Creating package script '/home/kuka/kuka_ws/install/kuka_py_examples/share/kuka_py_examples/package.bash'
[3.053s] INFO:colcon.colcon_core.shell:Creating package script '/home/kuka/kuka_ws/install/kuka_py_examples/share/kuka_py_examples/package.zsh'
[3.054s] Level 1:colcon.colcon_core.environment:create_file_with_runtime_dependencies(/home/kuka/kuka_ws/install/kuka_py_examples/share/colcon-core/packages/kuka_py_examples)
[3.055s] DEBUG:colcon.colcon_parallel_executor.executor.parallel:closing loop
[3.056s] DEBUG:colcon.colcon_parallel_executor.executor.parallel:loop closed
[3.056s] DEBUG:colcon.colcon_parallel_executor.executor.parallel:run_until_complete finished with '0'
[3.056s] DEBUG:colcon.colcon_core.event_reactor:joining thread
[3.066s] INFO:colcon.colcon_core.plugin_system:Skipping extension 'colcon_notification.desktop_notification.terminal_notifier': Not used on non-Darwin systems
[3.067s] INFO:colcon.colcon_core.plugin_system:Skipping extension 'colcon_notification.desktop_notification.win32': Not used on non-Windows systems
[3.067s] INFO:colcon.colcon_notification.desktop_notification:Sending desktop notification using 'notify2'
[3.091s] DEBUG:colcon.colcon_core.event_reactor:joined thread
[3.092s] INFO:colcon.colcon_core.shell:Creating prefix script '/home/kuka/kuka_ws/install/local_setup.ps1'
[3.094s] INFO:colcon.colcon_core.shell:Creating prefix util module '/home/kuka/kuka_ws/install/_local_setup_util_ps1.py'
[3.097s] INFO:colcon.colcon_core.shell:Creating prefix chain script '/home/kuka/kuka_ws/install/setup.ps1'
[3.100s] INFO:colcon.colcon_core.shell:Creating prefix script '/home/kuka/kuka_ws/install/local_setup.sh'
[3.102s] INFO:colcon.colcon_core.shell:Creating prefix util module '/home/kuka/kuka_ws/install/_local_setup_util_sh.py'
[3.103s] INFO:colcon.colcon_core.shell:Creating prefix chain script '/home/kuka/kuka_ws/install/setup.sh'
[3.105s] INFO:colcon.colcon_core.shell:Creating prefix script '/home/kuka/kuka_ws/install/local_setup.bash'
[3.106s] INFO:colcon.colcon_core.shell:Creating prefix chain script '/home/kuka/kuka_ws/install/setup.bash'
[3.109s] INFO:colcon.colcon_core.shell:Creating prefix script '/home/kuka/kuka_ws/install/local_setup.zsh'
[3.110s] INFO:colcon.colcon_core.shell:Creating prefix chain script '/home/kuka/kuka_ws/install/setup.zsh'
