[0.237s] DEBUG:colcon:Command line arguments: ['/usr/bin/colcon', 'build']
[0.237s] DEBUG:colcon:Parsed command line arguments: Namespace(log_base=None, log_level=None, verb_name='build', build_base='build', install_base='install', merge_install=False, symlink_install=False, test_result_base=None, continue_on_error=False, executor='parallel', parallel_workers=8, event_handlers=None, ignore_user_meta=False, metas=['./colcon.meta'], base_paths=['.'], packages_ignore=None, packages_ignore_regex=None, paths=None, packages_up_to=None, packages_up_to_regex=None, packages_above=None, packages_above_and_dependencies=None, packages_above_depth=None, packages_select_by_dep=None, packages_skip_by_dep=None, packages_skip_up_to=None, packages_select_build_failed=False, packages_skip_build_finished=False, packages_select_test_failures=False, packages_skip_test_passed=False, packages_select=None, packages_skip=None, packages_select_regex=None, packages_skip_regex=None, packages_start=None, packages_end=None, allow_overriding=[], cmake_args=None, cmake_target=None, cmake_target_skip_unavailable=False, cmake_clean_cache=False, cmake_clean_first=False, cmake_force_configure=False, ament_cmake_args=None, catkin_cmake_args=None, catkin_skip_building_tests=False, verb_parser=<colcon_defaults.argument_parser.defaults.DefaultArgumentsDecorator object at 0x7b2a1b844be0>, verb_extension=<colcon_core.verb.build.BuildVerb object at 0x7b2a1b844520>, main=<bound method BuildVerb.main of <colcon_core.verb.build.BuildVerb object at 0x7b2a1b844520>>)
[0.616s] Level 1:colcon.colcon_core.package_discovery:discover_packages(colcon_meta) check parameters
[0.616s] Level 1:colcon.colcon_core.package_discovery:discover_packages(recursive) check parameters
[0.616s] Level 1:colcon.colcon_core.package_discovery:discover_packages(ignore) check parameters
[0.616s] Level 1:colcon.colcon_core.package_discovery:discover_packages(path) check parameters
[0.616s] Level 1:colcon.colcon_core.package_discovery:discover_packages(colcon_meta) discover
[0.616s] Level 1:colcon.colcon_core.package_discovery:discover_packages(recursive) discover
[0.616s] INFO:colcon.colcon_core.package_discovery:Crawling recursively for packages in '/home/kuka/kuka_ws'
[0.616s] Level 1:colcon.colcon_core.package_identification:_identify(.) by extensions ['ignore', 'ignore_ament_install']
[0.617s] Level 1:colcon.colcon_core.package_identification:_identify(.) by extension 'ignore'
[0.617s] Level 1:colcon.colcon_core.package_identification:_identify(.) by extension 'ignore_ament_install'
[0.617s] Level 1:colcon.colcon_core.package_identification:_identify(.) by extensions ['colcon_pkg']
[0.617s] Level 1:colcon.colcon_core.package_identification:_identify(.) by extension 'colcon_pkg'
[0.617s] Level 1:colcon.colcon_core.package_identification:_identify(.) by extensions ['colcon_meta']
[0.617s] Level 1:colcon.colcon_core.package_identification:_identify(.) by extension 'colcon_meta'
[0.617s] Level 1:colcon.colcon_core.package_identification:_identify(.) by extensions ['ros']
[0.617s] Level 1:colcon.colcon_core.package_identification:_identify(.) by extension 'ros'
[0.642s] Level 1:colcon.colcon_core.package_identification:_identify(.) by extensions ['cmake', 'python']
[0.642s] Level 1:colcon.colcon_core.package_identification:_identify(.) by extension 'cmake'
[0.642s] Level 1:colcon.colcon_core.package_identification:_identify(.) by extension 'python'
[0.643s] Level 1:colcon.colcon_core.package_identification:_identify(.) by extensions ['python_setup_py']
[0.643s] Level 1:colcon.colcon_core.package_identification:_identify(.) by extension 'python_setup_py'
[0.643s] Level 1:colcon.colcon_core.package_identification:_identify(build) by extensions ['ignore', 'ignore_ament_install']
[0.643s] Level 1:colcon.colcon_core.package_identification:_identify(build) by extension 'ignore'
[0.643s] Level 1:colcon.colcon_core.package_identification:_identify(build) ignored
[0.644s] Level 1:colcon.colcon_core.package_identification:_identify(install) by extensions ['ignore', 'ignore_ament_install']
[0.644s] Level 1:colcon.colcon_core.package_identification:_identify(install) by extension 'ignore'
[0.644s] Level 1:colcon.colcon_core.package_identification:_identify(install) ignored
[0.644s] Level 1:colcon.colcon_core.package_identification:_identify(log) by extensions ['ignore', 'ignore_ament_install']
[0.644s] Level 1:colcon.colcon_core.package_identification:_identify(log) by extension 'ignore'
[0.644s] Level 1:colcon.colcon_core.package_identification:_identify(log) ignored
[0.645s] Level 1:colcon.colcon_core.package_identification:_identify(src) by extensions ['ignore', 'ignore_ament_install']
[0.645s] Level 1:colcon.colcon_core.package_identification:_identify(src) by extension 'ignore'
[0.645s] Level 1:colcon.colcon_core.package_identification:_identify(src) by extension 'ignore_ament_install'
[0.645s] Level 1:colcon.colcon_core.package_identification:_identify(src) by extensions ['colcon_pkg']
[0.645s] Level 1:colcon.colcon_core.package_identification:_identify(src) by extension 'colcon_pkg'
[0.645s] Level 1:colcon.colcon_core.package_identification:_identify(src) by extensions ['colcon_meta']
[0.645s] Level 1:colcon.colcon_core.package_identification:_identify(src) by extension 'colcon_meta'
[0.645s] Level 1:colcon.colcon_core.package_identification:_identify(src) by extensions ['ros']
[0.646s] Level 1:colcon.colcon_core.package_identification:_identify(src) by extension 'ros'
[0.646s] Level 1:colcon.colcon_core.package_identification:_identify(src) by extensions ['cmake', 'python']
[0.646s] Level 1:colcon.colcon_core.package_identification:_identify(src) by extension 'cmake'
[0.646s] Level 1:colcon.colcon_core.package_identification:_identify(src) by extension 'python'
[0.646s] Level 1:colcon.colcon_core.package_identification:_identify(src) by extensions ['python_setup_py']
[0.646s] Level 1:colcon.colcon_core.package_identification:_identify(src) by extension 'python_setup_py'
[0.646s] Level 1:colcon.colcon_core.package_identification:_identify(src/kuka_cpp_examples) by extensions ['ignore', 'ignore_ament_install']
[0.646s] Level 1:colcon.colcon_core.package_identification:_identify(src/kuka_cpp_examples) by extension 'ignore'
[0.647s] Level 1:colcon.colcon_core.package_identification:_identify(src/kuka_cpp_examples) by extension 'ignore_ament_install'
[0.647s] Level 1:colcon.colcon_core.package_identification:_identify(src/kuka_cpp_examples) by extensions ['colcon_pkg']
[0.647s] Level 1:colcon.colcon_core.package_identification:_identify(src/kuka_cpp_examples) by extension 'colcon_pkg'
[0.647s] Level 1:colcon.colcon_core.package_identification:_identify(src/kuka_cpp_examples) by extensions ['colcon_meta']
[0.647s] Level 1:colcon.colcon_core.package_identification:_identify(src/kuka_cpp_examples) by extension 'colcon_meta'
[0.647s] Level 1:colcon.colcon_core.package_identification:_identify(src/kuka_cpp_examples) by extensions ['ros']
[0.647s] Level 1:colcon.colcon_core.package_identification:_identify(src/kuka_cpp_examples) by extension 'ros'
[0.652s] DEBUG:colcon.colcon_core.package_identification:Package 'src/kuka_cpp_examples' with type 'ros.ament_cmake' and name 'kuka_cpp_examples'
[0.653s] Level 1:colcon.colcon_core.package_identification:_identify(src/kuka_description) by extensions ['ignore', 'ignore_ament_install']
[0.653s] Level 1:colcon.colcon_core.package_identification:_identify(src/kuka_description) by extension 'ignore'
[0.653s] Level 1:colcon.colcon_core.package_identification:_identify(src/kuka_description) by extension 'ignore_ament_install'
[0.653s] Level 1:colcon.colcon_core.package_identification:_identify(src/kuka_description) by extensions ['colcon_pkg']
[0.653s] Level 1:colcon.colcon_core.package_identification:_identify(src/kuka_description) by extension 'colcon_pkg'
[0.653s] Level 1:colcon.colcon_core.package_identification:_identify(src/kuka_description) by extensions ['colcon_meta']
[0.653s] Level 1:colcon.colcon_core.package_identification:_identify(src/kuka_description) by extension 'colcon_meta'
[0.653s] Level 1:colcon.colcon_core.package_identification:_identify(src/kuka_description) by extensions ['ros']
[0.654s] Level 1:colcon.colcon_core.package_identification:_identify(src/kuka_description) by extension 'ros'
[0.655s] DEBUG:colcon.colcon_core.package_identification:Package 'src/kuka_description' with type 'ros.ament_cmake' and name 'kuka_description'
[0.655s] Level 1:colcon.colcon_core.package_identification:_identify(src/kuka_py_examples) by extensions ['ignore', 'ignore_ament_install']
[0.655s] Level 1:colcon.colcon_core.package_identification:_identify(src/kuka_py_examples) by extension 'ignore'
[0.656s] Level 1:colcon.colcon_core.package_identification:_identify(src/kuka_py_examples) by extension 'ignore_ament_install'
[0.656s] Level 1:colcon.colcon_core.package_identification:_identify(src/kuka_py_examples) by extensions ['colcon_pkg']
[0.656s] Level 1:colcon.colcon_core.package_identification:_identify(src/kuka_py_examples) by extension 'colcon_pkg'
[0.656s] Level 1:colcon.colcon_core.package_identification:_identify(src/kuka_py_examples) by extensions ['colcon_meta']
[0.656s] Level 1:colcon.colcon_core.package_identification:_identify(src/kuka_py_examples) by extension 'colcon_meta'
[0.656s] Level 1:colcon.colcon_core.package_identification:_identify(src/kuka_py_examples) by extensions ['ros']
[0.656s] Level 1:colcon.colcon_core.package_identification:_identify(src/kuka_py_examples) by extension 'ros'
[0.657s] DEBUG:colcon.colcon_core.package_identification:Package 'src/kuka_py_examples' with type 'ros.ament_python' and name 'kuka_py_examples'
[0.657s] Level 1:colcon.colcon_core.package_discovery:discover_packages(recursive) using defaults
[0.658s] Level 1:colcon.colcon_core.package_discovery:discover_packages(ignore) discover
[0.658s] Level 1:colcon.colcon_core.package_discovery:discover_packages(ignore) using defaults
[0.658s] Level 1:colcon.colcon_core.package_discovery:discover_packages(path) discover
[0.658s] Level 1:colcon.colcon_core.package_discovery:discover_packages(path) using defaults
[0.700s] Level 1:colcon.colcon_core.package_discovery:discover_packages(prefix_path) check parameters
[0.700s] Level 1:colcon.colcon_core.package_discovery:discover_packages(prefix_path) discover
[0.704s] DEBUG:colcon.colcon_installed_package_information.package_discovery:Found 3 installed packages in /home/kuka/kuka_ws/install
[0.708s] DEBUG:colcon.colcon_installed_package_information.package_discovery:Found 354 installed packages in /opt/ros/humble
[0.713s] Level 1:colcon.colcon_core.package_discovery:discover_packages(prefix_path) using defaults
[0.839s] Level 5:colcon.colcon_core.verb:set package 'kuka_cpp_examples' build argument 'cmake_args' from command line to 'None'
[0.839s] Level 5:colcon.colcon_core.verb:set package 'kuka_cpp_examples' build argument 'cmake_target' from command line to 'None'
[0.839s] Level 5:colcon.colcon_core.verb:set package 'kuka_cpp_examples' build argument 'cmake_target_skip_unavailable' from command line to 'False'
[0.839s] Level 5:colcon.colcon_core.verb:set package 'kuka_cpp_examples' build argument 'cmake_clean_cache' from command line to 'False'
[0.839s] Level 5:colcon.colcon_core.verb:set package 'kuka_cpp_examples' build argument 'cmake_clean_first' from command line to 'False'
[0.839s] Level 5:colcon.colcon_core.verb:set package 'kuka_cpp_examples' build argument 'cmake_force_configure' from command line to 'False'
[0.839s] Level 5:colcon.colcon_core.verb:set package 'kuka_cpp_examples' build argument 'ament_cmake_args' from command line to 'None'
[0.840s] Level 5:colcon.colcon_core.verb:set package 'kuka_cpp_examples' build argument 'catkin_cmake_args' from command line to 'None'
[0.840s] Level 5:colcon.colcon_core.verb:set package 'kuka_cpp_examples' build argument 'catkin_skip_building_tests' from command line to 'False'
[0.840s] DEBUG:colcon.colcon_core.verb:Building package 'kuka_cpp_examples' with the following arguments: {'ament_cmake_args': None, 'build_base': '/home/kuka/kuka_ws/build/kuka_cpp_examples', 'catkin_cmake_args': None, 'catkin_skip_building_tests': False, 'cmake_args': None, 'cmake_clean_cache': False, 'cmake_clean_first': False, 'cmake_force_configure': False, 'cmake_target': None, 'cmake_target_skip_unavailable': False, 'install_base': '/home/kuka/kuka_ws/install/kuka_cpp_examples', 'merge_install': False, 'path': '/home/kuka/kuka_ws/src/kuka_cpp_examples', 'symlink_install': False, 'test_result_base': None}
[0.841s] Level 5:colcon.colcon_core.verb:set package 'kuka_description' build argument 'cmake_args' from command line to 'None'
[0.841s] Level 5:colcon.colcon_core.verb:set package 'kuka_description' build argument 'cmake_target' from command line to 'None'
[0.841s] Level 5:colcon.colcon_core.verb:set package 'kuka_description' build argument 'cmake_target_skip_unavailable' from command line to 'False'
[0.841s] Level 5:colcon.colcon_core.verb:set package 'kuka_description' build argument 'cmake_clean_cache' from command line to 'False'
[0.841s] Level 5:colcon.colcon_core.verb:set package 'kuka_description' build argument 'cmake_clean_first' from command line to 'False'
[0.841s] Level 5:colcon.colcon_core.verb:set package 'kuka_description' build argument 'cmake_force_configure' from command line to 'False'
[0.841s] Level 5:colcon.colcon_core.verb:set package 'kuka_description' build argument 'ament_cmake_args' from command line to 'None'
[0.841s] Level 5:colcon.colcon_core.verb:set package 'kuka_description' build argument 'catkin_cmake_args' from command line to 'None'
[0.841s] Level 5:colcon.colcon_core.verb:set package 'kuka_description' build argument 'catkin_skip_building_tests' from command line to 'False'
[0.841s] DEBUG:colcon.colcon_core.verb:Building package 'kuka_description' with the following arguments: {'ament_cmake_args': None, 'build_base': '/home/kuka/kuka_ws/build/kuka_description', 'catkin_cmake_args': None, 'catkin_skip_building_tests': False, 'cmake_args': None, 'cmake_clean_cache': False, 'cmake_clean_first': False, 'cmake_force_configure': False, 'cmake_target': None, 'cmake_target_skip_unavailable': False, 'install_base': '/home/kuka/kuka_ws/install/kuka_description', 'merge_install': False, 'path': '/home/kuka/kuka_ws/src/kuka_description', 'symlink_install': False, 'test_result_base': None}
[0.842s] Level 5:colcon.colcon_core.verb:set package 'kuka_py_examples' build argument 'cmake_args' from command line to 'None'
[0.842s] Level 5:colcon.colcon_core.verb:set package 'kuka_py_examples' build argument 'cmake_target' from command line to 'None'
[0.842s] Level 5:colcon.colcon_core.verb:set package 'kuka_py_examples' build argument 'cmake_target_skip_unavailable' from command line to 'False'
[0.842s] Level 5:colcon.colcon_core.verb:set package 'kuka_py_examples' build argument 'cmake_clean_cache' from command line to 'False'
[0.842s] Level 5:colcon.colcon_core.verb:set package 'kuka_py_examples' build argument 'cmake_clean_first' from command line to 'False'
[0.842s] Level 5:colcon.colcon_core.verb:set package 'kuka_py_examples' build argument 'cmake_force_configure' from command line to 'False'
[0.842s] Level 5:colcon.colcon_core.verb:set package 'kuka_py_examples' build argument 'ament_cmake_args' from command line to 'None'
[0.843s] Level 5:colcon.colcon_core.verb:set package 'kuka_py_examples' build argument 'catkin_cmake_args' from command line to 'None'
[0.843s] Level 5:colcon.colcon_core.verb:set package 'kuka_py_examples' build argument 'catkin_skip_building_tests' from command line to 'False'
[0.843s] DEBUG:colcon.colcon_core.verb:Building package 'kuka_py_examples' with the following arguments: {'ament_cmake_args': None, 'build_base': '/home/kuka/kuka_ws/build/kuka_py_examples', 'catkin_cmake_args': None, 'catkin_skip_building_tests': False, 'cmake_args': None, 'cmake_clean_cache': False, 'cmake_clean_first': False, 'cmake_force_configure': False, 'cmake_target': None, 'cmake_target_skip_unavailable': False, 'install_base': '/home/kuka/kuka_ws/install/kuka_py_examples', 'merge_install': False, 'path': '/home/kuka/kuka_ws/src/kuka_py_examples', 'symlink_install': False, 'test_result_base': None}
[0.843s] INFO:colcon.colcon_core.executor:Executing jobs using 'parallel' executor
[0.845s] DEBUG:colcon.colcon_parallel_executor.executor.parallel:run_until_complete
[0.845s] INFO:colcon.colcon_ros.task.ament_cmake.build:Building ROS package in '/home/kuka/kuka_ws/src/kuka_cpp_examples' with build type 'ament_cmake'
[0.846s] INFO:colcon.colcon_cmake.task.cmake.build:Building CMake package in '/home/kuka/kuka_ws/src/kuka_cpp_examples'
[0.851s] INFO:colcon.colcon_core.plugin_system:Skipping extension 'colcon_core.shell.bat': Not used on non-Windows systems
[0.851s] INFO:colcon.colcon_core.shell:Skip shell extension 'powershell' for command environment: Not usable outside of PowerShell
[0.851s] DEBUG:colcon.colcon_core.shell:Skip shell extension 'dsv' for command environment
[0.861s] INFO:colcon.colcon_ros.task.ament_cmake.build:Building ROS package in '/home/kuka/kuka_ws/src/kuka_description' with build type 'ament_cmake'
[0.862s] INFO:colcon.colcon_cmake.task.cmake.build:Building CMake package in '/home/kuka/kuka_ws/src/kuka_description'
[0.862s] INFO:colcon.colcon_core.shell:Skip shell extension 'powershell' for command environment: Not usable outside of PowerShell
[0.863s] DEBUG:colcon.colcon_core.shell:Skip shell extension 'dsv' for command environment
[0.871s] INFO:colcon.colcon_ros.task.ament_python.build:Building ROS package in '/home/kuka/kuka_ws/src/kuka_py_examples' with build type 'ament_python'
[0.872s] Level 1:colcon.colcon_core.shell:create_environment_hook('kuka_py_examples', 'ament_prefix_path')
[0.872s] INFO:colcon.colcon_core.shell:Creating environment hook '/home/kuka/kuka_ws/install/kuka_py_examples/share/kuka_py_examples/hook/ament_prefix_path.ps1'
[0.874s] INFO:colcon.colcon_core.shell:Creating environment descriptor '/home/kuka/kuka_ws/install/kuka_py_examples/share/kuka_py_examples/hook/ament_prefix_path.dsv'
[0.876s] INFO:colcon.colcon_core.shell:Creating environment hook '/home/kuka/kuka_ws/install/kuka_py_examples/share/kuka_py_examples/hook/ament_prefix_path.sh'
[0.878s] INFO:colcon.colcon_core.shell:Skip shell extension 'powershell' for command environment: Not usable outside of PowerShell
[0.878s] DEBUG:colcon.colcon_core.shell:Skip shell extension 'dsv' for command environment
[0.895s] DEBUG:colcon.colcon_core.event_handler.log_command:Invoking command in '/home/kuka/kuka_ws/build/kuka_cpp_examples': CMAKE_PREFIX_PATH=${CMAKE_PREFIX_PATH}:/home/kuka/kuka_ws/install/kuka_py_examples:/opt/ros/humble /usr/bin/cmake --build /home/kuka/kuka_ws/build/kuka_cpp_examples -- -j8 -l8
[0.909s] DEBUG:colcon.colcon_core.event_handler.log_command:Invoking command in '/home/kuka/kuka_ws/build/kuka_description': CMAKE_PREFIX_PATH=${CMAKE_PREFIX_PATH}:/home/kuka/kuka_ws/install/kuka_py_examples:/opt/ros/humble /usr/bin/cmake --build /home/kuka/kuka_ws/build/kuka_description -- -j8 -l8
[1.495s] INFO:colcon.colcon_core.task.python.build:Building Python package in '/home/kuka/kuka_ws/src/kuka_py_examples'
[1.495s] INFO:colcon.colcon_core.shell:Skip shell extension 'powershell' for command environment: Not usable outside of PowerShell
[1.496s] DEBUG:colcon.colcon_core.shell:Skip shell extension 'dsv' for command environment
[1.506s] DEBUG:colcon.colcon_core.event_handler.log_command:Invoked command in '/home/kuka/kuka_ws/build/kuka_description' returned '0': CMAKE_PREFIX_PATH=${CMAKE_PREFIX_PATH}:/home/kuka/kuka_ws/install/kuka_py_examples:/opt/ros/humble /usr/bin/cmake --build /home/kuka/kuka_ws/build/kuka_description -- -j8 -l8
[1.509s] DEBUG:colcon.colcon_core.event_handler.log_command:Invoked command in '/home/kuka/kuka_ws/build/kuka_cpp_examples' returned '0': CMAKE_PREFIX_PATH=${CMAKE_PREFIX_PATH}:/home/kuka/kuka_ws/install/kuka_py_examples:/opt/ros/humble /usr/bin/cmake --build /home/kuka/kuka_ws/build/kuka_cpp_examples -- -j8 -l8
[1.573s] DEBUG:colcon.colcon_core.event_handler.log_command:Invoking command in '/home/kuka/kuka_ws/build/kuka_description': CMAKE_PREFIX_PATH=${CMAKE_PREFIX_PATH}:/home/kuka/kuka_ws/install/kuka_py_examples:/opt/ros/humble /usr/bin/cmake --install /home/kuka/kuka_ws/build/kuka_description
[1.580s] DEBUG:colcon.colcon_core.event_handler.log_command:Invoking command in '/home/kuka/kuka_ws/build/kuka_cpp_examples': CMAKE_PREFIX_PATH=${CMAKE_PREFIX_PATH}:/home/kuka/kuka_ws/install/kuka_py_examples:/opt/ros/humble /usr/bin/cmake --install /home/kuka/kuka_ws/build/kuka_cpp_examples
[1.598s] Level 1:colcon.colcon_core.environment:create_environment_scripts_only(kuka_description)
[1.606s] DEBUG:colcon.colcon_core.event_handler.log_command:Invoked command in '/home/kuka/kuka_ws/build/kuka_description' returned '0': CMAKE_PREFIX_PATH=${CMAKE_PREFIX_PATH}:/home/kuka/kuka_ws/install/kuka_py_examples:/opt/ros/humble /usr/bin/cmake --install /home/kuka/kuka_ws/build/kuka_description
[1.612s] Level 1:colcon.colcon_core.environment:checking '/home/kuka/kuka_ws/install/kuka_description' for CMake module files
[1.614s] Level 1:colcon.colcon_core.environment:checking '/home/kuka/kuka_ws/install/kuka_description' for CMake config files
[1.614s] Level 1:colcon.colcon_core.shell:create_environment_hook('kuka_description', 'cmake_prefix_path')
[1.615s] INFO:colcon.colcon_core.shell:Creating environment hook '/home/kuka/kuka_ws/install/kuka_description/share/kuka_description/hook/cmake_prefix_path.ps1'
[1.616s] INFO:colcon.colcon_core.shell:Creating environment descriptor '/home/kuka/kuka_ws/install/kuka_description/share/kuka_description/hook/cmake_prefix_path.dsv'
[1.616s] INFO:colcon.colcon_core.shell:Creating environment hook '/home/kuka/kuka_ws/install/kuka_description/share/kuka_description/hook/cmake_prefix_path.sh'
[1.617s] Level 1:colcon.colcon_core.environment:checking '/home/kuka/kuka_ws/install/kuka_description/bin'
[1.618s] Level 1:colcon.colcon_core.environment:checking '/home/kuka/kuka_ws/install/kuka_description/lib/pkgconfig/kuka_description.pc'
[1.618s] Level 1:colcon.colcon_core.environment:checking '/home/kuka/kuka_ws/install/kuka_description/lib/python3.10/site-packages'
[1.619s] Level 1:colcon.colcon_core.environment:checking '/home/kuka/kuka_ws/install/kuka_description/bin'
[1.619s] INFO:colcon.colcon_core.shell:Creating package script '/home/kuka/kuka_ws/install/kuka_description/share/kuka_description/package.ps1'
[1.621s] INFO:colcon.colcon_core.shell:Creating package descriptor '/home/kuka/kuka_ws/install/kuka_description/share/kuka_description/package.dsv'
[1.622s] INFO:colcon.colcon_core.shell:Creating package script '/home/kuka/kuka_ws/install/kuka_description/share/kuka_description/package.sh'
[1.624s] INFO:colcon.colcon_core.shell:Creating package script '/home/kuka/kuka_ws/install/kuka_description/share/kuka_description/package.bash'
[1.625s] INFO:colcon.colcon_core.shell:Creating package script '/home/kuka/kuka_ws/install/kuka_description/share/kuka_description/package.zsh'
[1.626s] Level 1:colcon.colcon_core.environment:create_file_with_runtime_dependencies(/home/kuka/kuka_ws/install/kuka_description/share/colcon-core/packages/kuka_description)
[1.630s] Level 1:colcon.colcon_core.environment:create_environment_scripts_only(kuka_cpp_examples)
[1.630s] Level 1:colcon.colcon_core.environment:checking '/home/kuka/kuka_ws/install/kuka_cpp_examples' for CMake module files
[1.631s] DEBUG:colcon.colcon_core.event_handler.log_command:Invoked command in '/home/kuka/kuka_ws/build/kuka_cpp_examples' returned '0': CMAKE_PREFIX_PATH=${CMAKE_PREFIX_PATH}:/home/kuka/kuka_ws/install/kuka_py_examples:/opt/ros/humble /usr/bin/cmake --install /home/kuka/kuka_ws/build/kuka_cpp_examples
[1.632s] Level 1:colcon.colcon_core.environment:checking '/home/kuka/kuka_ws/install/kuka_cpp_examples' for CMake config files
[1.633s] Level 1:colcon.colcon_core.shell:create_environment_hook('kuka_cpp_examples', 'cmake_prefix_path')
[1.633s] INFO:colcon.colcon_core.shell:Creating environment hook '/home/kuka/kuka_ws/install/kuka_cpp_examples/share/kuka_cpp_examples/hook/cmake_prefix_path.ps1'
[1.634s] INFO:colcon.colcon_core.shell:Creating environment descriptor '/home/kuka/kuka_ws/install/kuka_cpp_examples/share/kuka_cpp_examples/hook/cmake_prefix_path.dsv'
[1.634s] INFO:colcon.colcon_core.shell:Creating environment hook '/home/kuka/kuka_ws/install/kuka_cpp_examples/share/kuka_cpp_examples/hook/cmake_prefix_path.sh'
[1.636s] Level 1:colcon.colcon_core.environment:checking '/home/kuka/kuka_ws/install/kuka_cpp_examples/lib'
[1.636s] Level 1:colcon.colcon_core.environment:checking '/home/kuka/kuka_ws/install/kuka_cpp_examples/bin'
[1.636s] Level 1:colcon.colcon_core.environment:checking '/home/kuka/kuka_ws/install/kuka_cpp_examples/lib/pkgconfig/kuka_cpp_examples.pc'
[1.637s] Level 1:colcon.colcon_core.environment:checking '/home/kuka/kuka_ws/install/kuka_cpp_examples/lib/python3.10/site-packages'
[1.637s] Level 1:colcon.colcon_core.environment:checking '/home/kuka/kuka_ws/install/kuka_cpp_examples/bin'
[1.638s] INFO:colcon.colcon_core.shell:Creating package script '/home/kuka/kuka_ws/install/kuka_cpp_examples/share/kuka_cpp_examples/package.ps1'
[1.639s] INFO:colcon.colcon_core.shell:Creating package descriptor '/home/kuka/kuka_ws/install/kuka_cpp_examples/share/kuka_cpp_examples/package.dsv'
[1.640s] INFO:colcon.colcon_core.shell:Creating package script '/home/kuka/kuka_ws/install/kuka_cpp_examples/share/kuka_cpp_examples/package.sh'
[1.640s] INFO:colcon.colcon_core.shell:Creating package script '/home/kuka/kuka_ws/install/kuka_cpp_examples/share/kuka_cpp_examples/package.bash'
[1.641s] INFO:colcon.colcon_core.shell:Creating package script '/home/kuka/kuka_ws/install/kuka_cpp_examples/share/kuka_cpp_examples/package.zsh'
[1.642s] Level 1:colcon.colcon_core.environment:create_file_with_runtime_dependencies(/home/kuka/kuka_ws/install/kuka_cpp_examples/share/colcon-core/packages/kuka_cpp_examples)
[1.673s] Level 1:colcon.colcon_core.environment:create_environment_scripts_only(kuka_description)
[1.673s] Level 1:colcon.colcon_core.environment:checking '/home/kuka/kuka_ws/install/kuka_description' for CMake module files
[1.674s] Level 1:colcon.colcon_core.environment:checking '/home/kuka/kuka_ws/install/kuka_description' for CMake config files
[1.675s] Level 1:colcon.colcon_core.shell:create_environment_hook('kuka_description', 'cmake_prefix_path')
[1.676s] INFO:colcon.colcon_core.shell:Creating environment hook '/home/kuka/kuka_ws/install/kuka_description/share/kuka_description/hook/cmake_prefix_path.ps1'
[1.677s] INFO:colcon.colcon_core.shell:Creating environment descriptor '/home/kuka/kuka_ws/install/kuka_description/share/kuka_description/hook/cmake_prefix_path.dsv'
[1.678s] INFO:colcon.colcon_core.shell:Creating environment hook '/home/kuka/kuka_ws/install/kuka_description/share/kuka_description/hook/cmake_prefix_path.sh'
[1.679s] Level 1:colcon.colcon_core.environment:checking '/home/kuka/kuka_ws/install/kuka_description/bin'
[1.680s] Level 1:colcon.colcon_core.environment:checking '/home/kuka/kuka_ws/install/kuka_description/lib/pkgconfig/kuka_description.pc'
[1.680s] Level 1:colcon.colcon_core.environment:checking '/home/kuka/kuka_ws/install/kuka_description/lib/python3.10/site-packages'
[1.681s] Level 1:colcon.colcon_core.environment:checking '/home/kuka/kuka_ws/install/kuka_description/bin'
[1.682s] INFO:colcon.colcon_core.shell:Creating package script '/home/kuka/kuka_ws/install/kuka_description/share/kuka_description/package.ps1'
[1.683s] INFO:colcon.colcon_core.shell:Creating package descriptor '/home/kuka/kuka_ws/install/kuka_description/share/kuka_description/package.dsv'
[1.684s] INFO:colcon.colcon_core.shell:Creating package script '/home/kuka/kuka_ws/install/kuka_description/share/kuka_description/package.sh'
[1.686s] INFO:colcon.colcon_core.shell:Creating package script '/home/kuka/kuka_ws/install/kuka_description/share/kuka_description/package.bash'
[1.687s] INFO:colcon.colcon_core.shell:Creating package script '/home/kuka/kuka_ws/install/kuka_description/share/kuka_description/package.zsh'
[1.688s] Level 1:colcon.colcon_core.environment:create_file_with_runtime_dependencies(/home/kuka/kuka_ws/install/kuka_description/share/colcon-core/packages/kuka_description)
[1.704s] Level 1:colcon.colcon_core.environment:create_environment_scripts_only(kuka_cpp_examples)
[1.705s] Level 1:colcon.colcon_core.environment:checking '/home/kuka/kuka_ws/install/kuka_cpp_examples' for CMake module files
[1.706s] Level 1:colcon.colcon_core.environment:checking '/home/kuka/kuka_ws/install/kuka_cpp_examples' for CMake config files
[1.707s] Level 1:colcon.colcon_core.shell:create_environment_hook('kuka_cpp_examples', 'cmake_prefix_path')
[1.707s] INFO:colcon.colcon_core.shell:Creating environment hook '/home/kuka/kuka_ws/install/kuka_cpp_examples/share/kuka_cpp_examples/hook/cmake_prefix_path.ps1'
[1.708s] INFO:colcon.colcon_core.shell:Creating environment descriptor '/home/kuka/kuka_ws/install/kuka_cpp_examples/share/kuka_cpp_examples/hook/cmake_prefix_path.dsv'
[1.709s] INFO:colcon.colcon_core.shell:Creating environment hook '/home/kuka/kuka_ws/install/kuka_cpp_examples/share/kuka_cpp_examples/hook/cmake_prefix_path.sh'
[1.710s] Level 1:colcon.colcon_core.environment:checking '/home/kuka/kuka_ws/install/kuka_cpp_examples/lib'
[1.711s] Level 1:colcon.colcon_core.environment:checking '/home/kuka/kuka_ws/install/kuka_cpp_examples/bin'
[1.711s] Level 1:colcon.colcon_core.environment:checking '/home/kuka/kuka_ws/install/kuka_cpp_examples/lib/pkgconfig/kuka_cpp_examples.pc'
[1.711s] Level 1:colcon.colcon_core.environment:checking '/home/kuka/kuka_ws/install/kuka_cpp_examples/lib/python3.10/site-packages'
[1.712s] Level 1:colcon.colcon_core.environment:checking '/home/kuka/kuka_ws/install/kuka_cpp_examples/bin'
[1.713s] INFO:colcon.colcon_core.shell:Creating package script '/home/kuka/kuka_ws/install/kuka_cpp_examples/share/kuka_cpp_examples/package.ps1'
[1.714s] INFO:colcon.colcon_core.shell:Creating package descriptor '/home/kuka/kuka_ws/install/kuka_cpp_examples/share/kuka_cpp_examples/package.dsv'
[1.715s] INFO:colcon.colcon_core.shell:Creating package script '/home/kuka/kuka_ws/install/kuka_cpp_examples/share/kuka_cpp_examples/package.sh'
[1.716s] INFO:colcon.colcon_core.shell:Creating package script '/home/kuka/kuka_ws/install/kuka_cpp_examples/share/kuka_cpp_examples/package.bash'
[1.717s] INFO:colcon.colcon_core.shell:Creating package script '/home/kuka/kuka_ws/install/kuka_cpp_examples/share/kuka_cpp_examples/package.zsh'
[1.718s] Level 1:colcon.colcon_core.environment:create_file_with_runtime_dependencies(/home/kuka/kuka_ws/install/kuka_cpp_examples/share/colcon-core/packages/kuka_cpp_examples)
[2.352s] DEBUG:colcon.colcon_core.event_handler.log_command:Invoking command in '/home/kuka/kuka_ws/src/kuka_py_examples': PYTHONPATH=/home/kuka/kuka_ws/build/kuka_py_examples/prefix_override:/usr/lib/python3/dist-packages/colcon_core/task/python/colcon_distutils_commands:/home/kuka/kuka_ws/install/kuka_py_examples/lib/python3.10/site-packages:${PYTHONPATH} /usr/bin/python3 -W ignore:setup.py install is deprecated setup.py egg_info --egg-base ../../build/kuka_py_examples build --build-base /home/kuka/kuka_ws/build/kuka_py_examples/build install --record /home/kuka/kuka_ws/build/kuka_py_examples/install.log --single-version-externally-managed install_data
[3.016s] Level 1:colcon.colcon_core.environment:checking '/home/kuka/kuka_ws/install/kuka_py_examples' for CMake module files
[3.017s] DEBUG:colcon.colcon_core.event_handler.log_command:Invoked command in '/home/kuka/kuka_ws/src/kuka_py_examples' returned '0': PYTHONPATH=/home/kuka/kuka_ws/build/kuka_py_examples/prefix_override:/usr/lib/python3/dist-packages/colcon_core/task/python/colcon_distutils_commands:/home/kuka/kuka_ws/install/kuka_py_examples/lib/python3.10/site-packages:${PYTHONPATH} /usr/bin/python3 -W ignore:setup.py install is deprecated setup.py egg_info --egg-base ../../build/kuka_py_examples build --build-base /home/kuka/kuka_ws/build/kuka_py_examples/build install --record /home/kuka/kuka_ws/build/kuka_py_examples/install.log --single-version-externally-managed install_data
[3.018s] Level 1:colcon.colcon_core.environment:checking '/home/kuka/kuka_ws/install/kuka_py_examples' for CMake config files
[3.019s] Level 1:colcon.colcon_core.environment:checking '/home/kuka/kuka_ws/install/kuka_py_examples/lib'
[3.019s] Level 1:colcon.colcon_core.environment:checking '/home/kuka/kuka_ws/install/kuka_py_examples/bin'
[3.019s] Level 1:colcon.colcon_core.environment:checking '/home/kuka/kuka_ws/install/kuka_py_examples/lib/pkgconfig/kuka_py_examples.pc'
[3.020s] Level 1:colcon.colcon_core.environment:checking '/home/kuka/kuka_ws/install/kuka_py_examples/lib/python3.10/site-packages'
[3.020s] Level 1:colcon.colcon_core.shell:create_environment_hook('kuka_py_examples', 'pythonpath')
[3.021s] INFO:colcon.colcon_core.shell:Creating environment hook '/home/kuka/kuka_ws/install/kuka_py_examples/share/kuka_py_examples/hook/pythonpath.ps1'
[3.022s] INFO:colcon.colcon_core.shell:Creating environment descriptor '/home/kuka/kuka_ws/install/kuka_py_examples/share/kuka_py_examples/hook/pythonpath.dsv'
[3.023s] INFO:colcon.colcon_core.shell:Creating environment hook '/home/kuka/kuka_ws/install/kuka_py_examples/share/kuka_py_examples/hook/pythonpath.sh'
[3.024s] Level 1:colcon.colcon_core.environment:checking '/home/kuka/kuka_ws/install/kuka_py_examples/bin'
[3.025s] Level 1:colcon.colcon_core.environment:create_environment_scripts_only(kuka_py_examples)
[3.026s] INFO:colcon.colcon_core.shell:Creating package script '/home/kuka/kuka_ws/install/kuka_py_examples/share/kuka_py_examples/package.ps1'
[3.027s] INFO:colcon.colcon_core.shell:Creating package descriptor '/home/kuka/kuka_ws/install/kuka_py_examples/share/kuka_py_examples/package.dsv'
[3.027s] INFO:colcon.colcon_core.shell:Creating package script '/home/kuka/kuka_ws/install/kuka_py_examples/share/kuka_py_examples/package.sh'
[3.028s] INFO:colcon.colcon_core.shell:Creating package script '/home/kuka/kuka_ws/install/kuka_py_examples/share/kuka_py_examples/package.bash'
[3.029s] INFO:colcon.colcon_core.shell:Creating package script '/home/kuka/kuka_ws/install/kuka_py_examples/share/kuka_py_examples/package.zsh'
[3.030s] Level 1:colcon.colcon_core.environment:create_file_with_runtime_dependencies(/home/kuka/kuka_ws/install/kuka_py_examples/share/colcon-core/packages/kuka_py_examples)
[3.030s] DEBUG:colcon.colcon_parallel_executor.executor.parallel:closing loop
[3.031s] DEBUG:colcon.colcon_parallel_executor.executor.parallel:loop closed
[3.032s] DEBUG:colcon.colcon_parallel_executor.executor.parallel:run_until_complete finished with '0'
[3.032s] DEBUG:colcon.colcon_core.event_reactor:joining thread
[3.043s] INFO:colcon.colcon_core.plugin_system:Skipping extension 'colcon_notification.desktop_notification.terminal_notifier': Not used on non-Darwin systems
[3.043s] INFO:colcon.colcon_core.plugin_system:Skipping extension 'colcon_notification.desktop_notification.win32': Not used on non-Windows systems
[3.043s] INFO:colcon.colcon_notification.desktop_notification:Sending desktop notification using 'notify2'
[3.064s] DEBUG:colcon.colcon_core.event_reactor:joined thread
[3.065s] INFO:colcon.colcon_core.shell:Creating prefix script '/home/kuka/kuka_ws/install/local_setup.ps1'
[3.066s] INFO:colcon.colcon_core.shell:Creating prefix util module '/home/kuka/kuka_ws/install/_local_setup_util_ps1.py'
[3.071s] INFO:colcon.colcon_core.shell:Creating prefix chain script '/home/kuka/kuka_ws/install/setup.ps1'
[3.074s] INFO:colcon.colcon_core.shell:Creating prefix script '/home/kuka/kuka_ws/install/local_setup.sh'
[3.075s] INFO:colcon.colcon_core.shell:Creating prefix util module '/home/kuka/kuka_ws/install/_local_setup_util_sh.py'
[3.076s] INFO:colcon.colcon_core.shell:Creating prefix chain script '/home/kuka/kuka_ws/install/setup.sh'
[3.078s] INFO:colcon.colcon_core.shell:Creating prefix script '/home/kuka/kuka_ws/install/local_setup.bash'
[3.079s] INFO:colcon.colcon_core.shell:Creating prefix chain script '/home/kuka/kuka_ws/install/setup.bash'
[3.082s] INFO:colcon.colcon_core.shell:Creating prefix script '/home/kuka/kuka_ws/install/local_setup.zsh'
[3.083s] INFO:colcon.colcon_core.shell:Creating prefix chain script '/home/kuka/kuka_ws/install/setup.zsh'
