[0.053s] Invoking command in '/home/kuka/kuka_ws/build/kuka_description': CMAKE_PREFIX_PATH=${CMAKE_PREFIX_PATH}:/home/kuka/kuka_ws/install/kuka_py_examples:/opt/ros/humble /usr/bin/cmake --build /home/kuka/kuka_ws/build/kuka_description -- -j8 -l8
[0.122s] -- Found ament_cmake: 1.3.9 (/opt/ros/humble/share/ament_cmake/cmake)
[0.428s] -- Found urdf: 2.6.0 (/opt/ros/humble/share/urdf/cmake)
[0.519s] -- Found ament_lint_auto: 0.12.11 (/opt/ros/humble/share/ament_lint_auto/cmake)
[0.685s] -- Added test 'flake8' to check Python code syntax and style conventions
[0.687s] -- Added test 'lint_cmake' to check CMake code style
[0.688s] -- Added test 'pep257' to check Python code against some of the docstring style conventions in PEP 257
[0.692s] -- Added test 'xmllint' to check XML markup files
[0.696s] -- Configuring done
[0.705s] -- Generating done
[0.708s] -- Build files have been written to: /home/kuka/kuka_ws/build/kuka_description
[0.771s] Invoked command in '/home/kuka/kuka_ws/build/kuka_description' returned '0': CMAKE_PREFIX_PATH=${CMAKE_PREFIX_PATH}:/home/kuka/kuka_ws/install/kuka_py_examples:/opt/ros/humble /usr/bin/cmake --build /home/kuka/kuka_ws/build/kuka_description -- -j8 -l8
[0.836s] Invoking command in '/home/kuka/kuka_ws/build/kuka_description': CMAKE_PREFIX_PATH=${CMAKE_PREFIX_PATH}:/home/kuka/kuka_ws/install/kuka_py_examples:/opt/ros/humble /usr/bin/cmake --install /home/kuka/kuka_ws/build/kuka_description
[0.852s] -- Install configuration: ""
[0.852s] -- Up-to-date: /home/kuka/kuka_ws/install/kuka_description/share/kuka_description/meshes
[0.852s] -- Up-to-date: /home/kuka/kuka_ws/install/kuka_description/share/kuka_description/meshes/link2_exp.stl
[0.853s] -- Up-to-date: /home/kuka/kuka_ws/install/kuka_description/share/kuka_description/meshes/link5_exp.stl
[0.853s] -- Up-to-date: /home/kuka/kuka_ws/install/kuka_description/share/kuka_description/meshes/link4_exp.stl
[0.853s] -- Up-to-date: /home/kuka/kuka_ws/install/kuka_description/share/kuka_description/meshes/link6_exp.stl
[0.853s] -- Up-to-date: /home/kuka/kuka_ws/install/kuka_description/share/kuka_description/meshes/link1_exp.stl
[0.853s] -- Up-to-date: /home/kuka/kuka_ws/install/kuka_description/share/kuka_description/meshes/link0_exp.stl
[0.854s] -- Up-to-date: /home/kuka/kuka_ws/install/kuka_description/share/kuka_description/meshes/link3_exp.stl
[0.854s] -- Up-to-date: /home/kuka/kuka_ws/install/kuka_description/share/kuka_description/urdf
[0.854s] -- Up-to-date: /home/kuka/kuka_ws/install/kuka_description/share/kuka_description/urdf/arduinobot.urdf.xacro
[0.854s] -- Installing: /home/kuka/kuka_ws/install/kuka_description/share/kuka_description/urdf/kuka.urdf.xacro
[0.855s] -- Installing: /home/kuka/kuka_ws/install/kuka_description/share/kuka_description/launch
[0.855s] -- Installing: /home/kuka/kuka_ws/install/kuka_description/share/kuka_description/launch/display.launch.py
[0.855s] -- Installing: /home/kuka/kuka_ws/install/kuka_description/share/kuka_description/rviz
[0.856s] -- Installing: /home/kuka/kuka_ws/install/kuka_description/share/kuka_description/rviz/display.rviz
[0.856s] -- Installing: /home/kuka/kuka_ws/install/kuka_description/share/ament_index/resource_index/package_run_dependencies/kuka_description
[0.857s] -- Installing: /home/kuka/kuka_ws/install/kuka_description/share/ament_index/resource_index/parent_prefix_path/kuka_description
[0.857s] -- Up-to-date: /home/kuka/kuka_ws/install/kuka_description/share/kuka_description/environment/ament_prefix_path.sh
[0.858s] -- Installing: /home/kuka/kuka_ws/install/kuka_description/share/kuka_description/environment/ament_prefix_path.dsv
[0.858s] -- Up-to-date: /home/kuka/kuka_ws/install/kuka_description/share/kuka_description/environment/path.sh
[0.858s] -- Installing: /home/kuka/kuka_ws/install/kuka_description/share/kuka_description/environment/path.dsv
[0.859s] -- Up-to-date: /home/kuka/kuka_ws/install/kuka_description/share/kuka_description/local_setup.bash
[0.859s] -- Up-to-date: /home/kuka/kuka_ws/install/kuka_description/share/kuka_description/local_setup.sh
[0.859s] -- Up-to-date: /home/kuka/kuka_ws/install/kuka_description/share/kuka_description/local_setup.zsh
[0.859s] -- Installing: /home/kuka/kuka_ws/install/kuka_description/share/kuka_description/local_setup.dsv
[0.860s] -- Installing: /home/kuka/kuka_ws/install/kuka_description/share/kuka_description/package.dsv
[0.860s] -- Up-to-date: /home/kuka/kuka_ws/install/kuka_description/share/ament_index/resource_index/packages/kuka_description
[0.860s] -- Up-to-date: /home/kuka/kuka_ws/install/kuka_description/share/kuka_description/cmake/kuka_descriptionConfig.cmake
[0.861s] -- Up-to-date: /home/kuka/kuka_ws/install/kuka_description/share/kuka_description/cmake/kuka_descriptionConfig-version.cmake
[0.861s] -- Installing: /home/kuka/kuka_ws/install/kuka_description/share/kuka_description/package.xml
[0.864s] Invoked command in '/home/kuka/kuka_ws/build/kuka_description' returned '0': CMAKE_PREFIX_PATH=${CMAKE_PREFIX_PATH}:/home/kuka/kuka_ws/install/kuka_py_examples:/opt/ros/humble /usr/bin/cmake --install /home/kuka/kuka_ws/build/kuka_description
