[0.233s] DEBUG:colcon:Command line arguments: ['/usr/bin/colcon', 'build']
[0.233s] DEBUG:colcon:Parsed command line arguments: Namespace(log_base=None, log_level=None, verb_name='build', build_base='build', install_base='install', merge_install=False, symlink_install=False, test_result_base=None, continue_on_error=False, executor='parallel', parallel_workers=8, event_handlers=None, ignore_user_meta=False, metas=['./colcon.meta'], base_paths=['.'], packages_ignore=None, packages_ignore_regex=None, paths=None, packages_up_to=None, packages_up_to_regex=None, packages_above=None, packages_above_and_dependencies=None, packages_above_depth=None, packages_select_by_dep=None, packages_skip_by_dep=None, packages_skip_up_to=None, packages_select_build_failed=False, packages_skip_build_finished=False, packages_select_test_failures=False, packages_skip_test_passed=False, packages_select=None, packages_skip=None, packages_select_regex=None, packages_skip_regex=None, packages_start=None, packages_end=None, allow_overriding=[], cmake_args=None, cmake_target=None, cmake_target_skip_unavailable=False, cmake_clean_cache=False, cmake_clean_first=False, cmake_force_configure=False, ament_cmake_args=None, catkin_cmake_args=None, catkin_skip_building_tests=False, verb_parser=<colcon_defaults.argument_parser.defaults.DefaultArgumentsDecorator object at 0x77139ee40b80>, verb_extension=<colcon_core.verb.build.BuildVerb object at 0x77139ee404c0>, main=<bound method BuildVerb.main of <colcon_core.verb.build.BuildVerb object at 0x77139ee404c0>>)
[0.603s] Level 1:colcon.colcon_core.package_discovery:discover_packages(colcon_meta) check parameters
[0.603s] Level 1:colcon.colcon_core.package_discovery:discover_packages(recursive) check parameters
[0.604s] Level 1:colcon.colcon_core.package_discovery:discover_packages(ignore) check parameters
[0.604s] Level 1:colcon.colcon_core.package_discovery:discover_packages(path) check parameters
[0.604s] Level 1:colcon.colcon_core.package_discovery:discover_packages(colcon_meta) discover
[0.604s] Level 1:colcon.colcon_core.package_discovery:discover_packages(recursive) discover
[0.604s] INFO:colcon.colcon_core.package_discovery:Crawling recursively for packages in '/home/kuka/kuka_ws'
[0.604s] Level 1:colcon.colcon_core.package_identification:_identify(.) by extensions ['ignore', 'ignore_ament_install']
[0.604s] Level 1:colcon.colcon_core.package_identification:_identify(.) by extension 'ignore'
[0.604s] Level 1:colcon.colcon_core.package_identification:_identify(.) by extension 'ignore_ament_install'
[0.605s] Level 1:colcon.colcon_core.package_identification:_identify(.) by extensions ['colcon_pkg']
[0.605s] Level 1:colcon.colcon_core.package_identification:_identify(.) by extension 'colcon_pkg'
[0.605s] Level 1:colcon.colcon_core.package_identification:_identify(.) by extensions ['colcon_meta']
[0.605s] Level 1:colcon.colcon_core.package_identification:_identify(.) by extension 'colcon_meta'
[0.605s] Level 1:colcon.colcon_core.package_identification:_identify(.) by extensions ['ros']
[0.605s] Level 1:colcon.colcon_core.package_identification:_identify(.) by extension 'ros'
[0.630s] Level 1:colcon.colcon_core.package_identification:_identify(.) by extensions ['cmake', 'python']
[0.630s] Level 1:colcon.colcon_core.package_identification:_identify(.) by extension 'cmake'
[0.630s] Level 1:colcon.colcon_core.package_identification:_identify(.) by extension 'python'
[0.630s] Level 1:colcon.colcon_core.package_identification:_identify(.) by extensions ['python_setup_py']
[0.630s] Level 1:colcon.colcon_core.package_identification:_identify(.) by extension 'python_setup_py'
[0.631s] Level 1:colcon.colcon_core.package_identification:_identify(build) by extensions ['ignore', 'ignore_ament_install']
[0.631s] Level 1:colcon.colcon_core.package_identification:_identify(build) by extension 'ignore'
[0.631s] Level 1:colcon.colcon_core.package_identification:_identify(build) ignored
[0.631s] Level 1:colcon.colcon_core.package_identification:_identify(install) by extensions ['ignore', 'ignore_ament_install']
[0.631s] Level 1:colcon.colcon_core.package_identification:_identify(install) by extension 'ignore'
[0.632s] Level 1:colcon.colcon_core.package_identification:_identify(install) ignored
[0.632s] Level 1:colcon.colcon_core.package_identification:_identify(log) by extensions ['ignore', 'ignore_ament_install']
[0.632s] Level 1:colcon.colcon_core.package_identification:_identify(log) by extension 'ignore'
[0.632s] Level 1:colcon.colcon_core.package_identification:_identify(log) ignored
[0.632s] Level 1:colcon.colcon_core.package_identification:_identify(src) by extensions ['ignore', 'ignore_ament_install']
[0.632s] Level 1:colcon.colcon_core.package_identification:_identify(src) by extension 'ignore'
[0.633s] Level 1:colcon.colcon_core.package_identification:_identify(src) by extension 'ignore_ament_install'
[0.633s] Level 1:colcon.colcon_core.package_identification:_identify(src) by extensions ['colcon_pkg']
[0.633s] Level 1:colcon.colcon_core.package_identification:_identify(src) by extension 'colcon_pkg'
[0.633s] Level 1:colcon.colcon_core.package_identification:_identify(src) by extensions ['colcon_meta']
[0.633s] Level 1:colcon.colcon_core.package_identification:_identify(src) by extension 'colcon_meta'
[0.633s] Level 1:colcon.colcon_core.package_identification:_identify(src) by extensions ['ros']
[0.633s] Level 1:colcon.colcon_core.package_identification:_identify(src) by extension 'ros'
[0.633s] Level 1:colcon.colcon_core.package_identification:_identify(src) by extensions ['cmake', 'python']
[0.633s] Level 1:colcon.colcon_core.package_identification:_identify(src) by extension 'cmake'
[0.633s] Level 1:colcon.colcon_core.package_identification:_identify(src) by extension 'python'
[0.634s] Level 1:colcon.colcon_core.package_identification:_identify(src) by extensions ['python_setup_py']
[0.634s] Level 1:colcon.colcon_core.package_identification:_identify(src) by extension 'python_setup_py'
[0.634s] Level 1:colcon.colcon_core.package_identification:_identify(src/kuka_cpp_examples) by extensions ['ignore', 'ignore_ament_install']
[0.634s] Level 1:colcon.colcon_core.package_identification:_identify(src/kuka_cpp_examples) by extension 'ignore'
[0.634s] Level 1:colcon.colcon_core.package_identification:_identify(src/kuka_cpp_examples) by extension 'ignore_ament_install'
[0.634s] Level 1:colcon.colcon_core.package_identification:_identify(src/kuka_cpp_examples) by extensions ['colcon_pkg']
[0.634s] Level 1:colcon.colcon_core.package_identification:_identify(src/kuka_cpp_examples) by extension 'colcon_pkg'
[0.634s] Level 1:colcon.colcon_core.package_identification:_identify(src/kuka_cpp_examples) by extensions ['colcon_meta']
[0.635s] Level 1:colcon.colcon_core.package_identification:_identify(src/kuka_cpp_examples) by extension 'colcon_meta'
[0.635s] Level 1:colcon.colcon_core.package_identification:_identify(src/kuka_cpp_examples) by extensions ['ros']
[0.635s] Level 1:colcon.colcon_core.package_identification:_identify(src/kuka_cpp_examples) by extension 'ros'
[0.640s] DEBUG:colcon.colcon_core.package_identification:Package 'src/kuka_cpp_examples' with type 'ros.ament_cmake' and name 'kuka_cpp_examples'
[0.640s] Level 1:colcon.colcon_core.package_identification:_identify(src/kuka_description) by extensions ['ignore', 'ignore_ament_install']
[0.640s] Level 1:colcon.colcon_core.package_identification:_identify(src/kuka_description) by extension 'ignore'
[0.640s] Level 1:colcon.colcon_core.package_identification:_identify(src/kuka_description) by extension 'ignore_ament_install'
[0.641s] Level 1:colcon.colcon_core.package_identification:_identify(src/kuka_description) by extensions ['colcon_pkg']
[0.641s] Level 1:colcon.colcon_core.package_identification:_identify(src/kuka_description) by extension 'colcon_pkg'
[0.641s] Level 1:colcon.colcon_core.package_identification:_identify(src/kuka_description) by extensions ['colcon_meta']
[0.641s] Level 1:colcon.colcon_core.package_identification:_identify(src/kuka_description) by extension 'colcon_meta'
[0.641s] Level 1:colcon.colcon_core.package_identification:_identify(src/kuka_description) by extensions ['ros']
[0.641s] Level 1:colcon.colcon_core.package_identification:_identify(src/kuka_description) by extension 'ros'
[0.642s] DEBUG:colcon.colcon_core.package_identification:Package 'src/kuka_description' with type 'ros.ament_cmake' and name 'kuka_description'
[0.642s] Level 1:colcon.colcon_core.package_identification:_identify(src/kuka_py_examples) by extensions ['ignore', 'ignore_ament_install']
[0.643s] Level 1:colcon.colcon_core.package_identification:_identify(src/kuka_py_examples) by extension 'ignore'
[0.643s] Level 1:colcon.colcon_core.package_identification:_identify(src/kuka_py_examples) by extension 'ignore_ament_install'
[0.643s] Level 1:colcon.colcon_core.package_identification:_identify(src/kuka_py_examples) by extensions ['colcon_pkg']
[0.643s] Level 1:colcon.colcon_core.package_identification:_identify(src/kuka_py_examples) by extension 'colcon_pkg'
[0.643s] Level 1:colcon.colcon_core.package_identification:_identify(src/kuka_py_examples) by extensions ['colcon_meta']
[0.643s] Level 1:colcon.colcon_core.package_identification:_identify(src/kuka_py_examples) by extension 'colcon_meta'
[0.643s] Level 1:colcon.colcon_core.package_identification:_identify(src/kuka_py_examples) by extensions ['ros']
[0.643s] Level 1:colcon.colcon_core.package_identification:_identify(src/kuka_py_examples) by extension 'ros'
[0.645s] DEBUG:colcon.colcon_core.package_identification:Package 'src/kuka_py_examples' with type 'ros.ament_python' and name 'kuka_py_examples'
[0.645s] Level 1:colcon.colcon_core.package_discovery:discover_packages(recursive) using defaults
[0.645s] Level 1:colcon.colcon_core.package_discovery:discover_packages(ignore) discover
[0.645s] Level 1:colcon.colcon_core.package_discovery:discover_packages(ignore) using defaults
[0.645s] Level 1:colcon.colcon_core.package_discovery:discover_packages(path) discover
[0.645s] Level 1:colcon.colcon_core.package_discovery:discover_packages(path) using defaults
[0.687s] Level 1:colcon.colcon_core.package_discovery:discover_packages(prefix_path) check parameters
[0.687s] Level 1:colcon.colcon_core.package_discovery:discover_packages(prefix_path) discover
[0.691s] DEBUG:colcon.colcon_installed_package_information.package_discovery:Found 3 installed packages in /home/kuka/kuka_ws/install
[0.695s] DEBUG:colcon.colcon_installed_package_information.package_discovery:Found 354 installed packages in /opt/ros/humble
[0.700s] Level 1:colcon.colcon_core.package_discovery:discover_packages(prefix_path) using defaults
[0.819s] Level 5:colcon.colcon_core.verb:set package 'kuka_cpp_examples' build argument 'cmake_args' from command line to 'None'
[0.819s] Level 5:colcon.colcon_core.verb:set package 'kuka_cpp_examples' build argument 'cmake_target' from command line to 'None'
[0.819s] Level 5:colcon.colcon_core.verb:set package 'kuka_cpp_examples' build argument 'cmake_target_skip_unavailable' from command line to 'False'
[0.819s] Level 5:colcon.colcon_core.verb:set package 'kuka_cpp_examples' build argument 'cmake_clean_cache' from command line to 'False'
[0.819s] Level 5:colcon.colcon_core.verb:set package 'kuka_cpp_examples' build argument 'cmake_clean_first' from command line to 'False'
[0.819s] Level 5:colcon.colcon_core.verb:set package 'kuka_cpp_examples' build argument 'cmake_force_configure' from command line to 'False'
[0.819s] Level 5:colcon.colcon_core.verb:set package 'kuka_cpp_examples' build argument 'ament_cmake_args' from command line to 'None'
[0.819s] Level 5:colcon.colcon_core.verb:set package 'kuka_cpp_examples' build argument 'catkin_cmake_args' from command line to 'None'
[0.819s] Level 5:colcon.colcon_core.verb:set package 'kuka_cpp_examples' build argument 'catkin_skip_building_tests' from command line to 'False'
[0.819s] DEBUG:colcon.colcon_core.verb:Building package 'kuka_cpp_examples' with the following arguments: {'ament_cmake_args': None, 'build_base': '/home/kuka/kuka_ws/build/kuka_cpp_examples', 'catkin_cmake_args': None, 'catkin_skip_building_tests': False, 'cmake_args': None, 'cmake_clean_cache': False, 'cmake_clean_first': False, 'cmake_force_configure': False, 'cmake_target': None, 'cmake_target_skip_unavailable': False, 'install_base': '/home/kuka/kuka_ws/install/kuka_cpp_examples', 'merge_install': False, 'path': '/home/kuka/kuka_ws/src/kuka_cpp_examples', 'symlink_install': False, 'test_result_base': None}
[0.820s] Level 5:colcon.colcon_core.verb:set package 'kuka_description' build argument 'cmake_args' from command line to 'None'
[0.820s] Level 5:colcon.colcon_core.verb:set package 'kuka_description' build argument 'cmake_target' from command line to 'None'
[0.820s] Level 5:colcon.colcon_core.verb:set package 'kuka_description' build argument 'cmake_target_skip_unavailable' from command line to 'False'
[0.820s] Level 5:colcon.colcon_core.verb:set package 'kuka_description' build argument 'cmake_clean_cache' from command line to 'False'
[0.820s] Level 5:colcon.colcon_core.verb:set package 'kuka_description' build argument 'cmake_clean_first' from command line to 'False'
[0.821s] Level 5:colcon.colcon_core.verb:set package 'kuka_description' build argument 'cmake_force_configure' from command line to 'False'
[0.821s] Level 5:colcon.colcon_core.verb:set package 'kuka_description' build argument 'ament_cmake_args' from command line to 'None'
[0.821s] Level 5:colcon.colcon_core.verb:set package 'kuka_description' build argument 'catkin_cmake_args' from command line to 'None'
[0.821s] Level 5:colcon.colcon_core.verb:set package 'kuka_description' build argument 'catkin_skip_building_tests' from command line to 'False'
[0.821s] DEBUG:colcon.colcon_core.verb:Building package 'kuka_description' with the following arguments: {'ament_cmake_args': None, 'build_base': '/home/kuka/kuka_ws/build/kuka_description', 'catkin_cmake_args': None, 'catkin_skip_building_tests': False, 'cmake_args': None, 'cmake_clean_cache': False, 'cmake_clean_first': False, 'cmake_force_configure': False, 'cmake_target': None, 'cmake_target_skip_unavailable': False, 'install_base': '/home/kuka/kuka_ws/install/kuka_description', 'merge_install': False, 'path': '/home/kuka/kuka_ws/src/kuka_description', 'symlink_install': False, 'test_result_base': None}
[0.822s] Level 5:colcon.colcon_core.verb:set package 'kuka_py_examples' build argument 'cmake_args' from command line to 'None'
[0.822s] Level 5:colcon.colcon_core.verb:set package 'kuka_py_examples' build argument 'cmake_target' from command line to 'None'
[0.822s] Level 5:colcon.colcon_core.verb:set package 'kuka_py_examples' build argument 'cmake_target_skip_unavailable' from command line to 'False'
[0.822s] Level 5:colcon.colcon_core.verb:set package 'kuka_py_examples' build argument 'cmake_clean_cache' from command line to 'False'
[0.822s] Level 5:colcon.colcon_core.verb:set package 'kuka_py_examples' build argument 'cmake_clean_first' from command line to 'False'
[0.822s] Level 5:colcon.colcon_core.verb:set package 'kuka_py_examples' build argument 'cmake_force_configure' from command line to 'False'
[0.822s] Level 5:colcon.colcon_core.verb:set package 'kuka_py_examples' build argument 'ament_cmake_args' from command line to 'None'
[0.822s] Level 5:colcon.colcon_core.verb:set package 'kuka_py_examples' build argument 'catkin_cmake_args' from command line to 'None'
[0.822s] Level 5:colcon.colcon_core.verb:set package 'kuka_py_examples' build argument 'catkin_skip_building_tests' from command line to 'False'
[0.822s] DEBUG:colcon.colcon_core.verb:Building package 'kuka_py_examples' with the following arguments: {'ament_cmake_args': None, 'build_base': '/home/kuka/kuka_ws/build/kuka_py_examples', 'catkin_cmake_args': None, 'catkin_skip_building_tests': False, 'cmake_args': None, 'cmake_clean_cache': False, 'cmake_clean_first': False, 'cmake_force_configure': False, 'cmake_target': None, 'cmake_target_skip_unavailable': False, 'install_base': '/home/kuka/kuka_ws/install/kuka_py_examples', 'merge_install': False, 'path': '/home/kuka/kuka_ws/src/kuka_py_examples', 'symlink_install': False, 'test_result_base': None}
[0.822s] INFO:colcon.colcon_core.executor:Executing jobs using 'parallel' executor
[0.824s] DEBUG:colcon.colcon_parallel_executor.executor.parallel:run_until_complete
[0.825s] INFO:colcon.colcon_ros.task.ament_cmake.build:Building ROS package in '/home/kuka/kuka_ws/src/kuka_cpp_examples' with build type 'ament_cmake'
[0.825s] INFO:colcon.colcon_cmake.task.cmake.build:Building CMake package in '/home/kuka/kuka_ws/src/kuka_cpp_examples'
[0.830s] INFO:colcon.colcon_core.plugin_system:Skipping extension 'colcon_core.shell.bat': Not used on non-Windows systems
[0.830s] INFO:colcon.colcon_core.shell:Skip shell extension 'powershell' for command environment: Not usable outside of PowerShell
[0.830s] DEBUG:colcon.colcon_core.shell:Skip shell extension 'dsv' for command environment
[0.838s] INFO:colcon.colcon_ros.task.ament_cmake.build:Building ROS package in '/home/kuka/kuka_ws/src/kuka_description' with build type 'ament_cmake'
[0.839s] INFO:colcon.colcon_cmake.task.cmake.build:Building CMake package in '/home/kuka/kuka_ws/src/kuka_description'
[0.839s] INFO:colcon.colcon_core.shell:Skip shell extension 'powershell' for command environment: Not usable outside of PowerShell
[0.839s] DEBUG:colcon.colcon_core.shell:Skip shell extension 'dsv' for command environment
[0.847s] INFO:colcon.colcon_ros.task.ament_python.build:Building ROS package in '/home/kuka/kuka_ws/src/kuka_py_examples' with build type 'ament_python'
[0.847s] Level 1:colcon.colcon_core.shell:create_environment_hook('kuka_py_examples', 'ament_prefix_path')
[0.848s] INFO:colcon.colcon_core.shell:Creating environment hook '/home/kuka/kuka_ws/install/kuka_py_examples/share/kuka_py_examples/hook/ament_prefix_path.ps1'
[0.849s] INFO:colcon.colcon_core.shell:Creating environment descriptor '/home/kuka/kuka_ws/install/kuka_py_examples/share/kuka_py_examples/hook/ament_prefix_path.dsv'
[0.850s] INFO:colcon.colcon_core.shell:Creating environment hook '/home/kuka/kuka_ws/install/kuka_py_examples/share/kuka_py_examples/hook/ament_prefix_path.sh'
[0.852s] INFO:colcon.colcon_core.shell:Skip shell extension 'powershell' for command environment: Not usable outside of PowerShell
[0.852s] DEBUG:colcon.colcon_core.shell:Skip shell extension 'dsv' for command environment
[0.871s] DEBUG:colcon.colcon_core.event_handler.log_command:Invoking command in '/home/kuka/kuka_ws/build/kuka_cpp_examples': CMAKE_PREFIX_PATH=${CMAKE_PREFIX_PATH}:/home/kuka/kuka_ws/install/kuka_py_examples:/opt/ros/humble /usr/bin/cmake --build /home/kuka/kuka_ws/build/kuka_cpp_examples -- -j8 -l8
[0.880s] DEBUG:colcon.colcon_core.event_handler.log_command:Invoking command in '/home/kuka/kuka_ws/build/kuka_description': CMAKE_PREFIX_PATH=${CMAKE_PREFIX_PATH}:/home/kuka/kuka_ws/install/kuka_py_examples:/opt/ros/humble /usr/bin/cmake --build /home/kuka/kuka_ws/build/kuka_description -- -j8 -l8
[1.472s] INFO:colcon.colcon_core.task.python.build:Building Python package in '/home/kuka/kuka_ws/src/kuka_py_examples'
[1.472s] INFO:colcon.colcon_core.shell:Skip shell extension 'powershell' for command environment: Not usable outside of PowerShell
[1.473s] DEBUG:colcon.colcon_core.shell:Skip shell extension 'dsv' for command environment
[1.483s] DEBUG:colcon.colcon_core.event_handler.log_command:Invoked command in '/home/kuka/kuka_ws/build/kuka_description' returned '0': CMAKE_PREFIX_PATH=${CMAKE_PREFIX_PATH}:/home/kuka/kuka_ws/install/kuka_py_examples:/opt/ros/humble /usr/bin/cmake --build /home/kuka/kuka_ws/build/kuka_description -- -j8 -l8
[1.486s] DEBUG:colcon.colcon_core.event_handler.log_command:Invoked command in '/home/kuka/kuka_ws/build/kuka_cpp_examples' returned '0': CMAKE_PREFIX_PATH=${CMAKE_PREFIX_PATH}:/home/kuka/kuka_ws/install/kuka_py_examples:/opt/ros/humble /usr/bin/cmake --build /home/kuka/kuka_ws/build/kuka_cpp_examples -- -j8 -l8
[1.551s] DEBUG:colcon.colcon_core.event_handler.log_command:Invoking command in '/home/kuka/kuka_ws/build/kuka_description': CMAKE_PREFIX_PATH=${CMAKE_PREFIX_PATH}:/home/kuka/kuka_ws/install/kuka_py_examples:/opt/ros/humble /usr/bin/cmake --install /home/kuka/kuka_ws/build/kuka_description
[1.557s] DEBUG:colcon.colcon_core.event_handler.log_command:Invoking command in '/home/kuka/kuka_ws/build/kuka_cpp_examples': CMAKE_PREFIX_PATH=${CMAKE_PREFIX_PATH}:/home/kuka/kuka_ws/install/kuka_py_examples:/opt/ros/humble /usr/bin/cmake --install /home/kuka/kuka_ws/build/kuka_cpp_examples
[1.579s] Level 1:colcon.colcon_core.environment:create_environment_scripts_only(kuka_description)
[1.588s] DEBUG:colcon.colcon_core.event_handler.log_command:Invoked command in '/home/kuka/kuka_ws/build/kuka_description' returned '0': CMAKE_PREFIX_PATH=${CMAKE_PREFIX_PATH}:/home/kuka/kuka_ws/install/kuka_py_examples:/opt/ros/humble /usr/bin/cmake --install /home/kuka/kuka_ws/build/kuka_description
[1.591s] Level 1:colcon.colcon_core.environment:checking '/home/kuka/kuka_ws/install/kuka_description' for CMake module files
[1.593s] Level 1:colcon.colcon_core.environment:checking '/home/kuka/kuka_ws/install/kuka_description' for CMake config files
[1.594s] Level 1:colcon.colcon_core.shell:create_environment_hook('kuka_description', 'cmake_prefix_path')
[1.594s] INFO:colcon.colcon_core.shell:Creating environment hook '/home/kuka/kuka_ws/install/kuka_description/share/kuka_description/hook/cmake_prefix_path.ps1'
[1.595s] INFO:colcon.colcon_core.shell:Creating environment descriptor '/home/kuka/kuka_ws/install/kuka_description/share/kuka_description/hook/cmake_prefix_path.dsv'
[1.596s] INFO:colcon.colcon_core.shell:Creating environment hook '/home/kuka/kuka_ws/install/kuka_description/share/kuka_description/hook/cmake_prefix_path.sh'
[1.599s] Level 1:colcon.colcon_core.environment:checking '/home/kuka/kuka_ws/install/kuka_description/bin'
[1.599s] Level 1:colcon.colcon_core.environment:checking '/home/kuka/kuka_ws/install/kuka_description/lib/pkgconfig/kuka_description.pc'
[1.600s] Level 1:colcon.colcon_core.environment:checking '/home/kuka/kuka_ws/install/kuka_description/lib/python3.10/site-packages'
[1.600s] Level 1:colcon.colcon_core.environment:checking '/home/kuka/kuka_ws/install/kuka_description/bin'
[1.601s] INFO:colcon.colcon_core.shell:Creating package script '/home/kuka/kuka_ws/install/kuka_description/share/kuka_description/package.ps1'
[1.604s] INFO:colcon.colcon_core.shell:Creating package descriptor '/home/kuka/kuka_ws/install/kuka_description/share/kuka_description/package.dsv'
[1.605s] INFO:colcon.colcon_core.shell:Creating package script '/home/kuka/kuka_ws/install/kuka_description/share/kuka_description/package.sh'
[1.607s] INFO:colcon.colcon_core.shell:Creating package script '/home/kuka/kuka_ws/install/kuka_description/share/kuka_description/package.bash'
[1.610s] INFO:colcon.colcon_core.shell:Creating package script '/home/kuka/kuka_ws/install/kuka_description/share/kuka_description/package.zsh'
[1.611s] Level 1:colcon.colcon_core.environment:create_file_with_runtime_dependencies(/home/kuka/kuka_ws/install/kuka_description/share/colcon-core/packages/kuka_description)
[1.614s] Level 1:colcon.colcon_core.environment:create_environment_scripts_only(kuka_cpp_examples)
[1.615s] DEBUG:colcon.colcon_core.event_handler.log_command:Invoked command in '/home/kuka/kuka_ws/build/kuka_cpp_examples' returned '0': CMAKE_PREFIX_PATH=${CMAKE_PREFIX_PATH}:/home/kuka/kuka_ws/install/kuka_py_examples:/opt/ros/humble /usr/bin/cmake --install /home/kuka/kuka_ws/build/kuka_cpp_examples
[1.616s] Level 1:colcon.colcon_core.environment:checking '/home/kuka/kuka_ws/install/kuka_cpp_examples' for CMake module files
[1.617s] Level 1:colcon.colcon_core.environment:checking '/home/kuka/kuka_ws/install/kuka_cpp_examples' for CMake config files
[1.618s] Level 1:colcon.colcon_core.shell:create_environment_hook('kuka_cpp_examples', 'cmake_prefix_path')
[1.618s] INFO:colcon.colcon_core.shell:Creating environment hook '/home/kuka/kuka_ws/install/kuka_cpp_examples/share/kuka_cpp_examples/hook/cmake_prefix_path.ps1'
[1.619s] INFO:colcon.colcon_core.shell:Creating environment descriptor '/home/kuka/kuka_ws/install/kuka_cpp_examples/share/kuka_cpp_examples/hook/cmake_prefix_path.dsv'
[1.620s] INFO:colcon.colcon_core.shell:Creating environment hook '/home/kuka/kuka_ws/install/kuka_cpp_examples/share/kuka_cpp_examples/hook/cmake_prefix_path.sh'
[1.621s] Level 1:colcon.colcon_core.environment:checking '/home/kuka/kuka_ws/install/kuka_cpp_examples/lib'
[1.621s] Level 1:colcon.colcon_core.environment:checking '/home/kuka/kuka_ws/install/kuka_cpp_examples/bin'
[1.621s] Level 1:colcon.colcon_core.environment:checking '/home/kuka/kuka_ws/install/kuka_cpp_examples/lib/pkgconfig/kuka_cpp_examples.pc'
[1.622s] Level 1:colcon.colcon_core.environment:checking '/home/kuka/kuka_ws/install/kuka_cpp_examples/lib/python3.10/site-packages'
[1.622s] Level 1:colcon.colcon_core.environment:checking '/home/kuka/kuka_ws/install/kuka_cpp_examples/bin'
[1.623s] INFO:colcon.colcon_core.shell:Creating package script '/home/kuka/kuka_ws/install/kuka_cpp_examples/share/kuka_cpp_examples/package.ps1'
[1.624s] INFO:colcon.colcon_core.shell:Creating package descriptor '/home/kuka/kuka_ws/install/kuka_cpp_examples/share/kuka_cpp_examples/package.dsv'
[1.624s] INFO:colcon.colcon_core.shell:Creating package script '/home/kuka/kuka_ws/install/kuka_cpp_examples/share/kuka_cpp_examples/package.sh'
[1.625s] INFO:colcon.colcon_core.shell:Creating package script '/home/kuka/kuka_ws/install/kuka_cpp_examples/share/kuka_cpp_examples/package.bash'
[1.626s] INFO:colcon.colcon_core.shell:Creating package script '/home/kuka/kuka_ws/install/kuka_cpp_examples/share/kuka_cpp_examples/package.zsh'
[1.627s] Level 1:colcon.colcon_core.environment:create_file_with_runtime_dependencies(/home/kuka/kuka_ws/install/kuka_cpp_examples/share/colcon-core/packages/kuka_cpp_examples)
[1.658s] Level 1:colcon.colcon_core.environment:create_environment_scripts_only(kuka_description)
[1.659s] Level 1:colcon.colcon_core.environment:checking '/home/kuka/kuka_ws/install/kuka_description' for CMake module files
[1.660s] Level 1:colcon.colcon_core.environment:checking '/home/kuka/kuka_ws/install/kuka_description' for CMake config files
[1.661s] Level 1:colcon.colcon_core.shell:create_environment_hook('kuka_description', 'cmake_prefix_path')
[1.662s] INFO:colcon.colcon_core.shell:Creating environment hook '/home/kuka/kuka_ws/install/kuka_description/share/kuka_description/hook/cmake_prefix_path.ps1'
[1.662s] INFO:colcon.colcon_core.shell:Creating environment descriptor '/home/kuka/kuka_ws/install/kuka_description/share/kuka_description/hook/cmake_prefix_path.dsv'
[1.663s] INFO:colcon.colcon_core.shell:Creating environment hook '/home/kuka/kuka_ws/install/kuka_description/share/kuka_description/hook/cmake_prefix_path.sh'
[1.664s] Level 1:colcon.colcon_core.environment:checking '/home/kuka/kuka_ws/install/kuka_description/bin'
[1.664s] Level 1:colcon.colcon_core.environment:checking '/home/kuka/kuka_ws/install/kuka_description/lib/pkgconfig/kuka_description.pc'
[1.665s] Level 1:colcon.colcon_core.environment:checking '/home/kuka/kuka_ws/install/kuka_description/lib/python3.10/site-packages'
[1.665s] Level 1:colcon.colcon_core.environment:checking '/home/kuka/kuka_ws/install/kuka_description/bin'
[1.666s] INFO:colcon.colcon_core.shell:Creating package script '/home/kuka/kuka_ws/install/kuka_description/share/kuka_description/package.ps1'
[1.667s] INFO:colcon.colcon_core.shell:Creating package descriptor '/home/kuka/kuka_ws/install/kuka_description/share/kuka_description/package.dsv'
[1.668s] INFO:colcon.colcon_core.shell:Creating package script '/home/kuka/kuka_ws/install/kuka_description/share/kuka_description/package.sh'
[1.669s] INFO:colcon.colcon_core.shell:Creating package script '/home/kuka/kuka_ws/install/kuka_description/share/kuka_description/package.bash'
[1.670s] INFO:colcon.colcon_core.shell:Creating package script '/home/kuka/kuka_ws/install/kuka_description/share/kuka_description/package.zsh'
[1.671s] Level 1:colcon.colcon_core.environment:create_file_with_runtime_dependencies(/home/kuka/kuka_ws/install/kuka_description/share/colcon-core/packages/kuka_description)
[1.692s] Level 1:colcon.colcon_core.environment:create_environment_scripts_only(kuka_cpp_examples)
[1.693s] Level 1:colcon.colcon_core.environment:checking '/home/kuka/kuka_ws/install/kuka_cpp_examples' for CMake module files
[1.695s] Level 1:colcon.colcon_core.environment:checking '/home/kuka/kuka_ws/install/kuka_cpp_examples' for CMake config files
[1.695s] Level 1:colcon.colcon_core.shell:create_environment_hook('kuka_cpp_examples', 'cmake_prefix_path')
[1.696s] INFO:colcon.colcon_core.shell:Creating environment hook '/home/kuka/kuka_ws/install/kuka_cpp_examples/share/kuka_cpp_examples/hook/cmake_prefix_path.ps1'
[1.697s] INFO:colcon.colcon_core.shell:Creating environment descriptor '/home/kuka/kuka_ws/install/kuka_cpp_examples/share/kuka_cpp_examples/hook/cmake_prefix_path.dsv'
[1.697s] INFO:colcon.colcon_core.shell:Creating environment hook '/home/kuka/kuka_ws/install/kuka_cpp_examples/share/kuka_cpp_examples/hook/cmake_prefix_path.sh'
[1.698s] Level 1:colcon.colcon_core.environment:checking '/home/kuka/kuka_ws/install/kuka_cpp_examples/lib'
[1.699s] Level 1:colcon.colcon_core.environment:checking '/home/kuka/kuka_ws/install/kuka_cpp_examples/bin'
[1.699s] Level 1:colcon.colcon_core.environment:checking '/home/kuka/kuka_ws/install/kuka_cpp_examples/lib/pkgconfig/kuka_cpp_examples.pc'
[1.699s] Level 1:colcon.colcon_core.environment:checking '/home/kuka/kuka_ws/install/kuka_cpp_examples/lib/python3.10/site-packages'
[1.700s] Level 1:colcon.colcon_core.environment:checking '/home/kuka/kuka_ws/install/kuka_cpp_examples/bin'
[1.700s] INFO:colcon.colcon_core.shell:Creating package script '/home/kuka/kuka_ws/install/kuka_cpp_examples/share/kuka_cpp_examples/package.ps1'
[1.701s] INFO:colcon.colcon_core.shell:Creating package descriptor '/home/kuka/kuka_ws/install/kuka_cpp_examples/share/kuka_cpp_examples/package.dsv'
[1.702s] INFO:colcon.colcon_core.shell:Creating package script '/home/kuka/kuka_ws/install/kuka_cpp_examples/share/kuka_cpp_examples/package.sh'
[1.703s] INFO:colcon.colcon_core.shell:Creating package script '/home/kuka/kuka_ws/install/kuka_cpp_examples/share/kuka_cpp_examples/package.bash'
[1.704s] INFO:colcon.colcon_core.shell:Creating package script '/home/kuka/kuka_ws/install/kuka_cpp_examples/share/kuka_cpp_examples/package.zsh'
[1.704s] Level 1:colcon.colcon_core.environment:create_file_with_runtime_dependencies(/home/kuka/kuka_ws/install/kuka_cpp_examples/share/colcon-core/packages/kuka_cpp_examples)
[2.317s] DEBUG:colcon.colcon_core.event_handler.log_command:Invoking command in '/home/kuka/kuka_ws/src/kuka_py_examples': PYTHONPATH=/home/kuka/kuka_ws/build/kuka_py_examples/prefix_override:/usr/lib/python3/dist-packages/colcon_core/task/python/colcon_distutils_commands:/home/kuka/kuka_ws/install/kuka_py_examples/lib/python3.10/site-packages:${PYTHONPATH} /usr/bin/python3 -W ignore:setup.py install is deprecated setup.py egg_info --egg-base ../../build/kuka_py_examples build --build-base /home/kuka/kuka_ws/build/kuka_py_examples/build install --record /home/kuka/kuka_ws/build/kuka_py_examples/install.log --single-version-externally-managed install_data
[2.976s] Level 1:colcon.colcon_core.environment:checking '/home/kuka/kuka_ws/install/kuka_py_examples' for CMake module files
[2.977s] DEBUG:colcon.colcon_core.event_handler.log_command:Invoked command in '/home/kuka/kuka_ws/src/kuka_py_examples' returned '0': PYTHONPATH=/home/kuka/kuka_ws/build/kuka_py_examples/prefix_override:/usr/lib/python3/dist-packages/colcon_core/task/python/colcon_distutils_commands:/home/kuka/kuka_ws/install/kuka_py_examples/lib/python3.10/site-packages:${PYTHONPATH} /usr/bin/python3 -W ignore:setup.py install is deprecated setup.py egg_info --egg-base ../../build/kuka_py_examples build --build-base /home/kuka/kuka_ws/build/kuka_py_examples/build install --record /home/kuka/kuka_ws/build/kuka_py_examples/install.log --single-version-externally-managed install_data
[2.978s] Level 1:colcon.colcon_core.environment:checking '/home/kuka/kuka_ws/install/kuka_py_examples' for CMake config files
[2.979s] Level 1:colcon.colcon_core.environment:checking '/home/kuka/kuka_ws/install/kuka_py_examples/lib'
[2.979s] Level 1:colcon.colcon_core.environment:checking '/home/kuka/kuka_ws/install/kuka_py_examples/bin'
[2.979s] Level 1:colcon.colcon_core.environment:checking '/home/kuka/kuka_ws/install/kuka_py_examples/lib/pkgconfig/kuka_py_examples.pc'
[2.980s] Level 1:colcon.colcon_core.environment:checking '/home/kuka/kuka_ws/install/kuka_py_examples/lib/python3.10/site-packages'
[2.980s] Level 1:colcon.colcon_core.shell:create_environment_hook('kuka_py_examples', 'pythonpath')
[2.980s] INFO:colcon.colcon_core.shell:Creating environment hook '/home/kuka/kuka_ws/install/kuka_py_examples/share/kuka_py_examples/hook/pythonpath.ps1'
[2.981s] INFO:colcon.colcon_core.shell:Creating environment descriptor '/home/kuka/kuka_ws/install/kuka_py_examples/share/kuka_py_examples/hook/pythonpath.dsv'
[2.982s] INFO:colcon.colcon_core.shell:Creating environment hook '/home/kuka/kuka_ws/install/kuka_py_examples/share/kuka_py_examples/hook/pythonpath.sh'
[2.983s] Level 1:colcon.colcon_core.environment:checking '/home/kuka/kuka_ws/install/kuka_py_examples/bin'
[2.983s] Level 1:colcon.colcon_core.environment:create_environment_scripts_only(kuka_py_examples)
[2.984s] INFO:colcon.colcon_core.shell:Creating package script '/home/kuka/kuka_ws/install/kuka_py_examples/share/kuka_py_examples/package.ps1'
[2.984s] INFO:colcon.colcon_core.shell:Creating package descriptor '/home/kuka/kuka_ws/install/kuka_py_examples/share/kuka_py_examples/package.dsv'
[2.985s] INFO:colcon.colcon_core.shell:Creating package script '/home/kuka/kuka_ws/install/kuka_py_examples/share/kuka_py_examples/package.sh'
[2.986s] INFO:colcon.colcon_core.shell:Creating package script '/home/kuka/kuka_ws/install/kuka_py_examples/share/kuka_py_examples/package.bash'
[2.987s] INFO:colcon.colcon_core.shell:Creating package script '/home/kuka/kuka_ws/install/kuka_py_examples/share/kuka_py_examples/package.zsh'
[2.987s] Level 1:colcon.colcon_core.environment:create_file_with_runtime_dependencies(/home/kuka/kuka_ws/install/kuka_py_examples/share/colcon-core/packages/kuka_py_examples)
[2.988s] DEBUG:colcon.colcon_parallel_executor.executor.parallel:closing loop
[2.989s] DEBUG:colcon.colcon_parallel_executor.executor.parallel:loop closed
[2.989s] DEBUG:colcon.colcon_parallel_executor.executor.parallel:run_until_complete finished with '0'
[2.989s] DEBUG:colcon.colcon_core.event_reactor:joining thread
[3.001s] INFO:colcon.colcon_core.plugin_system:Skipping extension 'colcon_notification.desktop_notification.terminal_notifier': Not used on non-Darwin systems
[3.001s] INFO:colcon.colcon_core.plugin_system:Skipping extension 'colcon_notification.desktop_notification.win32': Not used on non-Windows systems
[3.001s] INFO:colcon.colcon_notification.desktop_notification:Sending desktop notification using 'notify2'
[3.022s] DEBUG:colcon.colcon_core.event_reactor:joined thread
[3.023s] INFO:colcon.colcon_core.shell:Creating prefix script '/home/kuka/kuka_ws/install/local_setup.ps1'
[3.025s] INFO:colcon.colcon_core.shell:Creating prefix util module '/home/kuka/kuka_ws/install/_local_setup_util_ps1.py'
[3.029s] INFO:colcon.colcon_core.shell:Creating prefix chain script '/home/kuka/kuka_ws/install/setup.ps1'
[3.032s] INFO:colcon.colcon_core.shell:Creating prefix script '/home/kuka/kuka_ws/install/local_setup.sh'
[3.034s] INFO:colcon.colcon_core.shell:Creating prefix util module '/home/kuka/kuka_ws/install/_local_setup_util_sh.py'
[3.036s] INFO:colcon.colcon_core.shell:Creating prefix chain script '/home/kuka/kuka_ws/install/setup.sh'
[3.038s] INFO:colcon.colcon_core.shell:Creating prefix script '/home/kuka/kuka_ws/install/local_setup.bash'
[3.040s] INFO:colcon.colcon_core.shell:Creating prefix chain script '/home/kuka/kuka_ws/install/setup.bash'
[3.042s] INFO:colcon.colcon_core.shell:Creating prefix script '/home/kuka/kuka_ws/install/local_setup.zsh'
[3.043s] INFO:colcon.colcon_core.shell:Creating prefix chain script '/home/kuka/kuka_ws/install/setup.zsh'
