[ 75%] Built target simple_subscriber
[100%] Built target simple_publisher
-- Install configuration: ""
-- Up-to-date: /home/kuka/kuka_ws/install/kuka_cpp_examples/lib/kuka_cpp_examples/simple_publisher
-- Up-to-date: /home/kuka/kuka_ws/install/kuka_cpp_examples/lib/kuka_cpp_examples/simple_subscriber
-- Up-to-date: /home/kuka/kuka_ws/install/kuka_cpp_examples/share/ament_index/resource_index/package_run_dependencies/kuka_cpp_examples
-- Up-to-date: /home/kuka/kuka_ws/install/kuka_cpp_examples/share/ament_index/resource_index/parent_prefix_path/kuka_cpp_examples
-- Up-to-date: /home/kuka/kuka_ws/install/kuka_cpp_examples/share/kuka_cpp_examples/environment/ament_prefix_path.sh
-- Up-to-date: /home/kuka/kuka_ws/install/kuka_cpp_examples/share/kuka_cpp_examples/environment/ament_prefix_path.dsv
-- Up-to-date: /home/kuka/kuka_ws/install/kuka_cpp_examples/share/kuka_cpp_examples/environment/path.sh
-- Up-to-date: /home/kuka/kuka_ws/install/kuka_cpp_examples/share/kuka_cpp_examples/environment/path.dsv
-- Up-to-date: /home/kuka/kuka_ws/install/kuka_cpp_examples/share/kuka_cpp_examples/local_setup.bash
-- Up-to-date: /home/kuka/kuka_ws/install/kuka_cpp_examples/share/kuka_cpp_examples/local_setup.sh
-- Up-to-date: /home/kuka/kuka_ws/install/kuka_cpp_examples/share/kuka_cpp_examples/local_setup.zsh
-- Up-to-date: /home/kuka/kuka_ws/install/kuka_cpp_examples/share/kuka_cpp_examples/local_setup.dsv
-- Installing: /home/kuka/kuka_ws/install/kuka_cpp_examples/share/kuka_cpp_examples/package.dsv
-- Up-to-date: /home/kuka/kuka_ws/install/kuka_cpp_examples/share/ament_index/resource_index/packages/kuka_cpp_examples
-- Up-to-date: /home/kuka/kuka_ws/install/kuka_cpp_examples/share/kuka_cpp_examples/cmake/kuka_cpp_examplesConfig.cmake
-- Up-to-date: /home/kuka/kuka_ws/install/kuka_cpp_examples/share/kuka_cpp_examples/cmake/kuka_cpp_examplesConfig-version.cmake
-- Up-to-date: /home/kuka/kuka_ws/install/kuka_cpp_examples/share/kuka_cpp_examples/package.xml
