[0.034s] Invoking command in '/home/kuka/kuka_ws/build/kuka_cpp_examples': CMAKE_PREFIX_PATH=${CMAKE_PREFIX_PATH}:/home/kuka/kuka_ws/install/kuka_py_examples:/opt/ros/humble /usr/bin/cmake --build /home/kuka/kuka_ws/build/kuka_cpp_examples -- -j8 -l8
[0.626s] Invoked command in '/home/kuka/kuka_ws/build/kuka_cpp_examples' returned '0': CMAKE_PREFIX_PATH=${CMAKE_PREFIX_PATH}:/home/kuka/kuka_ws/install/kuka_py_examples:/opt/ros/humble /usr/bin/cmake --build /home/kuka/kuka_ws/build/kuka_cpp_examples -- -j8 -l8
[0.700s] Invoking command in '/home/kuka/kuka_ws/build/kuka_cpp_examples': CMAKE_PREFIX_PATH=${CMAKE_PREFIX_PATH}:/home/kuka/kuka_ws/install/kuka_py_examples:/opt/ros/humble /usr/bin/cmake --install /home/kuka/kuka_ws/build/kuka_cpp_examples
[0.717s] -- Install configuration: ""
[0.718s] -- Up-to-date: /home/kuka/kuka_ws/install/kuka_cpp_examples/share/ament_index/resource_index/package_run_dependencies/kuka_cpp_examples
[0.718s] -- Up-to-date: /home/kuka/kuka_ws/install/kuka_cpp_examples/share/ament_index/resource_index/parent_prefix_path/kuka_cpp_examples
[0.718s] -- Up-to-date: /home/kuka/kuka_ws/install/kuka_cpp_examples/share/kuka_cpp_examples/environment/ament_prefix_path.sh
[0.719s] -- Up-to-date: /home/kuka/kuka_ws/install/kuka_cpp_examples/share/kuka_cpp_examples/environment/ament_prefix_path.dsv
[0.719s] -- Up-to-date: /home/kuka/kuka_ws/install/kuka_cpp_examples/share/kuka_cpp_examples/environment/path.sh
[0.719s] -- Up-to-date: /home/kuka/kuka_ws/install/kuka_cpp_examples/share/kuka_cpp_examples/environment/path.dsv
[0.719s] -- Up-to-date: /home/kuka/kuka_ws/install/kuka_cpp_examples/share/kuka_cpp_examples/local_setup.bash
[0.720s] -- Up-to-date: /home/kuka/kuka_ws/install/kuka_cpp_examples/share/kuka_cpp_examples/local_setup.sh
[0.720s] -- Up-to-date: /home/kuka/kuka_ws/install/kuka_cpp_examples/share/kuka_cpp_examples/local_setup.zsh
[0.720s] -- Up-to-date: /home/kuka/kuka_ws/install/kuka_cpp_examples/share/kuka_cpp_examples/local_setup.dsv
[0.720s] -- Installing: /home/kuka/kuka_ws/install/kuka_cpp_examples/share/kuka_cpp_examples/package.dsv
[0.721s] -- Up-to-date: /home/kuka/kuka_ws/install/kuka_cpp_examples/share/ament_index/resource_index/packages/kuka_cpp_examples
[0.721s] -- Up-to-date: /home/kuka/kuka_ws/install/kuka_cpp_examples/share/kuka_cpp_examples/cmake/kuka_cpp_examplesConfig.cmake
[0.721s] -- Up-to-date: /home/kuka/kuka_ws/install/kuka_cpp_examples/share/kuka_cpp_examples/cmake/kuka_cpp_examplesConfig-version.cmake
[0.721s] -- Up-to-date: /home/kuka/kuka_ws/install/kuka_cpp_examples/share/kuka_cpp_examples/package.xml
[0.725s] Invoked command in '/home/kuka/kuka_ws/build/kuka_cpp_examples' returned '0': CMAKE_PREFIX_PATH=${CMAKE_PREFIX_PATH}:/home/kuka/kuka_ws/install/kuka_py_examples:/opt/ros/humble /usr/bin/cmake --install /home/kuka/kuka_ws/build/kuka_cpp_examples
