[0.053s] Invoking command in '/home/kuka/kuka_ws/build/kuka_description': CMAKE_PREFIX_PATH=${CMAKE_PREFIX_PATH}:/home/kuka/kuka_ws/install/kuka_py_examples:/opt/ros/humble /usr/bin/cmake --build /home/kuka/kuka_ws/build/kuka_description -- -j8 -l8
[0.693s] Invoked command in '/home/kuka/kuka_ws/build/kuka_description' returned '0': CMAKE_PREFIX_PATH=${CMAKE_PREFIX_PATH}:/home/kuka/kuka_ws/install/kuka_py_examples:/opt/ros/humble /usr/bin/cmake --build /home/kuka/kuka_ws/build/kuka_description -- -j8 -l8
[0.768s] Invoking command in '/home/kuka/kuka_ws/build/kuka_description': CMAKE_PREFIX_PATH=${CMAKE_PREFIX_PATH}:/home/kuka/kuka_ws/install/kuka_py_examples:/opt/ros/humble /usr/bin/cmake --install /home/kuka/kuka_ws/build/kuka_description
[0.786s] -- Install configuration: ""
[0.787s] -- Up-to-date: /home/kuka/kuka_ws/install/kuka_description/share/kuka_description/meshes
[0.787s] -- Up-to-date: /home/kuka/kuka_ws/install/kuka_description/share/kuka_description/meshes/link2_exp.stl
[0.787s] -- Up-to-date: /home/kuka/kuka_ws/install/kuka_description/share/kuka_description/meshes/link5_exp.stl
[0.788s] -- Up-to-date: /home/kuka/kuka_ws/install/kuka_description/share/kuka_description/meshes/link4_exp.stl
[0.788s] -- Up-to-date: /home/kuka/kuka_ws/install/kuka_description/share/kuka_description/meshes/link6_exp.stl
[0.789s] -- Up-to-date: /home/kuka/kuka_ws/install/kuka_description/share/kuka_description/meshes/link1_exp.stl
[0.789s] -- Up-to-date: /home/kuka/kuka_ws/install/kuka_description/share/kuka_description/meshes/link0_exp.stl
[0.789s] -- Up-to-date: /home/kuka/kuka_ws/install/kuka_description/share/kuka_description/meshes/link3_exp.stl
[0.790s] -- Up-to-date: /home/kuka/kuka_ws/install/kuka_description/share/kuka_description/urdf
[0.790s] -- Up-to-date: /home/kuka/kuka_ws/install/kuka_description/share/kuka_description/urdf/arduinobot.urdf.xacro
[0.791s] -- Installing: /home/kuka/kuka_ws/install/kuka_description/share/kuka_description/urdf/kuka.urdf.xacro
[0.791s] -- Up-to-date: /home/kuka/kuka_ws/install/kuka_description/share/kuka_description/launch
[0.791s] -- Up-to-date: /home/kuka/kuka_ws/install/kuka_description/share/kuka_description/launch/display.launch.py
[0.792s] -- Up-to-date: /home/kuka/kuka_ws/install/kuka_description/share/kuka_description/rviz
[0.792s] -- Up-to-date: /home/kuka/kuka_ws/install/kuka_description/share/kuka_description/rviz/display.rviz
[0.793s] -- Up-to-date: /home/kuka/kuka_ws/install/kuka_description/share/ament_index/resource_index/package_run_dependencies/kuka_description
[0.793s] -- Up-to-date: /home/kuka/kuka_ws/install/kuka_description/share/ament_index/resource_index/parent_prefix_path/kuka_description
[0.794s] -- Up-to-date: /home/kuka/kuka_ws/install/kuka_description/share/kuka_description/environment/ament_prefix_path.sh
[0.796s] -- Up-to-date: /home/kuka/kuka_ws/install/kuka_description/share/kuka_description/environment/ament_prefix_path.dsv
[0.797s] -- Up-to-date: /home/kuka/kuka_ws/install/kuka_description/share/kuka_description/environment/path.sh
[0.797s] -- Up-to-date: /home/kuka/kuka_ws/install/kuka_description/share/kuka_description/environment/path.dsv
[0.797s] -- Up-to-date: /home/kuka/kuka_ws/install/kuka_description/share/kuka_description/local_setup.bash
[0.798s] -- Up-to-date: /home/kuka/kuka_ws/install/kuka_description/share/kuka_description/local_setup.sh
[0.798s] -- Up-to-date: /home/kuka/kuka_ws/install/kuka_description/share/kuka_description/local_setup.zsh
[0.799s] -- Up-to-date: /home/kuka/kuka_ws/install/kuka_description/share/kuka_description/local_setup.dsv
[0.799s] -- Installing: /home/kuka/kuka_ws/install/kuka_description/share/kuka_description/package.dsv
[0.800s] -- Up-to-date: /home/kuka/kuka_ws/install/kuka_description/share/ament_index/resource_index/packages/kuka_description
[0.800s] -- Up-to-date: /home/kuka/kuka_ws/install/kuka_description/share/kuka_description/cmake/kuka_descriptionConfig.cmake
[0.800s] -- Up-to-date: /home/kuka/kuka_ws/install/kuka_description/share/kuka_description/cmake/kuka_descriptionConfig-version.cmake
[0.801s] -- Up-to-date: /home/kuka/kuka_ws/install/kuka_description/share/kuka_description/package.xml
[0.809s] Invoked command in '/home/kuka/kuka_ws/build/kuka_description' returned '0': CMAKE_PREFIX_PATH=${CMAKE_PREFIX_PATH}:/home/kuka/kuka_ws/install/kuka_py_examples:/opt/ros/humble /usr/bin/cmake --install /home/kuka/kuka_ws/build/kuka_description
