-- Found ament_cmake: 1.3.9 (/opt/ros/humble/share/ament_cmake/cmake)
-- Override CMake install command with custom implementation using symlinks instead of copying resources
-- Found rclcpp: 16.0.9 (/opt/ros/humble/share/rclcpp/cmake)
-- Found rosidl_generator_c: 3.1.5 (/opt/ros/humble/share/rosidl_generator_c/cmake)
-- Found rosidl_adapter: 3.1.5 (/opt/ros/humble/share/rosidl_adapter/cmake)
-- Found rosidl_generator_cpp: 3.1.5 (/opt/ros/humble/share/rosidl_generator_cpp/cmake)
-- Using all available rosidl_typesupport_c: rosidl_typesupport_fastrtps_c;rosidl_typesupport_introspection_c
-- Using all available rosidl_typesupport_cpp: rosidl_typesupport_fastrtps_cpp;rosidl_typesupport_introspection_cpp
-- Found rmw_implementation_cmake: 6.1.2 (/opt/ros/humble/share/rmw_implementation_cmake/cmake)
-- Found rmw_fastrtps_cpp: 6.2.6 (/opt/ros/humble/share/rmw_fastrtps_cpp/cmake)
-- Using RMW implementation 'rmw_fastrtps_cpp' as default
-- Found trajectory_msgs: 4.2.4 (/opt/ros/humble/share/trajectory_msgs/cmake)
-- Found eigen3_cmake_module: 0.1.1 (/opt/ros/humble/share/eigen3_cmake_module/cmake)
-- Configuring done
-- Generating done
-- Build files have been written to: /home/kuka/kuka_ws/build/kuka_control_box
[35m[1mConsolidate compiler generated dependencies of target Robotics[0m
[35m[1mConsolidate compiler generated dependencies of target trajectory_publisher[0m
[ 16%] [32mBuilding CXX object CMakeFiles/Robotics.dir/src/Robotics.cpp.o[0m
[ 50%] Built target trajectory_publisher
[ 66%] [32m[1mLinking CXX static library libRobotics.a[0m
[ 66%] Built target Robotics
[35m[1mConsolidate compiler generated dependencies of target kuka_ik_node[0m
[ 83%] [32mBuilding CXX object CMakeFiles/kuka_ik_node.dir/src/kuka_ik_node.cpp.o[0m
[100%] [32m[1mLinking CXX executable kuka_ik_node[0m
[100%] Built target kuka_ik_node
-- Install configuration: ""
-- Execute custom install script
-- Up-to-date symlink: /home/kuka/kuka_ws/install/kuka_control_box/lib/kuka_control_box/trajectory_publisher
-- Up-to-date symlink: /home/kuka/kuka_ws/install/kuka_control_box/lib/kuka_control_box/kuka_ik_node
-- Up-to-date symlink: /home/kuka/kuka_ws/install/kuka_control_box/lib/kuka_control_box/libRobotics.a
-- Up-to-date symlink: /home/kuka/kuka_ws/install/kuka_control_box/include/kuka_control_box/Robotics.h
-- Up-to-date symlink: /home/kuka/kuka_ws/install/kuka_control_box/share/ament_index/resource_index/package_run_dependencies/kuka_control_box
-- Up-to-date symlink: /home/kuka/kuka_ws/install/kuka_control_box/share/ament_index/resource_index/parent_prefix_path/kuka_control_box
-- Up-to-date symlink: /home/kuka/kuka_ws/install/kuka_control_box/share/kuka_control_box/environment/ament_prefix_path.sh
-- Up-to-date symlink: /home/kuka/kuka_ws/install/kuka_control_box/share/kuka_control_box/environment/ament_prefix_path.dsv
-- Up-to-date symlink: /home/kuka/kuka_ws/install/kuka_control_box/share/kuka_control_box/environment/path.sh
-- Up-to-date symlink: /home/kuka/kuka_ws/install/kuka_control_box/share/kuka_control_box/environment/path.dsv
-- Up-to-date symlink: /home/kuka/kuka_ws/install/kuka_control_box/share/kuka_control_box/local_setup.bash
-- Up-to-date symlink: /home/kuka/kuka_ws/install/kuka_control_box/share/kuka_control_box/local_setup.sh
-- Up-to-date symlink: /home/kuka/kuka_ws/install/kuka_control_box/share/kuka_control_box/local_setup.zsh
-- Up-to-date symlink: /home/kuka/kuka_ws/install/kuka_control_box/share/kuka_control_box/local_setup.dsv
-- Symlinking: /home/kuka/kuka_ws/install/kuka_control_box/share/kuka_control_box/package.dsv
-- Up-to-date symlink: /home/kuka/kuka_ws/install/kuka_control_box/share/ament_index/resource_index/packages/kuka_control_box
-- Up-to-date symlink: /home/kuka/kuka_ws/install/kuka_control_box/share/kuka_control_box/cmake/ament_cmake_export_dependencies-extras.cmake
-- Up-to-date symlink: /home/kuka/kuka_ws/install/kuka_control_box/share/kuka_control_box/cmake/kuka_control_boxConfig.cmake
-- Up-to-date symlink: /home/kuka/kuka_ws/install/kuka_control_box/share/kuka_control_box/cmake/kuka_control_boxConfig-version.cmake
-- Up-to-date symlink: /home/kuka/kuka_ws/install/kuka_control_box/share/kuka_control_box/package.xml
