[0.051s] Invoking command in '/home/kuka/kuka_ws/build/kuka_control_box': CMAKE_PREFIX_PATH=${CMAKE_PREFIX_PATH}:/opt/ros/humble /usr/bin/cmake --build /home/kuka/kuka_ws/build/kuka_control_box -- -j8 -l8
[0.108s] -- Found ament_cmake: 1.3.9 (/opt/ros/humble/share/ament_cmake/cmake)
[0.449s] -- Override CMake install command with custom implementation using symlinks instead of copying resources
[0.466s] -- Found rclcpp: 16.0.9 (/opt/ros/humble/share/rclcpp/cmake)
[0.539s] -- Found rosidl_generator_c: 3.1.5 (/opt/ros/humble/share/rosidl_generator_c/cmake)
[0.547s] -- Found rosidl_adapter: 3.1.5 (/opt/ros/humble/share/rosidl_adapter/cmake)
[0.561s] -- Found rosidl_generator_cpp: 3.1.5 (/opt/ros/humble/share/rosidl_generator_cpp/cmake)
[0.592s] -- Using all available rosidl_typesupport_c: rosidl_typesupport_fastrtps_c;rosidl_typesupport_introspection_c
[0.632s] -- Using all available rosidl_typesupport_cpp: rosidl_typesupport_fastrtps_cpp;rosidl_typesupport_introspection_cpp
[0.799s] -- Found rmw_implementation_cmake: 6.1.2 (/opt/ros/humble/share/rmw_implementation_cmake/cmake)
[0.802s] -- Found rmw_fastrtps_cpp: 6.2.6 (/opt/ros/humble/share/rmw_fastrtps_cpp/cmake)
[1.096s] -- Using RMW implementation 'rmw_fastrtps_cpp' as default
[1.493s] -- Found trajectory_msgs: 4.2.4 (/opt/ros/humble/share/trajectory_msgs/cmake)
[1.810s] -- Found eigen3_cmake_module: 0.1.1 (/opt/ros/humble/share/eigen3_cmake_module/cmake)
[1.978s] -- Configuring done
[2.013s] -- Generating done
[2.017s] -- Build files have been written to: /home/kuka/kuka_ws/build/kuka_control_box
[2.077s] [35m[1mConsolidate compiler generated dependencies of target Robotics[0m
[2.078s] [35m[1mConsolidate compiler generated dependencies of target trajectory_publisher[0m
[2.125s] [ 16%] [32mBuilding CXX object CMakeFiles/Robotics.dir/src/Robotics.cpp.o[0m
[2.127s] [ 50%] Built target trajectory_publisher
[4.905s] [01m[K/home/kuka/kuka_ws/src/kuka_control_box/src/Robotics.cpp:[m[K In function ‘[01m[KEigen::MatrixXf getBlist()[m[K’:
[4.905s] [01m[K/home/kuka/kuka_ws/src/kuka_control_box/src/Robotics.cpp:5:12:[m[K [01;35m[Kwarning: [m[Kunused variable ‘[01m[Kh1[m[K’ [[01;35m[K]8;;https://gcc.gnu.org/onlinedocs/gcc/Warning-Options.html#index-Wunused-variable-Wunused-variable]8;;[m[K]
[4.905s]     5 |     double [01;35m[Kh1[m[K = 0.0515;
[4.905s]       |            [01;35m[K^~[m[K
[11.975s] [ 66%] [32m[1mLinking CXX static library libRobotics.a[0m
[12.136s] [ 66%] Built target Robotics
[12.159s] [35m[1mConsolidate compiler generated dependencies of target kuka_ik_node[0m
[12.210s] [ 83%] [32mBuilding CXX object CMakeFiles/kuka_ik_node.dir/src/kuka_ik_node.cpp.o[0m
[20.436s] [100%] [32m[1mLinking CXX executable kuka_ik_node[0m
[20.968s] [100%] Built target kuka_ik_node
[20.995s] Invoked command in '/home/kuka/kuka_ws/build/kuka_control_box' returned '0': CMAKE_PREFIX_PATH=${CMAKE_PREFIX_PATH}:/opt/ros/humble /usr/bin/cmake --build /home/kuka/kuka_ws/build/kuka_control_box -- -j8 -l8
[21.070s] Invoking command in '/home/kuka/kuka_ws/build/kuka_control_box': CMAKE_PREFIX_PATH=${CMAKE_PREFIX_PATH}:/opt/ros/humble /usr/bin/cmake --install /home/kuka/kuka_ws/build/kuka_control_box
[21.088s] -- Install configuration: ""
[21.089s] -- Execute custom install script
[21.090s] -- Up-to-date symlink: /home/kuka/kuka_ws/install/kuka_control_box/lib/kuka_control_box/trajectory_publisher
[21.091s] -- Up-to-date symlink: /home/kuka/kuka_ws/install/kuka_control_box/lib/kuka_control_box/kuka_ik_node
[21.091s] -- Up-to-date symlink: /home/kuka/kuka_ws/install/kuka_control_box/lib/kuka_control_box/libRobotics.a
[21.092s] -- Up-to-date symlink: /home/kuka/kuka_ws/install/kuka_control_box/include/kuka_control_box/Robotics.h
[21.093s] -- Up-to-date symlink: /home/kuka/kuka_ws/install/kuka_control_box/share/ament_index/resource_index/package_run_dependencies/kuka_control_box
[21.094s] -- Up-to-date symlink: /home/kuka/kuka_ws/install/kuka_control_box/share/ament_index/resource_index/parent_prefix_path/kuka_control_box
[21.094s] -- Up-to-date symlink: /home/kuka/kuka_ws/install/kuka_control_box/share/kuka_control_box/environment/ament_prefix_path.sh
[21.095s] -- Up-to-date symlink: /home/kuka/kuka_ws/install/kuka_control_box/share/kuka_control_box/environment/ament_prefix_path.dsv
[21.096s] -- Up-to-date symlink: /home/kuka/kuka_ws/install/kuka_control_box/share/kuka_control_box/environment/path.sh
[21.096s] -- Up-to-date symlink: /home/kuka/kuka_ws/install/kuka_control_box/share/kuka_control_box/environment/path.dsv
[21.097s] -- Up-to-date symlink: /home/kuka/kuka_ws/install/kuka_control_box/share/kuka_control_box/local_setup.bash
[21.097s] -- Up-to-date symlink: /home/kuka/kuka_ws/install/kuka_control_box/share/kuka_control_box/local_setup.sh
[21.098s] -- Up-to-date symlink: /home/kuka/kuka_ws/install/kuka_control_box/share/kuka_control_box/local_setup.zsh
[21.099s] -- Up-to-date symlink: /home/kuka/kuka_ws/install/kuka_control_box/share/kuka_control_box/local_setup.dsv
[21.099s] -- Symlinking: /home/kuka/kuka_ws/install/kuka_control_box/share/kuka_control_box/package.dsv
[21.121s] -- Up-to-date symlink: /home/kuka/kuka_ws/install/kuka_control_box/share/ament_index/resource_index/packages/kuka_control_box
[21.122s] -- Up-to-date symlink: /home/kuka/kuka_ws/install/kuka_control_box/share/kuka_control_box/cmake/ament_cmake_export_dependencies-extras.cmake
[21.122s] -- Up-to-date symlink: /home/kuka/kuka_ws/install/kuka_control_box/share/kuka_control_box/cmake/kuka_control_boxConfig.cmake
[21.122s] -- Up-to-date symlink: /home/kuka/kuka_ws/install/kuka_control_box/share/kuka_control_box/cmake/kuka_control_boxConfig-version.cmake
[21.124s] -- Up-to-date symlink: /home/kuka/kuka_ws/install/kuka_control_box/share/kuka_control_box/package.xml
[21.128s] Invoked command in '/home/kuka/kuka_ws/build/kuka_control_box' returned '0': CMAKE_PREFIX_PATH=${CMAKE_PREFIX_PATH}:/opt/ros/humble /usr/bin/cmake --install /home/kuka/kuka_ws/build/kuka_control_box
